[2024-06-04T12:37:09.637+0000] {local_task_job_runner.py:120} INFO - ::group::Pre task execution logs
[2024-06-04T12:37:09.761+0000] {taskinstance.py:2076} INFO - Dependencies all met for dep_context=non-requeueable deps ti=<TaskInstance: dag_ETL_weather.extract_weather_data_origin scheduled__2024-05-24T00:25:00+00:00 [queued]>
[2024-06-04T12:37:09.824+0000] {taskinstance.py:2076} INFO - Dependencies all met for dep_context=requeueable deps ti=<TaskInstance: dag_ETL_weather.extract_weather_data_origin scheduled__2024-05-24T00:25:00+00:00 [queued]>
[2024-06-04T12:37:09.826+0000] {taskinstance.py:2306} INFO - Starting attempt 1 of 4
[2024-06-04T12:37:09.890+0000] {taskinstance.py:2330} INFO - Executing <Task(SimpleHttpOperator): extract_weather_data_origin> on 2024-05-24 00:25:00+00:00
[2024-06-04T12:37:09.919+0000] {warnings.py:110} WARNING - /home/***/.local/lib/python3.12/site-packages/***/task/task_runner/standard_task_runner.py:61: DeprecationWarning: This process (pid=308) is multi-threaded, use of fork() may lead to deadlocks in the child.
  pid = os.fork()

[2024-06-04T12:37:09.930+0000] {standard_task_runner.py:63} INFO - Started process 325 to run task
[2024-06-04T12:37:09.943+0000] {standard_task_runner.py:90} INFO - Running: ['***', 'tasks', 'run', 'dag_ETL_weather', 'extract_weather_data_origin', 'scheduled__2024-05-24T00:25:00+00:00', '--job-id', '24', '--raw', '--subdir', 'DAGS_FOLDER/dag_ETL_weather.py', '--cfg-path', '/tmp/tmpvh44rh4g']
[2024-06-04T12:37:09.948+0000] {standard_task_runner.py:91} INFO - Job 24: Subtask extract_weather_data_origin
[2024-06-04T12:37:10.276+0000] {task_command.py:426} INFO - Running <TaskInstance: dag_ETL_weather.extract_weather_data_origin scheduled__2024-05-24T00:25:00+00:00 [running]> on host cb1b576ccea9
[2024-06-04T12:37:12.286+0000] {taskinstance.py:2648} INFO - Exporting env vars: AIRFLOW_CTX_DAG_OWNER='Matheus' AIRFLOW_CTX_DAG_ID='dag_ETL_weather' AIRFLOW_CTX_TASK_ID='extract_weather_data_origin' AIRFLOW_CTX_EXECUTION_DATE='2024-05-24T00:25:00+00:00' AIRFLOW_CTX_TRY_NUMBER='1' AIRFLOW_CTX_DAG_RUN_ID='scheduled__2024-05-24T00:25:00+00:00'
[2024-06-04T12:37:12.357+0000] {taskinstance.py:430} INFO - ::endgroup::
[2024-06-04T12:37:12.387+0000] {http.py:169} INFO - Calling HTTP method
[2024-06-04T12:37:12.953+0000] {base.py:84} INFO - Using connection ID 'weathermap_api' for task execution.
[2024-06-04T12:37:13.134+0000] {base.py:84} INFO - Using connection ID 'weathermap_api' for task execution.
[2024-06-04T12:37:19.342+0000] {http.py:208} INFO - {"coord":{"lon":-43.34,"lat":-21.78},"weather":[{"id":800,"main":"Clear","description":"clear sky","icon":"01d"}],"base":"stations","main":{"temp":293.65,"feels_like":294.08,"temp_min":293.65,"temp_max":293.65,"pressure":945,"humidity":89},"visibility":10000,"wind":{"speed":2.95,"deg":196,"gust":3.8},"clouds":{"all":5},"dt":1717504633,"sys":{"type":2,"id":2020152,"country":"BR","sunrise":1717493166,"sunset":1717532264},"timezone":-10800,"id":3459505,"name":"Juiz de Fora","cod":200}
[2024-06-04T12:37:19.378+0000] {taskinstance.py:441} INFO - ::group::Post task execution logs
[2024-06-04T12:37:21.767+0000] {taskinstance.py:1206} INFO - Marking task as SUCCESS. dag_id=dag_ETL_weather, task_id=extract_weather_data_origin, run_id=scheduled__2024-05-24T00:25:00+00:00, execution_date=20240524T002500, start_date=20240604T123709, end_date=20240604T123721
[2024-06-04T12:37:31.750+0000] {local_task_job_runner.py:240} INFO - Task exited with return code 0
[2024-06-04T12:37:32.477+0000] {warnings.py:110} WARNING - /home/***/.local/lib/python3.12/site-packages/***/models/baseoperator.py:1296: AirflowProviderDeprecationWarning: Call to deprecated class SimpleHttpOperator. (Class `SimpleHttpOperator` is deprecated and will be removed in a future release. Please use `HttpOperator` instead.)
  result = cls.__new__(cls)

[2024-06-04T12:37:32.602+0000] {taskinstance.py:3498} INFO - 1 downstream tasks scheduled from follow-on schedule check
[2024-06-04T12:37:32.622+0000] {local_task_job_runner.py:222} INFO - ::endgroup::
