[2024-06-04T15:14:31.288+0000] {local_task_job_runner.py:120} INFO - ::group::Pre task execution logs
[2024-06-04T15:14:31.495+0000] {taskinstance.py:2076} INFO - Dependencies all met for dep_context=non-requeueable deps ti=<TaskInstance: create_tables.task_create_tb_directions scheduled__2024-06-04T00:00:00+00:00 [queued]>
[2024-06-04T15:14:31.564+0000] {taskinstance.py:2076} INFO - Dependencies all met for dep_context=requeueable deps ti=<TaskInstance: create_tables.task_create_tb_directions scheduled__2024-06-04T00:00:00+00:00 [queued]>
[2024-06-04T15:14:31.566+0000] {taskinstance.py:2306} INFO - Starting attempt 1 of 2
[2024-06-04T15:14:31.643+0000] {taskinstance.py:2330} INFO - Executing <Task(PostgresOperator): task_create_tb_directions> on 2024-06-04 00:00:00+00:00
[2024-06-04T15:14:31.680+0000] {warnings.py:110} WARNING - /home/***/.local/lib/python3.12/site-packages/***/task/task_runner/standard_task_runner.py:61: DeprecationWarning: This process (pid=393) is multi-threaded, use of fork() may lead to deadlocks in the child.
  pid = os.fork()

[2024-06-04T15:14:31.689+0000] {standard_task_runner.py:63} INFO - Started process 405 to run task
[2024-06-04T15:14:31.690+0000] {standard_task_runner.py:90} INFO - Running: ['***', 'tasks', 'run', 'create_tables', 'task_create_tb_directions', 'scheduled__2024-06-04T00:00:00+00:00', '--job-id', '47', '--raw', '--subdir', 'DAGS_FOLDER/create_tables.py', '--cfg-path', '/tmp/tmpex6avm7d']
[2024-06-04T15:14:31.699+0000] {standard_task_runner.py:91} INFO - Job 47: Subtask task_create_tb_directions
[2024-06-04T15:14:31.952+0000] {task_command.py:426} INFO - Running <TaskInstance: create_tables.task_create_tb_directions scheduled__2024-06-04T00:00:00+00:00 [running]> on host 6b740a15ab9e
[2024-06-04T15:14:32.588+0000] {taskinstance.py:2648} INFO - Exporting env vars: AIRFLOW_CTX_DAG_OWNER='Matheus' AIRFLOW_CTX_DAG_ID='create_tables' AIRFLOW_CTX_TASK_ID='task_create_tb_directions' AIRFLOW_CTX_EXECUTION_DATE='2024-06-04T00:00:00+00:00' AIRFLOW_CTX_TRY_NUMBER='1' AIRFLOW_CTX_DAG_RUN_ID='scheduled__2024-06-04T00:00:00+00:00'
[2024-06-04T15:14:32.602+0000] {taskinstance.py:430} INFO - ::endgroup::
[2024-06-04T15:14:32.606+0000] {sql.py:276} INFO - Executing: 
CREATE TABLE IF NOT EXISTS tb_directions 
(Travel_distance integer NOT NULL,
 Travel_duration integer NOT NULL,
 Destination VARCHAR(300) NOT NULL,
 Origin VARCHAR(300) NOT NULL,
 Summary_highway VARCHAR(250) NOT NULL,
 Time timestamp without time zone NOT NULL
 );
 
[2024-06-04T15:14:32.648+0000] {base.py:84} INFO - Using connection ID 'postgres_conn' for task execution.
[2024-06-04T15:14:32.759+0000] {base.py:84} INFO - Using connection ID 'postgres_conn' for task execution.
[2024-06-04T15:14:34.366+0000] {sql.py:470} INFO - Running statement: 
CREATE TABLE IF NOT EXISTS tb_directions 
(Travel_distance integer NOT NULL,
 Travel_duration integer NOT NULL,
 Destination VARCHAR(300) NOT NULL,
 Origin VARCHAR(300) NOT NULL,
 Summary_highway VARCHAR(250) NOT NULL,
 Time timestamp without time zone NOT NULL
 );
 , parameters: None
[2024-06-04T15:14:36.574+0000] {taskinstance.py:441} INFO - ::group::Post task execution logs
[2024-06-04T15:14:36.710+0000] {taskinstance.py:1206} INFO - Marking task as SUCCESS. dag_id=create_tables, task_id=task_create_tb_directions, run_id=scheduled__2024-06-04T00:00:00+00:00, execution_date=20240604T000000, start_date=20240604T151431, end_date=20240604T151436
[2024-06-04T15:14:36.859+0000] {local_task_job_runner.py:240} INFO - Task exited with return code 0
[2024-06-04T15:14:36.989+0000] {warnings.py:110} WARNING - /home/***/.local/lib/python3.12/site-packages/***/models/baseoperator.py:1296: AirflowProviderDeprecationWarning: Call to deprecated class PostgresOperator. (Please use `***.providers.common.sql.operators.sql.SQLExecuteQueryOperator`.Also, you can provide `hook_params={'schema': <database>}`.)
  result = cls.__new__(cls)

[2024-06-04T15:14:37.072+0000] {taskinstance.py:3498} INFO - 1 downstream tasks scheduled from follow-on schedule check
[2024-06-04T15:14:37.095+0000] {local_task_job_runner.py:222} INFO - ::endgroup::
