[2024-06-04T15:16:39.316+0000] {local_task_job_runner.py:120} INFO - ::group::Pre task execution logs
[2024-06-04T15:16:39.350+0000] {taskinstance.py:2076} INFO - Dependencies all met for dep_context=non-requeueable deps ti=<TaskInstance: create_tables.task_create_tb_directions manual__2024-06-04T15:14:08.245095+00:00 [queued]>
[2024-06-04T15:16:39.359+0000] {taskinstance.py:2076} INFO - Dependencies all met for dep_context=requeueable deps ti=<TaskInstance: create_tables.task_create_tb_directions manual__2024-06-04T15:14:08.245095+00:00 [queued]>
[2024-06-04T15:16:39.361+0000] {taskinstance.py:2306} INFO - Starting attempt 2 of 2
[2024-06-04T15:16:39.377+0000] {taskinstance.py:2330} INFO - Executing <Task(PostgresOperator): task_create_tb_directions> on 2024-06-04 15:14:08.245095+00:00
[2024-06-04T15:16:39.385+0000] {warnings.py:110} WARNING - /home/***/.local/lib/python3.12/site-packages/***/task/task_runner/standard_task_runner.py:61: DeprecationWarning: This process (pid=431) is multi-threaded, use of fork() may lead to deadlocks in the child.
  pid = os.fork()

[2024-06-04T15:16:39.389+0000] {standard_task_runner.py:63} INFO - Started process 433 to run task
[2024-06-04T15:16:39.387+0000] {standard_task_runner.py:90} INFO - Running: ['***', 'tasks', 'run', 'create_tables', 'task_create_tb_directions', 'manual__2024-06-04T15:14:08.245095+00:00', '--job-id', '49', '--raw', '--subdir', 'DAGS_FOLDER/create_tables.py', '--cfg-path', '/tmp/tmpt1kqsr5f']
[2024-06-04T15:16:39.391+0000] {standard_task_runner.py:91} INFO - Job 49: Subtask task_create_tb_directions
[2024-06-04T15:16:39.472+0000] {task_command.py:426} INFO - Running <TaskInstance: create_tables.task_create_tb_directions manual__2024-06-04T15:14:08.245095+00:00 [running]> on host 6b740a15ab9e
[2024-06-04T15:16:39.611+0000] {taskinstance.py:2648} INFO - Exporting env vars: AIRFLOW_CTX_DAG_OWNER='Matheus' AIRFLOW_CTX_DAG_ID='create_tables' AIRFLOW_CTX_TASK_ID='task_create_tb_directions' AIRFLOW_CTX_EXECUTION_DATE='2024-06-04T15:14:08.245095+00:00' AIRFLOW_CTX_TRY_NUMBER='2' AIRFLOW_CTX_DAG_RUN_ID='manual__2024-06-04T15:14:08.245095+00:00'
[2024-06-04T15:16:39.614+0000] {taskinstance.py:430} INFO - ::endgroup::
[2024-06-04T15:16:39.615+0000] {sql.py:276} INFO - Executing: 
CREATE TABLE IF NOT EXISTS tb_directions 
(Travel_distance integer NOT NULL,
 Travel_duration integer NOT NULL,
 Destination VARCHAR(300) NOT NULL,
 Origin VARCHAR(300) NOT NULL,
 Summary_highway VARCHAR(250) NOT NULL,
 Time timestamp without time zone NOT NULL
 );
 
[2024-06-04T15:16:39.627+0000] {base.py:84} INFO - Using connection ID 'postgres_conn' for task execution.
[2024-06-04T15:16:39.644+0000] {base.py:84} INFO - Using connection ID 'postgres_conn' for task execution.
[2024-06-04T15:16:39.730+0000] {sql.py:470} INFO - Running statement: 
CREATE TABLE IF NOT EXISTS tb_directions 
(Travel_distance integer NOT NULL,
 Travel_duration integer NOT NULL,
 Destination VARCHAR(300) NOT NULL,
 Origin VARCHAR(300) NOT NULL,
 Summary_highway VARCHAR(250) NOT NULL,
 Time timestamp without time zone NOT NULL
 );
 , parameters: None
[2024-06-04T15:16:39.747+0000] {taskinstance.py:441} INFO - ::group::Post task execution logs
[2024-06-04T15:16:39.797+0000] {taskinstance.py:1206} INFO - Marking task as SUCCESS. dag_id=create_tables, task_id=task_create_tb_directions, run_id=manual__2024-06-04T15:14:08.245095+00:00, execution_date=20240604T151408, start_date=20240604T151639, end_date=20240604T151639
[2024-06-04T15:16:39.847+0000] {local_task_job_runner.py:240} INFO - Task exited with return code 0
[2024-06-04T15:16:39.871+0000] {warnings.py:110} WARNING - /home/***/.local/lib/python3.12/site-packages/***/models/baseoperator.py:1296: AirflowProviderDeprecationWarning: Call to deprecated class PostgresOperator. (Please use `***.providers.common.sql.operators.sql.SQLExecuteQueryOperator`.Also, you can provide `hook_params={'schema': <database>}`.)
  result = cls.__new__(cls)

[2024-06-04T15:16:39.885+0000] {taskinstance.py:3498} INFO - 1 downstream tasks scheduled from follow-on schedule check
[2024-06-04T15:16:39.887+0000] {local_task_job_runner.py:222} INFO - ::endgroup::
