[2024-06-04T18:39:17.521+0000] {local_task_job_runner.py:120} INFO - ::group::Pre task execution logs
[2024-06-04T18:39:17.587+0000] {taskinstance.py:2076} INFO - Dependencies all met for dep_context=non-requeueable deps ti=<TaskInstance: dag_ETL_weather.extract_weather_data_destiny manual__2024-06-04T18:38:47.359949+00:00 [queued]>
[2024-06-04T18:39:17.617+0000] {taskinstance.py:2076} INFO - Dependencies all met for dep_context=requeueable deps ti=<TaskInstance: dag_ETL_weather.extract_weather_data_destiny manual__2024-06-04T18:38:47.359949+00:00 [queued]>
[2024-06-04T18:39:17.620+0000] {taskinstance.py:2306} INFO - Starting attempt 1 of 4
[2024-06-04T18:39:17.667+0000] {taskinstance.py:2330} INFO - Executing <Task(SimpleHttpOperator): extract_weather_data_destiny> on 2024-06-04 18:38:47.359949+00:00
[2024-06-04T18:39:17.712+0000] {warnings.py:110} WARNING - /home/***/.local/lib/python3.12/site-packages/***/task/task_runner/standard_task_runner.py:61: DeprecationWarning: This process (pid=622) is multi-threaded, use of fork() may lead to deadlocks in the child.
  pid = os.fork()

[2024-06-04T18:39:17.717+0000] {standard_task_runner.py:63} INFO - Started process 631 to run task
[2024-06-04T18:39:17.717+0000] {standard_task_runner.py:90} INFO - Running: ['***', 'tasks', 'run', 'dag_ETL_weather', 'extract_weather_data_destiny', 'manual__2024-06-04T18:38:47.359949+00:00', '--job-id', '137', '--raw', '--subdir', 'DAGS_FOLDER/dag_ETL_weather.py', '--cfg-path', '/tmp/tmp5n4vk9l2']
[2024-06-04T18:39:17.729+0000] {standard_task_runner.py:91} INFO - Job 137: Subtask extract_weather_data_destiny
[2024-06-04T18:39:17.899+0000] {task_command.py:426} INFO - Running <TaskInstance: dag_ETL_weather.extract_weather_data_destiny manual__2024-06-04T18:38:47.359949+00:00 [running]> on host 6b740a15ab9e
[2024-06-04T18:39:18.245+0000] {taskinstance.py:2648} INFO - Exporting env vars: AIRFLOW_CTX_DAG_OWNER='Matheus' AIRFLOW_CTX_DAG_ID='dag_ETL_weather' AIRFLOW_CTX_TASK_ID='extract_weather_data_destiny' AIRFLOW_CTX_EXECUTION_DATE='2024-06-04T18:38:47.359949+00:00' AIRFLOW_CTX_TRY_NUMBER='1' AIRFLOW_CTX_DAG_RUN_ID='manual__2024-06-04T18:38:47.359949+00:00'
[2024-06-04T18:39:18.250+0000] {taskinstance.py:430} INFO - ::endgroup::
[2024-06-04T18:39:18.252+0000] {http.py:169} INFO - Calling HTTP method
[2024-06-04T18:39:18.279+0000] {base.py:84} INFO - Using connection ID 'weathermap_api' for task execution.
[2024-06-04T18:39:18.304+0000] {base.py:84} INFO - Using connection ID 'weathermap_api' for task execution.
[2024-06-04T18:39:19.026+0000] {http.py:208} INFO - {"coord":{"lon":-43.2075,"lat":-22.9028},"weather":[{"id":803,"main":"Clouds","description":"broken clouds","icon":"04d"}],"base":"stations","main":{"temp":297.14,"feels_like":297.63,"temp_min":297.13,"temp_max":298.12,"pressure":1021,"humidity":78},"visibility":9000,"wind":{"speed":7.2,"deg":190},"clouds":{"all":75},"dt":1717526269,"sys":{"type":1,"id":8429,"country":"BR","sunrise":1717493264,"sunset":1717532102},"timezone":-10800,"id":3451190,"name":"Rio de Janeiro","cod":200}
[2024-06-04T18:39:19.034+0000] {taskinstance.py:441} INFO - ::group::Post task execution logs
[2024-06-04T18:39:19.154+0000] {taskinstance.py:1206} INFO - Marking task as SUCCESS. dag_id=dag_ETL_weather, task_id=extract_weather_data_destiny, run_id=manual__2024-06-04T18:38:47.359949+00:00, execution_date=20240604T183847, start_date=20240604T183917, end_date=20240604T183919
[2024-06-04T18:39:19.260+0000] {local_task_job_runner.py:240} INFO - Task exited with return code 0
[2024-06-04T18:39:19.353+0000] {warnings.py:110} WARNING - /home/***/.local/lib/python3.12/site-packages/***/models/baseoperator.py:1296: AirflowProviderDeprecationWarning: Call to deprecated class SimpleHttpOperator. (Class `SimpleHttpOperator` is deprecated and will be removed in a future release. Please use `HttpOperator` instead.)
  result = cls.__new__(cls)

[2024-06-04T18:39:19.411+0000] {taskinstance.py:3498} INFO - 0 downstream tasks scheduled from follow-on schedule check
[2024-06-04T18:39:19.419+0000] {local_task_job_runner.py:222} INFO - ::endgroup::
