[2024-06-04T18:29:31.466+0000] {local_task_job_runner.py:120} INFO - ::group::Pre task execution logs
[2024-06-04T18:29:31.545+0000] {taskinstance.py:2076} INFO - Dependencies all met for dep_context=non-requeueable deps ti=<TaskInstance: dag_ETL_weather.extract_weather_data_destiny manual__2024-06-04T18:29:09.388007+00:00 [queued]>
[2024-06-04T18:29:31.561+0000] {taskinstance.py:2076} INFO - Dependencies all met for dep_context=requeueable deps ti=<TaskInstance: dag_ETL_weather.extract_weather_data_destiny manual__2024-06-04T18:29:09.388007+00:00 [queued]>
[2024-06-04T18:29:31.562+0000] {taskinstance.py:2306} INFO - Starting attempt 1 of 4
[2024-06-04T18:29:31.587+0000] {taskinstance.py:2330} INFO - Executing <Task(SimpleHttpOperator): extract_weather_data_destiny> on 2024-06-04 18:29:09.388007+00:00
[2024-06-04T18:29:31.604+0000] {warnings.py:110} WARNING - /home/***/.local/lib/python3.12/site-packages/***/task/task_runner/standard_task_runner.py:61: DeprecationWarning: This process (pid=505) is multi-threaded, use of fork() may lead to deadlocks in the child.
  pid = os.fork()

[2024-06-04T18:29:31.606+0000] {standard_task_runner.py:90} INFO - Running: ['***', 'tasks', 'run', 'dag_ETL_weather', 'extract_weather_data_destiny', 'manual__2024-06-04T18:29:09.388007+00:00', '--job-id', '129', '--raw', '--subdir', 'DAGS_FOLDER/dag_ETL_weather.py', '--cfg-path', '/tmp/tmpzmlndh5w']
[2024-06-04T18:29:31.608+0000] {standard_task_runner.py:63} INFO - Started process 507 to run task
[2024-06-04T18:29:31.609+0000] {standard_task_runner.py:91} INFO - Job 129: Subtask extract_weather_data_destiny
[2024-06-04T18:29:31.733+0000] {task_command.py:426} INFO - Running <TaskInstance: dag_ETL_weather.extract_weather_data_destiny manual__2024-06-04T18:29:09.388007+00:00 [running]> on host 6b740a15ab9e
[2024-06-04T18:29:31.853+0000] {taskinstance.py:2648} INFO - Exporting env vars: AIRFLOW_CTX_DAG_OWNER='Matheus' AIRFLOW_CTX_DAG_ID='dag_ETL_weather' AIRFLOW_CTX_TASK_ID='extract_weather_data_destiny' AIRFLOW_CTX_EXECUTION_DATE='2024-06-04T18:29:09.388007+00:00' AIRFLOW_CTX_TRY_NUMBER='1' AIRFLOW_CTX_DAG_RUN_ID='manual__2024-06-04T18:29:09.388007+00:00'
[2024-06-04T18:29:31.855+0000] {taskinstance.py:430} INFO - ::endgroup::
[2024-06-04T18:29:31.856+0000] {http.py:169} INFO - Calling HTTP method
[2024-06-04T18:29:31.867+0000] {base.py:84} INFO - Using connection ID 'weathermap_api' for task execution.
[2024-06-04T18:29:31.878+0000] {base.py:84} INFO - Using connection ID 'weathermap_api' for task execution.
[2024-06-04T18:29:32.391+0000] {http.py:208} INFO - {"coord":{"lon":-47.9297,"lat":-15.7797},"weather":[{"id":801,"main":"Clouds","description":"few clouds","icon":"02d"}],"base":"stations","main":{"temp":298.66,"feels_like":298.34,"temp_min":298.5,"temp_max":298.66,"pressure":1021,"humidity":41},"visibility":10000,"wind":{"speed":3.09,"deg":100},"clouds":{"all":20},"dt":1717525437,"sys":{"type":1,"id":8336,"country":"BR","sunrise":1717493604,"sunset":1717534029},"timezone":-10800,"id":3469058,"name":"Brasília","cod":200}
[2024-06-04T18:29:32.395+0000] {taskinstance.py:441} INFO - ::group::Post task execution logs
[2024-06-04T18:29:32.436+0000] {taskinstance.py:1206} INFO - Marking task as SUCCESS. dag_id=dag_ETL_weather, task_id=extract_weather_data_destiny, run_id=manual__2024-06-04T18:29:09.388007+00:00, execution_date=20240604T182909, start_date=20240604T182931, end_date=20240604T182932
[2024-06-04T18:29:32.469+0000] {local_task_job_runner.py:240} INFO - Task exited with return code 0
[2024-06-04T18:29:32.484+0000] {warnings.py:110} WARNING - /home/***/.local/lib/python3.12/site-packages/***/models/baseoperator.py:1296: AirflowProviderDeprecationWarning: Call to deprecated class SimpleHttpOperator. (Class `SimpleHttpOperator` is deprecated and will be removed in a future release. Please use `HttpOperator` instead.)
  result = cls.__new__(cls)

[2024-06-04T18:29:32.499+0000] {taskinstance.py:3498} INFO - 1 downstream tasks scheduled from follow-on schedule check
[2024-06-04T18:29:32.503+0000] {local_task_job_runner.py:222} INFO - ::endgroup::
