[2024-06-04T18:09:29.828+0000] {local_task_job_runner.py:120} INFO - ::group::Pre task execution logs
[2024-06-04T18:09:29.886+0000] {taskinstance.py:2076} INFO - Dependencies all met for dep_context=non-requeueable deps ti=<TaskInstance: dag_ETL_weather.extract_weather_data_destiny manual__2024-06-04T18:09:13.714324+00:00 [queued]>
[2024-06-04T18:09:29.910+0000] {taskinstance.py:2076} INFO - Dependencies all met for dep_context=requeueable deps ti=<TaskInstance: dag_ETL_weather.extract_weather_data_destiny manual__2024-06-04T18:09:13.714324+00:00 [queued]>
[2024-06-04T18:09:29.912+0000] {taskinstance.py:2306} INFO - Starting attempt 1 of 4
[2024-06-04T18:09:29.954+0000] {taskinstance.py:2330} INFO - Executing <Task(SimpleHttpOperator): extract_weather_data_destiny> on 2024-06-04 18:09:13.714324+00:00
[2024-06-04T18:09:29.973+0000] {warnings.py:110} WARNING - /home/***/.local/lib/python3.12/site-packages/***/task/task_runner/standard_task_runner.py:61: DeprecationWarning: This process (pid=146) is multi-threaded, use of fork() may lead to deadlocks in the child.
  pid = os.fork()

[2024-06-04T18:09:29.978+0000] {standard_task_runner.py:63} INFO - Started process 155 to run task
[2024-06-04T18:09:29.981+0000] {standard_task_runner.py:90} INFO - Running: ['***', 'tasks', 'run', 'dag_ETL_weather', 'extract_weather_data_destiny', 'manual__2024-06-04T18:09:13.714324+00:00', '--job-id', '89', '--raw', '--subdir', 'DAGS_FOLDER/dag_ETL_weather.py', '--cfg-path', '/tmp/tmply_wl0bm']
[2024-06-04T18:09:29.987+0000] {standard_task_runner.py:91} INFO - Job 89: Subtask extract_weather_data_destiny
[2024-06-04T18:09:30.132+0000] {task_command.py:426} INFO - Running <TaskInstance: dag_ETL_weather.extract_weather_data_destiny manual__2024-06-04T18:09:13.714324+00:00 [running]> on host 6b740a15ab9e
[2024-06-04T18:09:30.388+0000] {taskinstance.py:2648} INFO - Exporting env vars: AIRFLOW_CTX_DAG_OWNER='Matheus' AIRFLOW_CTX_DAG_ID='dag_ETL_weather' AIRFLOW_CTX_TASK_ID='extract_weather_data_destiny' AIRFLOW_CTX_EXECUTION_DATE='2024-06-04T18:09:13.714324+00:00' AIRFLOW_CTX_TRY_NUMBER='1' AIRFLOW_CTX_DAG_RUN_ID='manual__2024-06-04T18:09:13.714324+00:00'
[2024-06-04T18:09:30.393+0000] {taskinstance.py:430} INFO - ::endgroup::
[2024-06-04T18:09:30.394+0000] {http.py:169} INFO - Calling HTTP method
[2024-06-04T18:09:30.423+0000] {base.py:84} INFO - Using connection ID 'weathermap_api' for task execution.
[2024-06-04T18:09:30.455+0000] {base.py:84} INFO - Using connection ID 'weathermap_api' for task execution.
[2024-06-04T18:09:30.995+0000] {http.py:208} INFO - {"coord":{"lon":-43.3194,"lat":-21.8692},"weather":[{"id":800,"main":"Clear","description":"clear sky","icon":"01d"}],"base":"stations","main":{"temp":297.5,"feels_like":297.37,"temp_min":297.5,"temp_max":297.5,"pressure":1020,"humidity":53,"sea_level":1020,"grnd_level":947},"visibility":10000,"wind":{"speed":2.79,"deg":210,"gust":2.8},"clouds":{"all":1},"dt":1717524521,"sys":{"country":"BR","sunrise":1717493171,"sunset":1717532249},"timezone":-10800,"id":3457479,"name":"Matias Barbosa","cod":200}
[2024-06-04T18:09:31.018+0000] {taskinstance.py:441} INFO - ::group::Post task execution logs
[2024-06-04T18:09:31.084+0000] {taskinstance.py:1206} INFO - Marking task as SUCCESS. dag_id=dag_ETL_weather, task_id=extract_weather_data_destiny, run_id=manual__2024-06-04T18:09:13.714324+00:00, execution_date=20240604T180913, start_date=20240604T180929, end_date=20240604T180931
[2024-06-04T18:09:31.129+0000] {local_task_job_runner.py:240} INFO - Task exited with return code 0
[2024-06-04T18:09:31.148+0000] {warnings.py:110} WARNING - /home/***/.local/lib/python3.12/site-packages/***/models/baseoperator.py:1296: AirflowProviderDeprecationWarning: Call to deprecated class SimpleHttpOperator. (Class `SimpleHttpOperator` is deprecated and will be removed in a future release. Please use `HttpOperator` instead.)
  result = cls.__new__(cls)

[2024-06-04T18:09:31.185+0000] {taskinstance.py:3498} INFO - 1 downstream tasks scheduled from follow-on schedule check
[2024-06-04T18:09:31.188+0000] {local_task_job_runner.py:222} INFO - ::endgroup::
