[2024-06-04T18:09:08.388+0000] {local_task_job_runner.py:120} INFO - ::group::Pre task execution logs
[2024-06-04T18:09:08.406+0000] {taskinstance.py:2076} INFO - Dependencies all met for dep_context=non-requeueable deps ti=<TaskInstance: dag_ETL_directions.transform_load_directions_data manual__2024-06-04T18:08:57.986951+00:00 [queued]>
[2024-06-04T18:09:08.416+0000] {taskinstance.py:2076} INFO - Dependencies all met for dep_context=requeueable deps ti=<TaskInstance: dag_ETL_directions.transform_load_directions_data manual__2024-06-04T18:08:57.986951+00:00 [queued]>
[2024-06-04T18:09:08.417+0000] {taskinstance.py:2306} INFO - Starting attempt 1 of 4
[2024-06-04T18:09:08.432+0000] {taskinstance.py:2330} INFO - Executing <Task(PythonOperator): transform_load_directions_data> on 2024-06-04 18:08:57.986951+00:00
[2024-06-04T18:09:08.440+0000] {warnings.py:110} WARNING - /home/***/.local/lib/python3.12/site-packages/***/task/task_runner/standard_task_runner.py:61: DeprecationWarning: This process (pid=134) is multi-threaded, use of fork() may lead to deadlocks in the child.
  pid = os.fork()

[2024-06-04T18:09:08.443+0000] {standard_task_runner.py:63} INFO - Started process 136 to run task
[2024-06-04T18:09:08.443+0000] {standard_task_runner.py:90} INFO - Running: ['***', 'tasks', 'run', 'dag_ETL_directions', 'transform_load_directions_data', 'manual__2024-06-04T18:08:57.986951+00:00', '--job-id', '85', '--raw', '--subdir', 'DAGS_FOLDER/dag_ETL_directions.py', '--cfg-path', '/tmp/tmpnlyjr53s']
[2024-06-04T18:09:08.445+0000] {standard_task_runner.py:91} INFO - Job 85: Subtask transform_load_directions_data
[2024-06-04T18:09:08.497+0000] {task_command.py:426} INFO - Running <TaskInstance: dag_ETL_directions.transform_load_directions_data manual__2024-06-04T18:08:57.986951+00:00 [running]> on host 6b740a15ab9e
[2024-06-04T18:09:08.599+0000] {taskinstance.py:2648} INFO - Exporting env vars: AIRFLOW_CTX_DAG_OWNER='Matheus' AIRFLOW_CTX_DAG_ID='dag_ETL_directions' AIRFLOW_CTX_TASK_ID='transform_load_directions_data' AIRFLOW_CTX_EXECUTION_DATE='2024-06-04T18:08:57.986951+00:00' AIRFLOW_CTX_TRY_NUMBER='1' AIRFLOW_CTX_DAG_RUN_ID='manual__2024-06-04T18:08:57.986951+00:00'
[2024-06-04T18:09:08.601+0000] {taskinstance.py:430} INFO - ::endgroup::
[2024-06-04T18:09:08.625+0000] {base.py:84} INFO - Using connection ID 'postgres_conn' for task execution.
[2024-06-04T18:09:08.712+0000] {python.py:237} INFO - Done. Returned value was: None
[2024-06-04T18:09:08.715+0000] {taskinstance.py:441} INFO - ::group::Post task execution logs
[2024-06-04T18:09:08.726+0000] {taskinstance.py:1206} INFO - Marking task as SUCCESS. dag_id=dag_ETL_directions, task_id=transform_load_directions_data, run_id=manual__2024-06-04T18:08:57.986951+00:00, execution_date=20240604T180857, start_date=20240604T180908, end_date=20240604T180908
[2024-06-04T18:09:08.779+0000] {local_task_job_runner.py:240} INFO - Task exited with return code 0
[2024-06-04T18:09:08.796+0000] {taskinstance.py:3498} INFO - 0 downstream tasks scheduled from follow-on schedule check
[2024-06-04T18:09:08.799+0000] {local_task_job_runner.py:222} INFO - ::endgroup::
