[2024-06-04T18:20:42.251+0000] {local_task_job_runner.py:120} INFO - ::group::Pre task execution logs
[2024-06-04T18:20:42.292+0000] {taskinstance.py:2076} INFO - Dependencies all met for dep_context=non-requeueable deps ti=<TaskInstance: dag_ETL_directions.transform_load_directions_data manual__2024-06-04T18:20:25.401148+00:00 [queued]>
[2024-06-04T18:20:42.314+0000] {taskinstance.py:2076} INFO - Dependencies all met for dep_context=requeueable deps ti=<TaskInstance: dag_ETL_directions.transform_load_directions_data manual__2024-06-04T18:20:25.401148+00:00 [queued]>
[2024-06-04T18:20:42.317+0000] {taskinstance.py:2306} INFO - Starting attempt 1 of 4
[2024-06-04T18:20:42.365+0000] {taskinstance.py:2330} INFO - Executing <Task(PythonOperator): transform_load_directions_data> on 2024-06-04 18:20:25.401148+00:00
[2024-06-04T18:20:42.387+0000] {warnings.py:110} WARNING - /home/***/.local/lib/python3.12/site-packages/***/task/task_runner/standard_task_runner.py:61: DeprecationWarning: This process (pid=324) is multi-threaded, use of fork() may lead to deadlocks in the child.
  pid = os.fork()

[2024-06-04T18:20:42.392+0000] {standard_task_runner.py:63} INFO - Started process 326 to run task
[2024-06-04T18:20:42.393+0000] {standard_task_runner.py:90} INFO - Running: ['***', 'tasks', 'run', 'dag_ETL_directions', 'transform_load_directions_data', 'manual__2024-06-04T18:20:25.401148+00:00', '--job-id', '104', '--raw', '--subdir', 'DAGS_FOLDER/dag_ETL_directions.py', '--cfg-path', '/tmp/tmpnurt5rdq']
[2024-06-04T18:20:42.398+0000] {standard_task_runner.py:91} INFO - Job 104: Subtask transform_load_directions_data
[2024-06-04T18:20:42.550+0000] {task_command.py:426} INFO - Running <TaskInstance: dag_ETL_directions.transform_load_directions_data manual__2024-06-04T18:20:25.401148+00:00 [running]> on host 6b740a15ab9e
[2024-06-04T18:20:42.687+0000] {taskinstance.py:2648} INFO - Exporting env vars: AIRFLOW_CTX_DAG_OWNER='Matheus' AIRFLOW_CTX_DAG_ID='dag_ETL_directions' AIRFLOW_CTX_TASK_ID='transform_load_directions_data' AIRFLOW_CTX_EXECUTION_DATE='2024-06-04T18:20:25.401148+00:00' AIRFLOW_CTX_TRY_NUMBER='1' AIRFLOW_CTX_DAG_RUN_ID='manual__2024-06-04T18:20:25.401148+00:00'
[2024-06-04T18:20:42.689+0000] {taskinstance.py:430} INFO - ::endgroup::
[2024-06-04T18:20:42.728+0000] {base.py:84} INFO - Using connection ID 'postgres_conn' for task execution.
[2024-06-04T18:20:42.893+0000] {python.py:237} INFO - Done. Returned value was: None
[2024-06-04T18:20:42.897+0000] {taskinstance.py:441} INFO - ::group::Post task execution logs
[2024-06-04T18:20:42.913+0000] {taskinstance.py:1206} INFO - Marking task as SUCCESS. dag_id=dag_ETL_directions, task_id=transform_load_directions_data, run_id=manual__2024-06-04T18:20:25.401148+00:00, execution_date=20240604T182025, start_date=20240604T182042, end_date=20240604T182042
[2024-06-04T18:20:42.972+0000] {local_task_job_runner.py:240} INFO - Task exited with return code 0
[2024-06-04T18:20:42.995+0000] {taskinstance.py:3498} INFO - 0 downstream tasks scheduled from follow-on schedule check
[2024-06-04T18:20:42.998+0000] {local_task_job_runner.py:222} INFO - ::endgroup::
