[2024-06-04T18:39:07.982+0000] {local_task_job_runner.py:120} INFO - ::group::Pre task execution logs
[2024-06-04T18:39:08.025+0000] {taskinstance.py:2076} INFO - Dependencies all met for dep_context=non-requeueable deps ti=<TaskInstance: dag_ETL_weather.weather_api_ready_destiny manual__2024-06-04T18:38:47.359949+00:00 [queued]>
[2024-06-04T18:39:08.045+0000] {taskinstance.py:2076} INFO - Dependencies all met for dep_context=requeueable deps ti=<TaskInstance: dag_ETL_weather.weather_api_ready_destiny manual__2024-06-04T18:38:47.359949+00:00 [queued]>
[2024-06-04T18:39:08.046+0000] {taskinstance.py:2306} INFO - Starting attempt 1 of 4
[2024-06-04T18:39:08.079+0000] {taskinstance.py:2330} INFO - Executing <Task(HttpSensor): weather_api_ready_destiny> on 2024-06-04 18:38:47.359949+00:00
[2024-06-04T18:39:08.098+0000] {warnings.py:110} WARNING - /home/***/.local/lib/python3.12/site-packages/***/task/task_runner/standard_task_runner.py:61: DeprecationWarning: This process (pid=619) is multi-threaded, use of fork() may lead to deadlocks in the child.
  pid = os.fork()

[2024-06-04T18:39:08.105+0000] {standard_task_runner.py:63} INFO - Started process 621 to run task
[2024-06-04T18:39:08.106+0000] {standard_task_runner.py:90} INFO - Running: ['***', 'tasks', 'run', 'dag_ETL_weather', 'weather_api_ready_destiny', 'manual__2024-06-04T18:38:47.359949+00:00', '--job-id', '136', '--raw', '--subdir', 'DAGS_FOLDER/dag_ETL_weather.py', '--cfg-path', '/tmp/tmp6mtusc8l']
[2024-06-04T18:39:08.109+0000] {standard_task_runner.py:91} INFO - Job 136: Subtask weather_api_ready_destiny
[2024-06-04T18:39:08.241+0000] {task_command.py:426} INFO - Running <TaskInstance: dag_ETL_weather.weather_api_ready_destiny manual__2024-06-04T18:38:47.359949+00:00 [running]> on host 6b740a15ab9e
[2024-06-04T18:39:08.558+0000] {taskinstance.py:2648} INFO - Exporting env vars: AIRFLOW_CTX_DAG_OWNER='Matheus' AIRFLOW_CTX_DAG_ID='dag_ETL_weather' AIRFLOW_CTX_TASK_ID='weather_api_ready_destiny' AIRFLOW_CTX_EXECUTION_DATE='2024-06-04T18:38:47.359949+00:00' AIRFLOW_CTX_TRY_NUMBER='1' AIRFLOW_CTX_DAG_RUN_ID='manual__2024-06-04T18:38:47.359949+00:00'
[2024-06-04T18:39:08.562+0000] {taskinstance.py:430} INFO - ::endgroup::
[2024-06-04T18:39:08.563+0000] {baseoperator.py:399} WARNING - HttpSensor.execute cannot be called outside TaskInstance!
[2024-06-04T18:39:08.565+0000] {http.py:137} INFO - Poking: /data/2.5/weather?q=Rio%20de%20Janeiro&appid=7a02546f64f1b21e9f2a742c236f852b
[2024-06-04T18:39:08.624+0000] {base.py:84} INFO - Using connection ID 'weathermap_api' for task execution.
[2024-06-04T18:39:09.477+0000] {base.py:294} INFO - Success criteria met. Exiting.
[2024-06-04T18:39:09.500+0000] {taskinstance.py:441} INFO - ::group::Post task execution logs
[2024-06-04T18:39:09.529+0000] {taskinstance.py:1206} INFO - Marking task as SUCCESS. dag_id=dag_ETL_weather, task_id=weather_api_ready_destiny, run_id=manual__2024-06-04T18:38:47.359949+00:00, execution_date=20240604T183847, start_date=20240604T183908, end_date=20240604T183909
[2024-06-04T18:39:09.614+0000] {local_task_job_runner.py:240} INFO - Task exited with return code 0
[2024-06-04T18:39:09.723+0000] {warnings.py:110} WARNING - /home/***/.local/lib/python3.12/site-packages/***/models/baseoperator.py:1296: AirflowProviderDeprecationWarning: Call to deprecated class SimpleHttpOperator. (Class `SimpleHttpOperator` is deprecated and will be removed in a future release. Please use `HttpOperator` instead.)
  result = cls.__new__(cls)

[2024-06-04T18:39:09.849+0000] {taskinstance.py:3498} INFO - 1 downstream tasks scheduled from follow-on schedule check
[2024-06-04T18:39:09.969+0000] {local_task_job_runner.py:222} INFO - ::endgroup::
