[2024-06-04T19:47:21.610+0000] {local_task_job_runner.py:120} INFO - ::group::Pre task execution logs
[2024-06-04T19:47:21.651+0000] {taskinstance.py:2076} INFO - Dependencies all met for dep_context=non-requeueable deps ti=<TaskInstance: dag_ETL_weather.extract_weather_data_destiny manual__2024-06-04T19:46:59.739811+00:00 [queued]>
[2024-06-04T19:47:21.677+0000] {taskinstance.py:2076} INFO - Dependencies all met for dep_context=requeueable deps ti=<TaskInstance: dag_ETL_weather.extract_weather_data_destiny manual__2024-06-04T19:46:59.739811+00:00 [queued]>
[2024-06-04T19:47:21.679+0000] {taskinstance.py:2306} INFO - Starting attempt 1 of 4
[2024-06-04T19:47:21.715+0000] {taskinstance.py:2330} INFO - Executing <Task(SimpleHttpOperator): extract_weather_data_destiny> on 2024-06-04 19:46:59.739811+00:00
[2024-06-04T19:47:21.730+0000] {warnings.py:110} WARNING - /home/***/.local/lib/python3.12/site-packages/***/task/task_runner/standard_task_runner.py:61: DeprecationWarning: This process (pid=345) is multi-threaded, use of fork() may lead to deadlocks in the child.
  pid = os.fork()

[2024-06-04T19:47:21.734+0000] {standard_task_runner.py:63} INFO - Started process 354 to run task
[2024-06-04T19:47:21.735+0000] {standard_task_runner.py:90} INFO - Running: ['***', 'tasks', 'run', 'dag_ETL_weather', 'extract_weather_data_destiny', 'manual__2024-06-04T19:46:59.739811+00:00', '--job-id', '172', '--raw', '--subdir', 'DAGS_FOLDER/dag_ETL_weather.py', '--cfg-path', '/tmp/tmpmbb8ba09']
[2024-06-04T19:47:21.737+0000] {standard_task_runner.py:91} INFO - Job 172: Subtask extract_weather_data_destiny
[2024-06-04T19:47:21.837+0000] {task_command.py:426} INFO - Running <TaskInstance: dag_ETL_weather.extract_weather_data_destiny manual__2024-06-04T19:46:59.739811+00:00 [running]> on host 6b740a15ab9e
[2024-06-04T19:47:22.029+0000] {taskinstance.py:2648} INFO - Exporting env vars: AIRFLOW_CTX_DAG_OWNER='Matheus' AIRFLOW_CTX_DAG_ID='dag_ETL_weather' AIRFLOW_CTX_TASK_ID='extract_weather_data_destiny' AIRFLOW_CTX_EXECUTION_DATE='2024-06-04T19:46:59.739811+00:00' AIRFLOW_CTX_TRY_NUMBER='1' AIRFLOW_CTX_DAG_RUN_ID='manual__2024-06-04T19:46:59.739811+00:00'
[2024-06-04T19:47:22.032+0000] {taskinstance.py:430} INFO - ::endgroup::
[2024-06-04T19:47:22.033+0000] {http.py:169} INFO - Calling HTTP method
[2024-06-04T19:47:22.049+0000] {base.py:84} INFO - Using connection ID 'weathermap_api' for task execution.
[2024-06-04T19:47:22.066+0000] {base.py:84} INFO - Using connection ID 'weathermap_api' for task execution.
[2024-06-04T19:47:22.575+0000] {http.py:208} INFO - {"coord":{"lon":-46.6361,"lat":-23.5475},"weather":[{"id":803,"main":"Clouds","description":"broken clouds","icon":"04d"}],"base":"stations","main":{"temp":290.36,"feels_like":290.28,"temp_min":289.51,"temp_max":291.53,"pressure":1027,"humidity":82},"visibility":10000,"wind":{"speed":5.14,"deg":140},"clouds":{"all":75},"dt":1717530245,"sys":{"type":1,"id":8394,"country":"BR","sunrise":1717494163,"sunset":1717532849},"timezone":-10800,"id":3448439,"name":"São Paulo","cod":200}
[2024-06-04T19:47:22.581+0000] {taskinstance.py:441} INFO - ::group::Post task execution logs
[2024-06-04T19:47:22.635+0000] {taskinstance.py:1206} INFO - Marking task as SUCCESS. dag_id=dag_ETL_weather, task_id=extract_weather_data_destiny, run_id=manual__2024-06-04T19:46:59.739811+00:00, execution_date=20240604T194659, start_date=20240604T194721, end_date=20240604T194722
[2024-06-04T19:47:22.716+0000] {local_task_job_runner.py:240} INFO - Task exited with return code 0
[2024-06-04T19:47:22.740+0000] {warnings.py:110} WARNING - /home/***/.local/lib/python3.12/site-packages/***/models/baseoperator.py:1296: AirflowProviderDeprecationWarning: Call to deprecated class SimpleHttpOperator. (Class `SimpleHttpOperator` is deprecated and will be removed in a future release. Please use `HttpOperator` instead.)
  result = cls.__new__(cls)

[2024-06-04T19:47:22.771+0000] {taskinstance.py:3498} INFO - 1 downstream tasks scheduled from follow-on schedule check
[2024-06-04T19:47:22.776+0000] {local_task_job_runner.py:222} INFO - ::endgroup::
