[2024-06-04T12:33:01.434+0000] {local_task_job_runner.py:120} INFO - ::group::Pre task execution logs
[2024-06-04T12:33:01.605+0000] {taskinstance.py:2076} INFO - Dependencies all met for dep_context=non-requeueable deps ti=<TaskInstance: dag_ETL_weather.weather_api_ready_origin manual__2024-06-04T12:32:20.675763+00:00 [queued]>
[2024-06-04T12:33:01.667+0000] {taskinstance.py:2076} INFO - Dependencies all met for dep_context=requeueable deps ti=<TaskInstance: dag_ETL_weather.weather_api_ready_origin manual__2024-06-04T12:32:20.675763+00:00 [queued]>
[2024-06-04T12:33:01.672+0000] {taskinstance.py:2306} INFO - Starting attempt 1 of 4
[2024-06-04T12:33:01.806+0000] {taskinstance.py:2330} INFO - Executing <Task(HttpSensor): weather_api_ready_origin> on 2024-06-04 12:32:20.675763+00:00
[2024-06-04T12:33:01.904+0000] {standard_task_runner.py:90} INFO - Running: ['***', 'tasks', 'run', 'dag_ETL_weather', 'weather_api_ready_origin', 'manual__2024-06-04T12:32:20.675763+00:00', '--job-id', '17', '--raw', '--subdir', 'DAGS_FOLDER/dag_ETL_weather.py', '--cfg-path', '/tmp/tmpypv75a6x']
[2024-06-04T12:33:01.907+0000] {standard_task_runner.py:91} INFO - Job 17: Subtask weather_api_ready_origin
[2024-06-04T12:33:01.970+0000] {warnings.py:110} WARNING - /home/***/.local/lib/python3.12/site-packages/***/task/task_runner/standard_task_runner.py:61: DeprecationWarning: This process (pid=240) is multi-threaded, use of fork() may lead to deadlocks in the child.
  pid = os.fork()

[2024-06-04T12:33:01.974+0000] {standard_task_runner.py:63} INFO - Started process 260 to run task
[2024-06-04T12:33:02.190+0000] {task_command.py:426} INFO - Running <TaskInstance: dag_ETL_weather.weather_api_ready_origin manual__2024-06-04T12:32:20.675763+00:00 [running]> on host cb1b576ccea9
[2024-06-04T12:33:02.629+0000] {taskinstance.py:2648} INFO - Exporting env vars: AIRFLOW_CTX_DAG_OWNER='Matheus' AIRFLOW_CTX_DAG_ID='dag_ETL_weather' AIRFLOW_CTX_TASK_ID='weather_api_ready_origin' AIRFLOW_CTX_EXECUTION_DATE='2024-06-04T12:32:20.675763+00:00' AIRFLOW_CTX_TRY_NUMBER='1' AIRFLOW_CTX_DAG_RUN_ID='manual__2024-06-04T12:32:20.675763+00:00'
[2024-06-04T12:33:02.638+0000] {taskinstance.py:430} INFO - ::endgroup::
[2024-06-04T12:33:02.641+0000] {baseoperator.py:399} WARNING - HttpSensor.execute cannot be called outside TaskInstance!
[2024-06-04T12:33:02.644+0000] {http.py:137} INFO - Poking: /data/2.5/weather?lat=-21.78&lon=-43.34&APPID=7a02546f64f1b21e9f2a742c236f852b
[2024-06-04T12:33:02.709+0000] {base.py:84} INFO - Using connection ID 'weathermap_api' for task execution.
[2024-06-04T12:33:03.934+0000] {base.py:294} INFO - Success criteria met. Exiting.
[2024-06-04T12:33:03.949+0000] {taskinstance.py:441} INFO - ::group::Post task execution logs
[2024-06-04T12:33:04.217+0000] {taskinstance.py:1206} INFO - Marking task as SUCCESS. dag_id=dag_ETL_weather, task_id=weather_api_ready_origin, run_id=manual__2024-06-04T12:32:20.675763+00:00, execution_date=20240604T123220, start_date=20240604T123301, end_date=20240604T123304
[2024-06-04T12:33:04.373+0000] {local_task_job_runner.py:240} INFO - Task exited with return code 0
[2024-06-04T12:33:04.545+0000] {warnings.py:110} WARNING - /home/***/.local/lib/python3.12/site-packages/***/models/baseoperator.py:1296: AirflowProviderDeprecationWarning: Call to deprecated class SimpleHttpOperator. (Class `SimpleHttpOperator` is deprecated and will be removed in a future release. Please use `HttpOperator` instead.)
  result = cls.__new__(cls)

[2024-06-04T12:33:04.695+0000] {taskinstance.py:3498} INFO - 1 downstream tasks scheduled from follow-on schedule check
[2024-06-04T12:33:04.709+0000] {local_task_job_runner.py:222} INFO - ::endgroup::
