[2024-06-03T21:09:23.661+0000] {processor.py:161} INFO - Started process (PID=50) to work on /home/airflow/.local/lib/python3.12/site-packages/airflow/example_dags/example_datasets.py
[2024-06-03T21:09:23.663+0000] {processor.py:830} INFO - Processing file /home/airflow/.local/lib/python3.12/site-packages/airflow/example_dags/example_datasets.py for tasks to queue
[2024-06-03T21:09:23.668+0000] {logging_mixin.py:188} INFO - [2024-06-03T21:09:23.667+0000] {dagbag.py:545} INFO - Filling up the DagBag from /home/airflow/.local/lib/python3.12/site-packages/airflow/example_dags/example_datasets.py
[2024-06-03T21:09:23.850+0000] {processor.py:840} INFO - DAG(s) 'consume_1_or_both_2_and_3_with_dataset_expressions', 'dataset_consumes_unknown_never_scheduled', 'consume_1_or_2_with_dataset_expressions', 'dataset_consumes_1', 'conditional_dataset_and_time_based_timetable', 'dataset_produces_1', 'dataset_consumes_1_never_scheduled', 'consume_1_and_2_with_dataset_expressions', 'dataset_consumes_1_and_2', 'dataset_produces_2' retrieved from /home/airflow/.local/lib/python3.12/site-packages/airflow/example_dags/example_datasets.py
[2024-06-03T21:09:24.556+0000] {logging_mixin.py:188} INFO - [2024-06-03T21:09:24.553+0000] {override.py:1829} INFO - Created Permission View: can edit on DAG:consume_1_or_both_2_and_3_with_dataset_expressions
[2024-06-03T21:09:24.607+0000] {logging_mixin.py:188} INFO - [2024-06-03T21:09:24.600+0000] {override.py:1829} INFO - Created Permission View: can read on DAG:consume_1_or_both_2_and_3_with_dataset_expressions
[2024-06-03T21:09:24.621+0000] {logging_mixin.py:188} INFO - [2024-06-03T21:09:24.621+0000] {override.py:1829} INFO - Created Permission View: can delete on DAG:consume_1_or_both_2_and_3_with_dataset_expressions
[2024-06-03T21:09:24.677+0000] {logging_mixin.py:188} INFO - [2024-06-03T21:09:24.676+0000] {override.py:1829} INFO - Created Permission View: can edit on DAG:dataset_consumes_unknown_never_scheduled
[2024-06-03T21:09:24.718+0000] {logging_mixin.py:188} INFO - [2024-06-03T21:09:24.717+0000] {override.py:1829} INFO - Created Permission View: can read on DAG:dataset_consumes_unknown_never_scheduled
[2024-06-03T21:09:24.743+0000] {logging_mixin.py:188} INFO - [2024-06-03T21:09:24.743+0000] {override.py:1829} INFO - Created Permission View: can delete on DAG:dataset_consumes_unknown_never_scheduled
[2024-06-03T21:09:24.803+0000] {logging_mixin.py:188} INFO - [2024-06-03T21:09:24.802+0000] {override.py:1829} INFO - Created Permission View: can edit on DAG:consume_1_or_2_with_dataset_expressions
[2024-06-03T21:09:24.826+0000] {logging_mixin.py:188} INFO - [2024-06-03T21:09:24.825+0000] {override.py:1829} INFO - Created Permission View: can read on DAG:consume_1_or_2_with_dataset_expressions
[2024-06-03T21:09:24.848+0000] {logging_mixin.py:188} INFO - [2024-06-03T21:09:24.847+0000] {override.py:1829} INFO - Created Permission View: can delete on DAG:consume_1_or_2_with_dataset_expressions
[2024-06-03T21:09:24.897+0000] {logging_mixin.py:188} INFO - [2024-06-03T21:09:24.896+0000] {override.py:1829} INFO - Created Permission View: can edit on DAG:dataset_consumes_1
[2024-06-03T21:09:24.929+0000] {logging_mixin.py:188} INFO - [2024-06-03T21:09:24.929+0000] {override.py:1829} INFO - Created Permission View: can read on DAG:dataset_consumes_1
[2024-06-03T21:09:24.953+0000] {logging_mixin.py:188} INFO - [2024-06-03T21:09:24.953+0000] {override.py:1829} INFO - Created Permission View: can delete on DAG:dataset_consumes_1
[2024-06-03T21:09:25.009+0000] {logging_mixin.py:188} INFO - [2024-06-03T21:09:25.008+0000] {override.py:1829} INFO - Created Permission View: can edit on DAG:conditional_dataset_and_time_based_timetable
[2024-06-03T21:09:25.036+0000] {logging_mixin.py:188} INFO - [2024-06-03T21:09:25.032+0000] {override.py:1829} INFO - Created Permission View: can read on DAG:conditional_dataset_and_time_based_timetable
[2024-06-03T21:09:25.066+0000] {logging_mixin.py:188} INFO - [2024-06-03T21:09:25.066+0000] {override.py:1829} INFO - Created Permission View: can delete on DAG:conditional_dataset_and_time_based_timetable
[2024-06-03T21:09:25.117+0000] {logging_mixin.py:188} INFO - [2024-06-03T21:09:25.116+0000] {override.py:1829} INFO - Created Permission View: can edit on DAG:dataset_produces_1
[2024-06-03T21:09:25.141+0000] {logging_mixin.py:188} INFO - [2024-06-03T21:09:25.140+0000] {override.py:1829} INFO - Created Permission View: can read on DAG:dataset_produces_1
[2024-06-03T21:09:25.191+0000] {logging_mixin.py:188} INFO - [2024-06-03T21:09:25.182+0000] {override.py:1829} INFO - Created Permission View: can delete on DAG:dataset_produces_1
[2024-06-03T21:09:25.260+0000] {logging_mixin.py:188} INFO - [2024-06-03T21:09:25.260+0000] {override.py:1829} INFO - Created Permission View: can edit on DAG:dataset_consumes_1_never_scheduled
[2024-06-03T21:09:25.290+0000] {logging_mixin.py:188} INFO - [2024-06-03T21:09:25.290+0000] {override.py:1829} INFO - Created Permission View: can read on DAG:dataset_consumes_1_never_scheduled
[2024-06-03T21:09:25.308+0000] {logging_mixin.py:188} INFO - [2024-06-03T21:09:25.308+0000] {override.py:1829} INFO - Created Permission View: can delete on DAG:dataset_consumes_1_never_scheduled
[2024-06-03T21:09:25.350+0000] {logging_mixin.py:188} INFO - [2024-06-03T21:09:25.349+0000] {override.py:1829} INFO - Created Permission View: can edit on DAG:consume_1_and_2_with_dataset_expressions
[2024-06-03T21:09:25.382+0000] {logging_mixin.py:188} INFO - [2024-06-03T21:09:25.382+0000] {override.py:1829} INFO - Created Permission View: can read on DAG:consume_1_and_2_with_dataset_expressions
[2024-06-03T21:09:25.401+0000] {logging_mixin.py:188} INFO - [2024-06-03T21:09:25.398+0000] {override.py:1829} INFO - Created Permission View: can delete on DAG:consume_1_and_2_with_dataset_expressions
[2024-06-03T21:09:25.434+0000] {logging_mixin.py:188} INFO - [2024-06-03T21:09:25.433+0000] {override.py:1829} INFO - Created Permission View: can edit on DAG:dataset_consumes_1_and_2
[2024-06-03T21:09:25.450+0000] {logging_mixin.py:188} INFO - [2024-06-03T21:09:25.449+0000] {override.py:1829} INFO - Created Permission View: can read on DAG:dataset_consumes_1_and_2
[2024-06-03T21:09:25.465+0000] {logging_mixin.py:188} INFO - [2024-06-03T21:09:25.465+0000] {override.py:1829} INFO - Created Permission View: can delete on DAG:dataset_consumes_1_and_2
[2024-06-03T21:09:25.488+0000] {logging_mixin.py:188} INFO - [2024-06-03T21:09:25.487+0000] {override.py:1829} INFO - Created Permission View: can edit on DAG:dataset_produces_2
[2024-06-03T21:09:25.501+0000] {logging_mixin.py:188} INFO - [2024-06-03T21:09:25.501+0000] {override.py:1829} INFO - Created Permission View: can read on DAG:dataset_produces_2
[2024-06-03T21:09:25.513+0000] {logging_mixin.py:188} INFO - [2024-06-03T21:09:25.512+0000] {override.py:1829} INFO - Created Permission View: can delete on DAG:dataset_produces_2
[2024-06-03T21:09:25.514+0000] {logging_mixin.py:188} INFO - [2024-06-03T21:09:25.514+0000] {dag.py:3096} INFO - Sync 10 DAGs
[2024-06-03T21:09:25.551+0000] {logging_mixin.py:188} INFO - [2024-06-03T21:09:25.550+0000] {dag.py:3118} INFO - Creating ORM DAG for consume_1_and_2_with_dataset_expressions
[2024-06-03T21:09:25.556+0000] {logging_mixin.py:188} INFO - [2024-06-03T21:09:25.555+0000] {dag.py:3118} INFO - Creating ORM DAG for consume_1_or_both_2_and_3_with_dataset_expressions
[2024-06-03T21:09:25.559+0000] {logging_mixin.py:188} INFO - [2024-06-03T21:09:25.558+0000] {dag.py:3118} INFO - Creating ORM DAG for dataset_consumes_unknown_never_scheduled
[2024-06-03T21:09:25.562+0000] {logging_mixin.py:188} INFO - [2024-06-03T21:09:25.561+0000] {dag.py:3118} INFO - Creating ORM DAG for dataset_consumes_1_never_scheduled
[2024-06-03T21:09:25.563+0000] {logging_mixin.py:188} INFO - [2024-06-03T21:09:25.563+0000] {dag.py:3118} INFO - Creating ORM DAG for dataset_consumes_1
[2024-06-03T21:09:25.565+0000] {logging_mixin.py:188} INFO - [2024-06-03T21:09:25.565+0000] {dag.py:3118} INFO - Creating ORM DAG for consume_1_or_2_with_dataset_expressions
[2024-06-03T21:09:25.567+0000] {logging_mixin.py:188} INFO - [2024-06-03T21:09:25.566+0000] {dag.py:3118} INFO - Creating ORM DAG for dataset_produces_1
[2024-06-03T21:09:25.568+0000] {logging_mixin.py:188} INFO - [2024-06-03T21:09:25.568+0000] {dag.py:3118} INFO - Creating ORM DAG for dataset_consumes_1_and_2
[2024-06-03T21:09:25.570+0000] {logging_mixin.py:188} INFO - [2024-06-03T21:09:25.570+0000] {dag.py:3118} INFO - Creating ORM DAG for dataset_produces_2
[2024-06-03T21:09:25.572+0000] {logging_mixin.py:188} INFO - [2024-06-03T21:09:25.571+0000] {dag.py:3118} INFO - Creating ORM DAG for conditional_dataset_and_time_based_timetable
[2024-06-03T21:09:25.605+0000] {logging_mixin.py:188} INFO - [2024-06-03T21:09:25.605+0000] {dag.py:3954} INFO - Setting next_dagrun for conditional_dataset_and_time_based_timetable to 2024-05-29 01:00:00+00:00, run_after=2024-05-29 01:00:00+00:00
[2024-06-03T21:09:25.608+0000] {logging_mixin.py:188} INFO - [2024-06-03T21:09:25.608+0000] {dag.py:3954} INFO - Setting next_dagrun for consume_1_and_2_with_dataset_expressions to None, run_after=None
[2024-06-03T21:09:25.609+0000] {logging_mixin.py:188} INFO - [2024-06-03T21:09:25.609+0000] {dag.py:3954} INFO - Setting next_dagrun for consume_1_or_2_with_dataset_expressions to None, run_after=None
[2024-06-03T21:09:25.611+0000] {logging_mixin.py:188} INFO - [2024-06-03T21:09:25.610+0000] {dag.py:3954} INFO - Setting next_dagrun for consume_1_or_both_2_and_3_with_dataset_expressions to None, run_after=None
[2024-06-03T21:09:25.612+0000] {logging_mixin.py:188} INFO - [2024-06-03T21:09:25.612+0000] {dag.py:3954} INFO - Setting next_dagrun for dataset_consumes_1 to None, run_after=None
[2024-06-03T21:09:25.614+0000] {logging_mixin.py:188} INFO - [2024-06-03T21:09:25.614+0000] {dag.py:3954} INFO - Setting next_dagrun for dataset_consumes_1_and_2 to None, run_after=None
[2024-06-03T21:09:25.617+0000] {logging_mixin.py:188} INFO - [2024-06-03T21:09:25.616+0000] {dag.py:3954} INFO - Setting next_dagrun for dataset_consumes_1_never_scheduled to None, run_after=None
[2024-06-03T21:09:25.619+0000] {logging_mixin.py:188} INFO - [2024-06-03T21:09:25.619+0000] {dag.py:3954} INFO - Setting next_dagrun for dataset_consumes_unknown_never_scheduled to None, run_after=None
[2024-06-03T21:09:25.623+0000] {logging_mixin.py:188} INFO - [2024-06-03T21:09:25.623+0000] {dag.py:3954} INFO - Setting next_dagrun for dataset_produces_1 to 2024-06-02 00:00:00+00:00, run_after=2024-06-03 00:00:00+00:00
[2024-06-03T21:09:25.626+0000] {logging_mixin.py:188} INFO - [2024-06-03T21:09:25.625+0000] {dag.py:3954} INFO - Setting next_dagrun for dataset_produces_2 to None, run_after=None
[2024-06-03T21:09:25.738+0000] {processor.py:183} INFO - Processing /home/airflow/.local/lib/python3.12/site-packages/airflow/example_dags/example_datasets.py took 2.094 seconds
[2024-06-03T21:09:55.875+0000] {processor.py:161} INFO - Started process (PID=108) to work on /home/airflow/.local/lib/python3.12/site-packages/airflow/example_dags/example_datasets.py
[2024-06-03T21:09:55.877+0000] {processor.py:830} INFO - Processing file /home/airflow/.local/lib/python3.12/site-packages/airflow/example_dags/example_datasets.py for tasks to queue
[2024-06-03T21:09:55.881+0000] {logging_mixin.py:188} INFO - [2024-06-03T21:09:55.880+0000] {dagbag.py:545} INFO - Filling up the DagBag from /home/airflow/.local/lib/python3.12/site-packages/airflow/example_dags/example_datasets.py
[2024-06-03T21:09:55.908+0000] {processor.py:840} INFO - DAG(s) 'dataset_produces_2', 'dataset_consumes_unknown_never_scheduled', 'consume_1_or_2_with_dataset_expressions', 'consume_1_and_2_with_dataset_expressions', 'consume_1_or_both_2_and_3_with_dataset_expressions', 'conditional_dataset_and_time_based_timetable', 'dataset_consumes_1_and_2', 'dataset_consumes_1', 'dataset_consumes_1_never_scheduled', 'dataset_produces_1' retrieved from /home/airflow/.local/lib/python3.12/site-packages/airflow/example_dags/example_datasets.py
[2024-06-03T21:09:56.016+0000] {logging_mixin.py:188} INFO - [2024-06-03T21:09:56.015+0000] {dag.py:3096} INFO - Sync 10 DAGs
[2024-06-03T21:09:56.070+0000] {logging_mixin.py:188} INFO - [2024-06-03T21:09:56.070+0000] {dag.py:3954} INFO - Setting next_dagrun for conditional_dataset_and_time_based_timetable to 2024-05-29 01:00:00+00:00, run_after=2024-05-29 01:00:00+00:00
[2024-06-03T21:09:56.077+0000] {logging_mixin.py:188} INFO - [2024-06-03T21:09:56.076+0000] {dag.py:3954} INFO - Setting next_dagrun for consume_1_and_2_with_dataset_expressions to None, run_after=None
[2024-06-03T21:09:56.079+0000] {logging_mixin.py:188} INFO - [2024-06-03T21:09:56.079+0000] {dag.py:3954} INFO - Setting next_dagrun for consume_1_or_2_with_dataset_expressions to None, run_after=None
[2024-06-03T21:09:56.081+0000] {logging_mixin.py:188} INFO - [2024-06-03T21:09:56.081+0000] {dag.py:3954} INFO - Setting next_dagrun for consume_1_or_both_2_and_3_with_dataset_expressions to None, run_after=None
[2024-06-03T21:09:56.083+0000] {logging_mixin.py:188} INFO - [2024-06-03T21:09:56.083+0000] {dag.py:3954} INFO - Setting next_dagrun for dataset_consumes_1 to None, run_after=None
[2024-06-03T21:09:56.086+0000] {logging_mixin.py:188} INFO - [2024-06-03T21:09:56.086+0000] {dag.py:3954} INFO - Setting next_dagrun for dataset_consumes_1_and_2 to None, run_after=None
[2024-06-03T21:09:56.088+0000] {logging_mixin.py:188} INFO - [2024-06-03T21:09:56.088+0000] {dag.py:3954} INFO - Setting next_dagrun for dataset_consumes_1_never_scheduled to None, run_after=None
[2024-06-03T21:09:56.090+0000] {logging_mixin.py:188} INFO - [2024-06-03T21:09:56.090+0000] {dag.py:3954} INFO - Setting next_dagrun for dataset_consumes_unknown_never_scheduled to None, run_after=None
[2024-06-03T21:09:56.093+0000] {logging_mixin.py:188} INFO - [2024-06-03T21:09:56.093+0000] {dag.py:3954} INFO - Setting next_dagrun for dataset_produces_1 to 2024-06-02 00:00:00+00:00, run_after=2024-06-03 00:00:00+00:00
[2024-06-03T21:09:56.096+0000] {logging_mixin.py:188} INFO - [2024-06-03T21:09:56.095+0000] {dag.py:3954} INFO - Setting next_dagrun for dataset_produces_2 to None, run_after=None
[2024-06-03T21:09:56.161+0000] {processor.py:183} INFO - Processing /home/airflow/.local/lib/python3.12/site-packages/airflow/example_dags/example_datasets.py took 0.295 seconds
[2024-06-03T21:10:26.538+0000] {processor.py:161} INFO - Started process (PID=166) to work on /home/airflow/.local/lib/python3.12/site-packages/airflow/example_dags/example_datasets.py
[2024-06-03T21:10:26.543+0000] {processor.py:830} INFO - Processing file /home/airflow/.local/lib/python3.12/site-packages/airflow/example_dags/example_datasets.py for tasks to queue
[2024-06-03T21:10:26.551+0000] {logging_mixin.py:188} INFO - [2024-06-03T21:10:26.547+0000] {dagbag.py:545} INFO - Filling up the DagBag from /home/airflow/.local/lib/python3.12/site-packages/airflow/example_dags/example_datasets.py
[2024-06-03T21:10:26.588+0000] {processor.py:840} INFO - DAG(s) 'dataset_consumes_1_and_2', 'consume_1_or_both_2_and_3_with_dataset_expressions', 'consume_1_and_2_with_dataset_expressions', 'consume_1_or_2_with_dataset_expressions', 'dataset_consumes_unknown_never_scheduled', 'dataset_consumes_1', 'conditional_dataset_and_time_based_timetable', 'dataset_produces_2', 'dataset_consumes_1_never_scheduled', 'dataset_produces_1' retrieved from /home/airflow/.local/lib/python3.12/site-packages/airflow/example_dags/example_datasets.py
[2024-06-03T21:10:26.667+0000] {logging_mixin.py:188} INFO - [2024-06-03T21:10:26.666+0000] {dag.py:3096} INFO - Sync 10 DAGs
[2024-06-03T21:10:26.716+0000] {logging_mixin.py:188} INFO - [2024-06-03T21:10:26.716+0000] {dag.py:3954} INFO - Setting next_dagrun for conditional_dataset_and_time_based_timetable to 2024-05-29 01:00:00+00:00, run_after=2024-05-29 01:00:00+00:00
[2024-06-03T21:10:26.733+0000] {logging_mixin.py:188} INFO - [2024-06-03T21:10:26.732+0000] {dag.py:3954} INFO - Setting next_dagrun for consume_1_and_2_with_dataset_expressions to None, run_after=None
[2024-06-03T21:10:26.738+0000] {logging_mixin.py:188} INFO - [2024-06-03T21:10:26.737+0000] {dag.py:3954} INFO - Setting next_dagrun for consume_1_or_2_with_dataset_expressions to None, run_after=None
[2024-06-03T21:10:26.741+0000] {logging_mixin.py:188} INFO - [2024-06-03T21:10:26.740+0000] {dag.py:3954} INFO - Setting next_dagrun for consume_1_or_both_2_and_3_with_dataset_expressions to None, run_after=None
[2024-06-03T21:10:26.744+0000] {logging_mixin.py:188} INFO - [2024-06-03T21:10:26.744+0000] {dag.py:3954} INFO - Setting next_dagrun for dataset_consumes_1 to None, run_after=None
[2024-06-03T21:10:26.748+0000] {logging_mixin.py:188} INFO - [2024-06-03T21:10:26.748+0000] {dag.py:3954} INFO - Setting next_dagrun for dataset_consumes_1_and_2 to None, run_after=None
[2024-06-03T21:10:26.753+0000] {logging_mixin.py:188} INFO - [2024-06-03T21:10:26.752+0000] {dag.py:3954} INFO - Setting next_dagrun for dataset_consumes_1_never_scheduled to None, run_after=None
[2024-06-03T21:10:26.757+0000] {logging_mixin.py:188} INFO - [2024-06-03T21:10:26.757+0000] {dag.py:3954} INFO - Setting next_dagrun for dataset_consumes_unknown_never_scheduled to None, run_after=None
[2024-06-03T21:10:26.765+0000] {logging_mixin.py:188} INFO - [2024-06-03T21:10:26.763+0000] {dag.py:3954} INFO - Setting next_dagrun for dataset_produces_1 to 2024-06-02 00:00:00+00:00, run_after=2024-06-03 00:00:00+00:00
[2024-06-03T21:10:26.769+0000] {logging_mixin.py:188} INFO - [2024-06-03T21:10:26.769+0000] {dag.py:3954} INFO - Setting next_dagrun for dataset_produces_2 to None, run_after=None
[2024-06-03T21:10:26.841+0000] {processor.py:183} INFO - Processing /home/airflow/.local/lib/python3.12/site-packages/airflow/example_dags/example_datasets.py took 0.315 seconds
[2024-06-03T21:10:56.953+0000] {processor.py:161} INFO - Started process (PID=224) to work on /home/airflow/.local/lib/python3.12/site-packages/airflow/example_dags/example_datasets.py
[2024-06-03T21:10:56.954+0000] {processor.py:830} INFO - Processing file /home/airflow/.local/lib/python3.12/site-packages/airflow/example_dags/example_datasets.py for tasks to queue
[2024-06-03T21:10:56.956+0000] {logging_mixin.py:188} INFO - [2024-06-03T21:10:56.956+0000] {dagbag.py:545} INFO - Filling up the DagBag from /home/airflow/.local/lib/python3.12/site-packages/airflow/example_dags/example_datasets.py
[2024-06-03T21:10:56.971+0000] {processor.py:840} INFO - DAG(s) 'dataset_consumes_1', 'conditional_dataset_and_time_based_timetable', 'dataset_consumes_1_and_2', 'consume_1_and_2_with_dataset_expressions', 'dataset_produces_1', 'dataset_produces_2', 'consume_1_or_both_2_and_3_with_dataset_expressions', 'dataset_consumes_unknown_never_scheduled', 'consume_1_or_2_with_dataset_expressions', 'dataset_consumes_1_never_scheduled' retrieved from /home/airflow/.local/lib/python3.12/site-packages/airflow/example_dags/example_datasets.py
[2024-06-03T21:10:57.033+0000] {logging_mixin.py:188} INFO - [2024-06-03T21:10:57.032+0000] {dag.py:3096} INFO - Sync 10 DAGs
[2024-06-03T21:10:57.061+0000] {logging_mixin.py:188} INFO - [2024-06-03T21:10:57.061+0000] {dag.py:3954} INFO - Setting next_dagrun for conditional_dataset_and_time_based_timetable to 2024-05-29 01:00:00+00:00, run_after=2024-05-29 01:00:00+00:00
[2024-06-03T21:10:57.066+0000] {logging_mixin.py:188} INFO - [2024-06-03T21:10:57.066+0000] {dag.py:3954} INFO - Setting next_dagrun for consume_1_and_2_with_dataset_expressions to None, run_after=None
[2024-06-03T21:10:57.068+0000] {logging_mixin.py:188} INFO - [2024-06-03T21:10:57.068+0000] {dag.py:3954} INFO - Setting next_dagrun for consume_1_or_2_with_dataset_expressions to None, run_after=None
[2024-06-03T21:10:57.070+0000] {logging_mixin.py:188} INFO - [2024-06-03T21:10:57.069+0000] {dag.py:3954} INFO - Setting next_dagrun for consume_1_or_both_2_and_3_with_dataset_expressions to None, run_after=None
[2024-06-03T21:10:57.071+0000] {logging_mixin.py:188} INFO - [2024-06-03T21:10:57.071+0000] {dag.py:3954} INFO - Setting next_dagrun for dataset_consumes_1 to None, run_after=None
[2024-06-03T21:10:57.073+0000] {logging_mixin.py:188} INFO - [2024-06-03T21:10:57.073+0000] {dag.py:3954} INFO - Setting next_dagrun for dataset_consumes_1_and_2 to None, run_after=None
[2024-06-03T21:10:57.075+0000] {logging_mixin.py:188} INFO - [2024-06-03T21:10:57.075+0000] {dag.py:3954} INFO - Setting next_dagrun for dataset_consumes_1_never_scheduled to None, run_after=None
[2024-06-03T21:10:57.076+0000] {logging_mixin.py:188} INFO - [2024-06-03T21:10:57.076+0000] {dag.py:3954} INFO - Setting next_dagrun for dataset_consumes_unknown_never_scheduled to None, run_after=None
[2024-06-03T21:10:57.079+0000] {logging_mixin.py:188} INFO - [2024-06-03T21:10:57.079+0000] {dag.py:3954} INFO - Setting next_dagrun for dataset_produces_1 to 2024-06-02 00:00:00+00:00, run_after=2024-06-03 00:00:00+00:00
[2024-06-03T21:10:57.081+0000] {logging_mixin.py:188} INFO - [2024-06-03T21:10:57.081+0000] {dag.py:3954} INFO - Setting next_dagrun for dataset_produces_2 to None, run_after=None
[2024-06-03T21:10:57.114+0000] {processor.py:183} INFO - Processing /home/airflow/.local/lib/python3.12/site-packages/airflow/example_dags/example_datasets.py took 0.167 seconds
[2024-06-03T21:11:27.271+0000] {processor.py:161} INFO - Started process (PID=284) to work on /home/airflow/.local/lib/python3.12/site-packages/airflow/example_dags/example_datasets.py
[2024-06-03T21:11:27.272+0000] {processor.py:830} INFO - Processing file /home/airflow/.local/lib/python3.12/site-packages/airflow/example_dags/example_datasets.py for tasks to queue
[2024-06-03T21:11:27.274+0000] {logging_mixin.py:188} INFO - [2024-06-03T21:11:27.274+0000] {dagbag.py:545} INFO - Filling up the DagBag from /home/airflow/.local/lib/python3.12/site-packages/airflow/example_dags/example_datasets.py
[2024-06-03T21:11:27.287+0000] {processor.py:840} INFO - DAG(s) 'dataset_produces_2', 'dataset_produces_1', 'dataset_consumes_1', 'dataset_consumes_unknown_never_scheduled', 'dataset_consumes_1_never_scheduled', 'conditional_dataset_and_time_based_timetable', 'consume_1_or_2_with_dataset_expressions', 'consume_1_and_2_with_dataset_expressions', 'consume_1_or_both_2_and_3_with_dataset_expressions', 'dataset_consumes_1_and_2' retrieved from /home/airflow/.local/lib/python3.12/site-packages/airflow/example_dags/example_datasets.py
[2024-06-03T21:11:27.339+0000] {logging_mixin.py:188} INFO - [2024-06-03T21:11:27.339+0000] {dag.py:3096} INFO - Sync 10 DAGs
[2024-06-03T21:11:27.362+0000] {logging_mixin.py:188} INFO - [2024-06-03T21:11:27.362+0000] {dag.py:3954} INFO - Setting next_dagrun for conditional_dataset_and_time_based_timetable to 2024-05-29 01:00:00+00:00, run_after=2024-05-29 01:00:00+00:00
[2024-06-03T21:11:27.366+0000] {logging_mixin.py:188} INFO - [2024-06-03T21:11:27.366+0000] {dag.py:3954} INFO - Setting next_dagrun for consume_1_and_2_with_dataset_expressions to None, run_after=None
[2024-06-03T21:11:27.368+0000] {logging_mixin.py:188} INFO - [2024-06-03T21:11:27.368+0000] {dag.py:3954} INFO - Setting next_dagrun for consume_1_or_2_with_dataset_expressions to None, run_after=None
[2024-06-03T21:11:27.370+0000] {logging_mixin.py:188} INFO - [2024-06-03T21:11:27.370+0000] {dag.py:3954} INFO - Setting next_dagrun for consume_1_or_both_2_and_3_with_dataset_expressions to None, run_after=None
[2024-06-03T21:11:27.372+0000] {logging_mixin.py:188} INFO - [2024-06-03T21:11:27.372+0000] {dag.py:3954} INFO - Setting next_dagrun for dataset_consumes_1 to None, run_after=None
[2024-06-03T21:11:27.374+0000] {logging_mixin.py:188} INFO - [2024-06-03T21:11:27.373+0000] {dag.py:3954} INFO - Setting next_dagrun for dataset_consumes_1_and_2 to None, run_after=None
[2024-06-03T21:11:27.375+0000] {logging_mixin.py:188} INFO - [2024-06-03T21:11:27.375+0000] {dag.py:3954} INFO - Setting next_dagrun for dataset_consumes_1_never_scheduled to None, run_after=None
[2024-06-03T21:11:27.377+0000] {logging_mixin.py:188} INFO - [2024-06-03T21:11:27.377+0000] {dag.py:3954} INFO - Setting next_dagrun for dataset_consumes_unknown_never_scheduled to None, run_after=None
[2024-06-03T21:11:27.380+0000] {logging_mixin.py:188} INFO - [2024-06-03T21:11:27.380+0000] {dag.py:3954} INFO - Setting next_dagrun for dataset_produces_1 to 2024-06-02 00:00:00+00:00, run_after=2024-06-03 00:00:00+00:00
[2024-06-03T21:11:27.382+0000] {logging_mixin.py:188} INFO - [2024-06-03T21:11:27.382+0000] {dag.py:3954} INFO - Setting next_dagrun for dataset_produces_2 to None, run_after=None
[2024-06-03T21:11:27.422+0000] {processor.py:183} INFO - Processing /home/airflow/.local/lib/python3.12/site-packages/airflow/example_dags/example_datasets.py took 0.157 seconds
[2024-06-03T21:11:58.036+0000] {processor.py:161} INFO - Started process (PID=341) to work on /home/airflow/.local/lib/python3.12/site-packages/airflow/example_dags/example_datasets.py
[2024-06-03T21:11:58.038+0000] {processor.py:830} INFO - Processing file /home/airflow/.local/lib/python3.12/site-packages/airflow/example_dags/example_datasets.py for tasks to queue
[2024-06-03T21:11:58.040+0000] {logging_mixin.py:188} INFO - [2024-06-03T21:11:58.040+0000] {dagbag.py:545} INFO - Filling up the DagBag from /home/airflow/.local/lib/python3.12/site-packages/airflow/example_dags/example_datasets.py
[2024-06-03T21:11:58.057+0000] {processor.py:840} INFO - DAG(s) 'conditional_dataset_and_time_based_timetable', 'dataset_produces_2', 'dataset_consumes_1_and_2', 'dataset_produces_1', 'consume_1_and_2_with_dataset_expressions', 'consume_1_or_2_with_dataset_expressions', 'dataset_consumes_1', 'dataset_consumes_1_never_scheduled', 'consume_1_or_both_2_and_3_with_dataset_expressions', 'dataset_consumes_unknown_never_scheduled' retrieved from /home/airflow/.local/lib/python3.12/site-packages/airflow/example_dags/example_datasets.py
[2024-06-03T21:11:58.119+0000] {logging_mixin.py:188} INFO - [2024-06-03T21:11:58.118+0000] {dag.py:3096} INFO - Sync 10 DAGs
[2024-06-03T21:11:58.148+0000] {logging_mixin.py:188} INFO - [2024-06-03T21:11:58.147+0000] {dag.py:3954} INFO - Setting next_dagrun for conditional_dataset_and_time_based_timetable to 2024-05-29 01:00:00+00:00, run_after=2024-05-29 01:00:00+00:00
[2024-06-03T21:11:58.153+0000] {logging_mixin.py:188} INFO - [2024-06-03T21:11:58.153+0000] {dag.py:3954} INFO - Setting next_dagrun for consume_1_and_2_with_dataset_expressions to None, run_after=None
[2024-06-03T21:11:58.155+0000] {logging_mixin.py:188} INFO - [2024-06-03T21:11:58.155+0000] {dag.py:3954} INFO - Setting next_dagrun for consume_1_or_2_with_dataset_expressions to None, run_after=None
[2024-06-03T21:11:58.157+0000] {logging_mixin.py:188} INFO - [2024-06-03T21:11:58.156+0000] {dag.py:3954} INFO - Setting next_dagrun for consume_1_or_both_2_and_3_with_dataset_expressions to None, run_after=None
[2024-06-03T21:11:58.158+0000] {logging_mixin.py:188} INFO - [2024-06-03T21:11:58.158+0000] {dag.py:3954} INFO - Setting next_dagrun for dataset_consumes_1 to None, run_after=None
[2024-06-03T21:11:58.160+0000] {logging_mixin.py:188} INFO - [2024-06-03T21:11:58.160+0000] {dag.py:3954} INFO - Setting next_dagrun for dataset_consumes_1_and_2 to None, run_after=None
[2024-06-03T21:11:58.162+0000] {logging_mixin.py:188} INFO - [2024-06-03T21:11:58.162+0000] {dag.py:3954} INFO - Setting next_dagrun for dataset_consumes_1_never_scheduled to None, run_after=None
[2024-06-03T21:11:58.164+0000] {logging_mixin.py:188} INFO - [2024-06-03T21:11:58.164+0000] {dag.py:3954} INFO - Setting next_dagrun for dataset_consumes_unknown_never_scheduled to None, run_after=None
[2024-06-03T21:11:58.167+0000] {logging_mixin.py:188} INFO - [2024-06-03T21:11:58.167+0000] {dag.py:3954} INFO - Setting next_dagrun for dataset_produces_1 to 2024-06-02 00:00:00+00:00, run_after=2024-06-03 00:00:00+00:00
[2024-06-03T21:11:58.169+0000] {logging_mixin.py:188} INFO - [2024-06-03T21:11:58.169+0000] {dag.py:3954} INFO - Setting next_dagrun for dataset_produces_2 to None, run_after=None
[2024-06-03T21:11:58.207+0000] {processor.py:183} INFO - Processing /home/airflow/.local/lib/python3.12/site-packages/airflow/example_dags/example_datasets.py took 0.177 seconds
[2024-06-03T21:12:28.685+0000] {processor.py:161} INFO - Started process (PID=399) to work on /home/airflow/.local/lib/python3.12/site-packages/airflow/example_dags/example_datasets.py
[2024-06-03T21:12:28.686+0000] {processor.py:830} INFO - Processing file /home/airflow/.local/lib/python3.12/site-packages/airflow/example_dags/example_datasets.py for tasks to queue
[2024-06-03T21:12:28.689+0000] {logging_mixin.py:188} INFO - [2024-06-03T21:12:28.689+0000] {dagbag.py:545} INFO - Filling up the DagBag from /home/airflow/.local/lib/python3.12/site-packages/airflow/example_dags/example_datasets.py
[2024-06-03T21:12:28.711+0000] {processor.py:840} INFO - DAG(s) 'consume_1_or_2_with_dataset_expressions', 'dataset_consumes_1_never_scheduled', 'consume_1_or_both_2_and_3_with_dataset_expressions', 'conditional_dataset_and_time_based_timetable', 'dataset_consumes_1', 'dataset_produces_2', 'dataset_produces_1', 'dataset_consumes_unknown_never_scheduled', 'consume_1_and_2_with_dataset_expressions', 'dataset_consumes_1_and_2' retrieved from /home/airflow/.local/lib/python3.12/site-packages/airflow/example_dags/example_datasets.py
[2024-06-03T21:12:28.793+0000] {logging_mixin.py:188} INFO - [2024-06-03T21:12:28.793+0000] {dag.py:3096} INFO - Sync 10 DAGs
[2024-06-03T21:12:28.834+0000] {logging_mixin.py:188} INFO - [2024-06-03T21:12:28.834+0000] {dag.py:3954} INFO - Setting next_dagrun for conditional_dataset_and_time_based_timetable to 2024-05-29 01:00:00+00:00, run_after=2024-05-29 01:00:00+00:00
[2024-06-03T21:12:28.840+0000] {logging_mixin.py:188} INFO - [2024-06-03T21:12:28.840+0000] {dag.py:3954} INFO - Setting next_dagrun for consume_1_and_2_with_dataset_expressions to None, run_after=None
[2024-06-03T21:12:28.842+0000] {logging_mixin.py:188} INFO - [2024-06-03T21:12:28.842+0000] {dag.py:3954} INFO - Setting next_dagrun for consume_1_or_2_with_dataset_expressions to None, run_after=None
[2024-06-03T21:12:28.844+0000] {logging_mixin.py:188} INFO - [2024-06-03T21:12:28.844+0000] {dag.py:3954} INFO - Setting next_dagrun for consume_1_or_both_2_and_3_with_dataset_expressions to None, run_after=None
[2024-06-03T21:12:28.847+0000] {logging_mixin.py:188} INFO - [2024-06-03T21:12:28.846+0000] {dag.py:3954} INFO - Setting next_dagrun for dataset_consumes_1 to None, run_after=None
[2024-06-03T21:12:28.849+0000] {logging_mixin.py:188} INFO - [2024-06-03T21:12:28.849+0000] {dag.py:3954} INFO - Setting next_dagrun for dataset_consumes_1_and_2 to None, run_after=None
[2024-06-03T21:12:28.851+0000] {logging_mixin.py:188} INFO - [2024-06-03T21:12:28.851+0000] {dag.py:3954} INFO - Setting next_dagrun for dataset_consumes_1_never_scheduled to None, run_after=None
[2024-06-03T21:12:28.854+0000] {logging_mixin.py:188} INFO - [2024-06-03T21:12:28.854+0000] {dag.py:3954} INFO - Setting next_dagrun for dataset_consumes_unknown_never_scheduled to None, run_after=None
[2024-06-03T21:12:28.857+0000] {logging_mixin.py:188} INFO - [2024-06-03T21:12:28.857+0000] {dag.py:3954} INFO - Setting next_dagrun for dataset_produces_1 to 2024-06-02 00:00:00+00:00, run_after=2024-06-03 00:00:00+00:00
[2024-06-03T21:12:28.859+0000] {logging_mixin.py:188} INFO - [2024-06-03T21:12:28.859+0000] {dag.py:3954} INFO - Setting next_dagrun for dataset_produces_2 to None, run_after=None
[2024-06-03T21:12:28.902+0000] {processor.py:183} INFO - Processing /home/airflow/.local/lib/python3.12/site-packages/airflow/example_dags/example_datasets.py took 0.226 seconds
[2024-06-03T21:12:59.504+0000] {processor.py:161} INFO - Started process (PID=457) to work on /home/airflow/.local/lib/python3.12/site-packages/airflow/example_dags/example_datasets.py
[2024-06-03T21:12:59.506+0000] {processor.py:830} INFO - Processing file /home/airflow/.local/lib/python3.12/site-packages/airflow/example_dags/example_datasets.py for tasks to queue
[2024-06-03T21:12:59.508+0000] {logging_mixin.py:188} INFO - [2024-06-03T21:12:59.508+0000] {dagbag.py:545} INFO - Filling up the DagBag from /home/airflow/.local/lib/python3.12/site-packages/airflow/example_dags/example_datasets.py
[2024-06-03T21:12:59.525+0000] {processor.py:840} INFO - DAG(s) 'consume_1_and_2_with_dataset_expressions', 'consume_1_or_2_with_dataset_expressions', 'consume_1_or_both_2_and_3_with_dataset_expressions', 'dataset_consumes_unknown_never_scheduled', 'dataset_consumes_1', 'conditional_dataset_and_time_based_timetable', 'dataset_consumes_1_never_scheduled', 'dataset_produces_1', 'dataset_consumes_1_and_2', 'dataset_produces_2' retrieved from /home/airflow/.local/lib/python3.12/site-packages/airflow/example_dags/example_datasets.py
[2024-06-03T21:12:59.601+0000] {logging_mixin.py:188} INFO - [2024-06-03T21:12:59.600+0000] {dag.py:3096} INFO - Sync 10 DAGs
[2024-06-03T21:12:59.631+0000] {logging_mixin.py:188} INFO - [2024-06-03T21:12:59.631+0000] {dag.py:3954} INFO - Setting next_dagrun for conditional_dataset_and_time_based_timetable to 2024-05-29 01:00:00+00:00, run_after=2024-05-29 01:00:00+00:00
[2024-06-03T21:12:59.635+0000] {logging_mixin.py:188} INFO - [2024-06-03T21:12:59.635+0000] {dag.py:3954} INFO - Setting next_dagrun for consume_1_and_2_with_dataset_expressions to None, run_after=None
[2024-06-03T21:12:59.637+0000] {logging_mixin.py:188} INFO - [2024-06-03T21:12:59.637+0000] {dag.py:3954} INFO - Setting next_dagrun for consume_1_or_2_with_dataset_expressions to None, run_after=None
[2024-06-03T21:12:59.639+0000] {logging_mixin.py:188} INFO - [2024-06-03T21:12:59.639+0000] {dag.py:3954} INFO - Setting next_dagrun for consume_1_or_both_2_and_3_with_dataset_expressions to None, run_after=None
[2024-06-03T21:12:59.640+0000] {logging_mixin.py:188} INFO - [2024-06-03T21:12:59.640+0000] {dag.py:3954} INFO - Setting next_dagrun for dataset_consumes_1 to None, run_after=None
[2024-06-03T21:12:59.642+0000] {logging_mixin.py:188} INFO - [2024-06-03T21:12:59.642+0000] {dag.py:3954} INFO - Setting next_dagrun for dataset_consumes_1_and_2 to None, run_after=None
[2024-06-03T21:12:59.644+0000] {logging_mixin.py:188} INFO - [2024-06-03T21:12:59.644+0000] {dag.py:3954} INFO - Setting next_dagrun for dataset_consumes_1_never_scheduled to None, run_after=None
[2024-06-03T21:12:59.646+0000] {logging_mixin.py:188} INFO - [2024-06-03T21:12:59.646+0000] {dag.py:3954} INFO - Setting next_dagrun for dataset_consumes_unknown_never_scheduled to None, run_after=None
[2024-06-03T21:12:59.651+0000] {logging_mixin.py:188} INFO - [2024-06-03T21:12:59.650+0000] {dag.py:3954} INFO - Setting next_dagrun for dataset_produces_1 to 2024-06-02 00:00:00+00:00, run_after=2024-06-03 00:00:00+00:00
[2024-06-03T21:12:59.654+0000] {logging_mixin.py:188} INFO - [2024-06-03T21:12:59.654+0000] {dag.py:3954} INFO - Setting next_dagrun for dataset_produces_2 to None, run_after=None
[2024-06-03T21:12:59.709+0000] {processor.py:183} INFO - Processing /home/airflow/.local/lib/python3.12/site-packages/airflow/example_dags/example_datasets.py took 0.212 seconds
