[2024-06-03T21:09:21.162+0000] {processor.py:161} INFO - Started process (PID=35) to work on /home/airflow/.local/lib/python3.12/site-packages/airflow/example_dags/example_branch_labels.py
[2024-06-03T21:09:21.163+0000] {processor.py:830} INFO - Processing file /home/airflow/.local/lib/python3.12/site-packages/airflow/example_dags/example_branch_labels.py for tasks to queue
[2024-06-03T21:09:21.167+0000] {logging_mixin.py:188} INFO - [2024-06-03T21:09:21.167+0000] {dagbag.py:545} INFO - Filling up the DagBag from /home/airflow/.local/lib/python3.12/site-packages/airflow/example_dags/example_branch_labels.py
[2024-06-03T21:09:21.190+0000] {processor.py:840} INFO - DAG(s) 'example_branch_labels' retrieved from /home/airflow/.local/lib/python3.12/site-packages/airflow/example_dags/example_branch_labels.py
[2024-06-03T21:09:21.458+0000] {logging_mixin.py:188} INFO - [2024-06-03T21:09:21.457+0000] {override.py:1829} INFO - Created Permission View: can edit on DAG:example_branch_labels
[2024-06-03T21:09:21.490+0000] {logging_mixin.py:188} INFO - [2024-06-03T21:09:21.484+0000] {override.py:1829} INFO - Created Permission View: can read on DAG:example_branch_labels
[2024-06-03T21:09:21.533+0000] {logging_mixin.py:188} INFO - [2024-06-03T21:09:21.532+0000] {override.py:1829} INFO - Created Permission View: can delete on DAG:example_branch_labels
[2024-06-03T21:09:21.534+0000] {logging_mixin.py:188} INFO - [2024-06-03T21:09:21.534+0000] {dag.py:3096} INFO - Sync 1 DAGs
[2024-06-03T21:09:21.557+0000] {logging_mixin.py:188} INFO - [2024-06-03T21:09:21.557+0000] {dag.py:3118} INFO - Creating ORM DAG for example_branch_labels
[2024-06-03T21:09:21.582+0000] {logging_mixin.py:188} INFO - [2024-06-03T21:09:21.581+0000] {dag.py:3954} INFO - Setting next_dagrun for example_branch_labels to 2024-06-02 00:00:00+00:00, run_after=2024-06-03 00:00:00+00:00
[2024-06-03T21:09:21.608+0000] {processor.py:183} INFO - Processing /home/airflow/.local/lib/python3.12/site-packages/airflow/example_dags/example_branch_labels.py took 0.457 seconds
[2024-06-03T21:09:52.109+0000] {processor.py:161} INFO - Started process (PID=94) to work on /home/airflow/.local/lib/python3.12/site-packages/airflow/example_dags/example_branch_labels.py
[2024-06-03T21:09:52.111+0000] {processor.py:830} INFO - Processing file /home/airflow/.local/lib/python3.12/site-packages/airflow/example_dags/example_branch_labels.py for tasks to queue
[2024-06-03T21:09:52.114+0000] {logging_mixin.py:188} INFO - [2024-06-03T21:09:52.113+0000] {dagbag.py:545} INFO - Filling up the DagBag from /home/airflow/.local/lib/python3.12/site-packages/airflow/example_dags/example_branch_labels.py
[2024-06-03T21:09:52.124+0000] {processor.py:840} INFO - DAG(s) 'example_branch_labels' retrieved from /home/airflow/.local/lib/python3.12/site-packages/airflow/example_dags/example_branch_labels.py
[2024-06-03T21:09:52.186+0000] {logging_mixin.py:188} INFO - [2024-06-03T21:09:52.185+0000] {dag.py:3096} INFO - Sync 1 DAGs
[2024-06-03T21:09:52.217+0000] {logging_mixin.py:188} INFO - [2024-06-03T21:09:52.217+0000] {dag.py:3954} INFO - Setting next_dagrun for example_branch_labels to 2024-06-02 00:00:00+00:00, run_after=2024-06-03 00:00:00+00:00
[2024-06-03T21:09:52.248+0000] {processor.py:183} INFO - Processing /home/airflow/.local/lib/python3.12/site-packages/airflow/example_dags/example_branch_labels.py took 0.146 seconds
[2024-06-03T21:10:22.941+0000] {processor.py:161} INFO - Started process (PID=158) to work on /home/airflow/.local/lib/python3.12/site-packages/airflow/example_dags/example_branch_labels.py
[2024-06-03T21:10:22.942+0000] {processor.py:830} INFO - Processing file /home/airflow/.local/lib/python3.12/site-packages/airflow/example_dags/example_branch_labels.py for tasks to queue
[2024-06-03T21:10:22.945+0000] {logging_mixin.py:188} INFO - [2024-06-03T21:10:22.944+0000] {dagbag.py:545} INFO - Filling up the DagBag from /home/airflow/.local/lib/python3.12/site-packages/airflow/example_dags/example_branch_labels.py
[2024-06-03T21:10:22.957+0000] {processor.py:840} INFO - DAG(s) 'example_branch_labels' retrieved from /home/airflow/.local/lib/python3.12/site-packages/airflow/example_dags/example_branch_labels.py
[2024-06-03T21:10:22.989+0000] {logging_mixin.py:188} INFO - [2024-06-03T21:10:22.988+0000] {dag.py:3096} INFO - Sync 1 DAGs
[2024-06-03T21:10:23.023+0000] {logging_mixin.py:188} INFO - [2024-06-03T21:10:23.023+0000] {dag.py:3954} INFO - Setting next_dagrun for example_branch_labels to 2024-06-02 00:00:00+00:00, run_after=2024-06-03 00:00:00+00:00
[2024-06-03T21:10:23.048+0000] {processor.py:183} INFO - Processing /home/airflow/.local/lib/python3.12/site-packages/airflow/example_dags/example_branch_labels.py took 0.115 seconds
[2024-06-03T21:10:53.248+0000] {processor.py:161} INFO - Started process (PID=216) to work on /home/airflow/.local/lib/python3.12/site-packages/airflow/example_dags/example_branch_labels.py
[2024-06-03T21:10:53.250+0000] {processor.py:830} INFO - Processing file /home/airflow/.local/lib/python3.12/site-packages/airflow/example_dags/example_branch_labels.py for tasks to queue
[2024-06-03T21:10:53.251+0000] {logging_mixin.py:188} INFO - [2024-06-03T21:10:53.251+0000] {dagbag.py:545} INFO - Filling up the DagBag from /home/airflow/.local/lib/python3.12/site-packages/airflow/example_dags/example_branch_labels.py
[2024-06-03T21:10:53.260+0000] {processor.py:840} INFO - DAG(s) 'example_branch_labels' retrieved from /home/airflow/.local/lib/python3.12/site-packages/airflow/example_dags/example_branch_labels.py
[2024-06-03T21:10:53.289+0000] {logging_mixin.py:188} INFO - [2024-06-03T21:10:53.289+0000] {dag.py:3096} INFO - Sync 1 DAGs
[2024-06-03T21:10:53.321+0000] {logging_mixin.py:188} INFO - [2024-06-03T21:10:53.320+0000] {dag.py:3954} INFO - Setting next_dagrun for example_branch_labels to 2024-06-02 00:00:00+00:00, run_after=2024-06-03 00:00:00+00:00
[2024-06-03T21:10:53.354+0000] {processor.py:183} INFO - Processing /home/airflow/.local/lib/python3.12/site-packages/airflow/example_dags/example_branch_labels.py took 0.112 seconds
[2024-06-03T21:11:23.613+0000] {processor.py:161} INFO - Started process (PID=275) to work on /home/airflow/.local/lib/python3.12/site-packages/airflow/example_dags/example_branch_labels.py
[2024-06-03T21:11:23.615+0000] {processor.py:830} INFO - Processing file /home/airflow/.local/lib/python3.12/site-packages/airflow/example_dags/example_branch_labels.py for tasks to queue
[2024-06-03T21:11:23.617+0000] {logging_mixin.py:188} INFO - [2024-06-03T21:11:23.617+0000] {dagbag.py:545} INFO - Filling up the DagBag from /home/airflow/.local/lib/python3.12/site-packages/airflow/example_dags/example_branch_labels.py
[2024-06-03T21:11:23.625+0000] {processor.py:840} INFO - DAG(s) 'example_branch_labels' retrieved from /home/airflow/.local/lib/python3.12/site-packages/airflow/example_dags/example_branch_labels.py
[2024-06-03T21:11:23.651+0000] {logging_mixin.py:188} INFO - [2024-06-03T21:11:23.651+0000] {dag.py:3096} INFO - Sync 1 DAGs
[2024-06-03T21:11:23.676+0000] {logging_mixin.py:188} INFO - [2024-06-03T21:11:23.676+0000] {dag.py:3954} INFO - Setting next_dagrun for example_branch_labels to 2024-06-02 00:00:00+00:00, run_after=2024-06-03 00:00:00+00:00
[2024-06-03T21:11:23.701+0000] {processor.py:183} INFO - Processing /home/airflow/.local/lib/python3.12/site-packages/airflow/example_dags/example_branch_labels.py took 0.093 seconds
[2024-06-03T21:11:54.262+0000] {processor.py:161} INFO - Started process (PID=333) to work on /home/airflow/.local/lib/python3.12/site-packages/airflow/example_dags/example_branch_labels.py
[2024-06-03T21:11:54.271+0000] {processor.py:830} INFO - Processing file /home/airflow/.local/lib/python3.12/site-packages/airflow/example_dags/example_branch_labels.py for tasks to queue
[2024-06-03T21:11:54.286+0000] {logging_mixin.py:188} INFO - [2024-06-03T21:11:54.285+0000] {dagbag.py:545} INFO - Filling up the DagBag from /home/airflow/.local/lib/python3.12/site-packages/airflow/example_dags/example_branch_labels.py
[2024-06-03T21:11:54.314+0000] {processor.py:840} INFO - DAG(s) 'example_branch_labels' retrieved from /home/airflow/.local/lib/python3.12/site-packages/airflow/example_dags/example_branch_labels.py
[2024-06-03T21:11:54.381+0000] {logging_mixin.py:188} INFO - [2024-06-03T21:11:54.380+0000] {dag.py:3096} INFO - Sync 1 DAGs
[2024-06-03T21:11:54.467+0000] {logging_mixin.py:188} INFO - [2024-06-03T21:11:54.467+0000] {dag.py:3954} INFO - Setting next_dagrun for example_branch_labels to 2024-06-02 00:00:00+00:00, run_after=2024-06-03 00:00:00+00:00
[2024-06-03T21:11:54.642+0000] {processor.py:183} INFO - Processing /home/airflow/.local/lib/python3.12/site-packages/airflow/example_dags/example_branch_labels.py took 0.402 seconds
[2024-06-03T21:12:25.490+0000] {processor.py:161} INFO - Started process (PID=391) to work on /home/airflow/.local/lib/python3.12/site-packages/airflow/example_dags/example_branch_labels.py
[2024-06-03T21:12:25.492+0000] {processor.py:830} INFO - Processing file /home/airflow/.local/lib/python3.12/site-packages/airflow/example_dags/example_branch_labels.py for tasks to queue
[2024-06-03T21:12:25.505+0000] {logging_mixin.py:188} INFO - [2024-06-03T21:12:25.500+0000] {dagbag.py:545} INFO - Filling up the DagBag from /home/airflow/.local/lib/python3.12/site-packages/airflow/example_dags/example_branch_labels.py
[2024-06-03T21:12:25.542+0000] {processor.py:840} INFO - DAG(s) 'example_branch_labels' retrieved from /home/airflow/.local/lib/python3.12/site-packages/airflow/example_dags/example_branch_labels.py
[2024-06-03T21:12:25.614+0000] {logging_mixin.py:188} INFO - [2024-06-03T21:12:25.613+0000] {dag.py:3096} INFO - Sync 1 DAGs
[2024-06-03T21:12:25.677+0000] {logging_mixin.py:188} INFO - [2024-06-03T21:12:25.676+0000] {dag.py:3954} INFO - Setting next_dagrun for example_branch_labels to 2024-06-02 00:00:00+00:00, run_after=2024-06-03 00:00:00+00:00
[2024-06-03T21:12:25.743+0000] {processor.py:183} INFO - Processing /home/airflow/.local/lib/python3.12/site-packages/airflow/example_dags/example_branch_labels.py took 0.270 seconds
[2024-06-03T21:12:55.851+0000] {processor.py:161} INFO - Started process (PID=449) to work on /home/airflow/.local/lib/python3.12/site-packages/airflow/example_dags/example_branch_labels.py
[2024-06-03T21:12:55.852+0000] {processor.py:830} INFO - Processing file /home/airflow/.local/lib/python3.12/site-packages/airflow/example_dags/example_branch_labels.py for tasks to queue
[2024-06-03T21:12:55.854+0000] {logging_mixin.py:188} INFO - [2024-06-03T21:12:55.854+0000] {dagbag.py:545} INFO - Filling up the DagBag from /home/airflow/.local/lib/python3.12/site-packages/airflow/example_dags/example_branch_labels.py
[2024-06-03T21:12:55.862+0000] {processor.py:840} INFO - DAG(s) 'example_branch_labels' retrieved from /home/airflow/.local/lib/python3.12/site-packages/airflow/example_dags/example_branch_labels.py
[2024-06-03T21:12:55.890+0000] {logging_mixin.py:188} INFO - [2024-06-03T21:12:55.890+0000] {dag.py:3096} INFO - Sync 1 DAGs
[2024-06-03T21:12:55.921+0000] {logging_mixin.py:188} INFO - [2024-06-03T21:12:55.920+0000] {dag.py:3954} INFO - Setting next_dagrun for example_branch_labels to 2024-06-02 00:00:00+00:00, run_after=2024-06-03 00:00:00+00:00
[2024-06-03T21:12:55.951+0000] {processor.py:183} INFO - Processing /home/airflow/.local/lib/python3.12/site-packages/airflow/example_dags/example_branch_labels.py took 0.105 seconds
