[2024-06-03T21:09:32.931+0000] {processor.py:161} INFO - Started process (PID=72) to work on /home/airflow/.local/lib/python3.12/site-packages/airflow/example_dags/example_branch_python_dop_operator_3.py
[2024-06-03T21:09:32.933+0000] {processor.py:830} INFO - Processing file /home/airflow/.local/lib/python3.12/site-packages/airflow/example_dags/example_branch_python_dop_operator_3.py for tasks to queue
[2024-06-03T21:09:32.935+0000] {logging_mixin.py:188} INFO - [2024-06-03T21:09:32.935+0000] {dagbag.py:545} INFO - Filling up the DagBag from /home/airflow/.local/lib/python3.12/site-packages/airflow/example_dags/example_branch_python_dop_operator_3.py
[2024-06-03T21:09:32.951+0000] {processor.py:840} INFO - DAG(s) 'example_branch_dop_operator_v3' retrieved from /home/airflow/.local/lib/python3.12/site-packages/airflow/example_dags/example_branch_python_dop_operator_3.py
[2024-06-03T21:09:33.109+0000] {logging_mixin.py:188} INFO - [2024-06-03T21:09:33.107+0000] {override.py:1829} INFO - Created Permission View: can edit on DAG:example_branch_dop_operator_v3
[2024-06-03T21:09:33.124+0000] {logging_mixin.py:188} INFO - [2024-06-03T21:09:33.123+0000] {override.py:1829} INFO - Created Permission View: can read on DAG:example_branch_dop_operator_v3
[2024-06-03T21:09:33.134+0000] {logging_mixin.py:188} INFO - [2024-06-03T21:09:33.134+0000] {override.py:1829} INFO - Created Permission View: can delete on DAG:example_branch_dop_operator_v3
[2024-06-03T21:09:33.135+0000] {logging_mixin.py:188} INFO - [2024-06-03T21:09:33.135+0000] {dag.py:3096} INFO - Sync 1 DAGs
[2024-06-03T21:09:33.151+0000] {logging_mixin.py:188} INFO - [2024-06-03T21:09:33.151+0000] {dag.py:3118} INFO - Creating ORM DAG for example_branch_dop_operator_v3
[2024-06-03T21:09:33.173+0000] {logging_mixin.py:188} INFO - [2024-06-03T21:09:33.173+0000] {dag.py:3954} INFO - Setting next_dagrun for example_branch_dop_operator_v3 to 2024-06-03 21:08:00+00:00, run_after=2024-06-03 21:09:00+00:00
[2024-06-03T21:09:33.197+0000] {processor.py:183} INFO - Processing /home/airflow/.local/lib/python3.12/site-packages/airflow/example_dags/example_branch_python_dop_operator_3.py took 0.273 seconds
[2024-06-03T21:10:03.424+0000] {processor.py:161} INFO - Started process (PID=130) to work on /home/airflow/.local/lib/python3.12/site-packages/airflow/example_dags/example_branch_python_dop_operator_3.py
[2024-06-03T21:10:03.425+0000] {processor.py:830} INFO - Processing file /home/airflow/.local/lib/python3.12/site-packages/airflow/example_dags/example_branch_python_dop_operator_3.py for tasks to queue
[2024-06-03T21:10:03.428+0000] {logging_mixin.py:188} INFO - [2024-06-03T21:10:03.428+0000] {dagbag.py:545} INFO - Filling up the DagBag from /home/airflow/.local/lib/python3.12/site-packages/airflow/example_dags/example_branch_python_dop_operator_3.py
[2024-06-03T21:10:03.439+0000] {processor.py:840} INFO - DAG(s) 'example_branch_dop_operator_v3' retrieved from /home/airflow/.local/lib/python3.12/site-packages/airflow/example_dags/example_branch_python_dop_operator_3.py
[2024-06-03T21:10:03.471+0000] {logging_mixin.py:188} INFO - [2024-06-03T21:10:03.471+0000] {dag.py:3096} INFO - Sync 1 DAGs
[2024-06-03T21:10:03.515+0000] {logging_mixin.py:188} INFO - [2024-06-03T21:10:03.515+0000] {dag.py:3954} INFO - Setting next_dagrun for example_branch_dop_operator_v3 to 2024-06-03 21:09:00+00:00, run_after=2024-06-03 21:10:00+00:00
[2024-06-03T21:10:03.565+0000] {processor.py:183} INFO - Processing /home/airflow/.local/lib/python3.12/site-packages/airflow/example_dags/example_branch_python_dop_operator_3.py took 0.149 seconds
[2024-06-03T21:10:34.472+0000] {processor.py:161} INFO - Started process (PID=188) to work on /home/airflow/.local/lib/python3.12/site-packages/airflow/example_dags/example_branch_python_dop_operator_3.py
[2024-06-03T21:10:34.474+0000] {processor.py:830} INFO - Processing file /home/airflow/.local/lib/python3.12/site-packages/airflow/example_dags/example_branch_python_dop_operator_3.py for tasks to queue
[2024-06-03T21:10:34.476+0000] {logging_mixin.py:188} INFO - [2024-06-03T21:10:34.476+0000] {dagbag.py:545} INFO - Filling up the DagBag from /home/airflow/.local/lib/python3.12/site-packages/airflow/example_dags/example_branch_python_dop_operator_3.py
[2024-06-03T21:10:34.485+0000] {processor.py:840} INFO - DAG(s) 'example_branch_dop_operator_v3' retrieved from /home/airflow/.local/lib/python3.12/site-packages/airflow/example_dags/example_branch_python_dop_operator_3.py
[2024-06-03T21:10:34.507+0000] {logging_mixin.py:188} INFO - [2024-06-03T21:10:34.507+0000] {dag.py:3096} INFO - Sync 1 DAGs
[2024-06-03T21:10:34.540+0000] {logging_mixin.py:188} INFO - [2024-06-03T21:10:34.540+0000] {dag.py:3954} INFO - Setting next_dagrun for example_branch_dop_operator_v3 to 2024-06-03 21:09:00+00:00, run_after=2024-06-03 21:10:00+00:00
[2024-06-03T21:10:34.564+0000] {processor.py:183} INFO - Processing /home/airflow/.local/lib/python3.12/site-packages/airflow/example_dags/example_branch_python_dop_operator_3.py took 0.098 seconds
[2024-06-03T21:11:05.442+0000] {processor.py:161} INFO - Started process (PID=246) to work on /home/airflow/.local/lib/python3.12/site-packages/airflow/example_dags/example_branch_python_dop_operator_3.py
[2024-06-03T21:11:05.444+0000] {processor.py:830} INFO - Processing file /home/airflow/.local/lib/python3.12/site-packages/airflow/example_dags/example_branch_python_dop_operator_3.py for tasks to queue
[2024-06-03T21:11:05.446+0000] {logging_mixin.py:188} INFO - [2024-06-03T21:11:05.446+0000] {dagbag.py:545} INFO - Filling up the DagBag from /home/airflow/.local/lib/python3.12/site-packages/airflow/example_dags/example_branch_python_dop_operator_3.py
[2024-06-03T21:11:05.458+0000] {processor.py:840} INFO - DAG(s) 'example_branch_dop_operator_v3' retrieved from /home/airflow/.local/lib/python3.12/site-packages/airflow/example_dags/example_branch_python_dop_operator_3.py
[2024-06-03T21:11:05.485+0000] {logging_mixin.py:188} INFO - [2024-06-03T21:11:05.484+0000] {dag.py:3096} INFO - Sync 1 DAGs
[2024-06-03T21:11:05.516+0000] {logging_mixin.py:188} INFO - [2024-06-03T21:11:05.515+0000] {dag.py:3954} INFO - Setting next_dagrun for example_branch_dop_operator_v3 to 2024-06-03 21:10:00+00:00, run_after=2024-06-03 21:11:00+00:00
[2024-06-03T21:11:05.543+0000] {processor.py:183} INFO - Processing /home/airflow/.local/lib/python3.12/site-packages/airflow/example_dags/example_branch_python_dop_operator_3.py took 0.109 seconds
[2024-06-03T21:11:35.613+0000] {processor.py:161} INFO - Started process (PID=305) to work on /home/airflow/.local/lib/python3.12/site-packages/airflow/example_dags/example_branch_python_dop_operator_3.py
[2024-06-03T21:11:35.615+0000] {processor.py:830} INFO - Processing file /home/airflow/.local/lib/python3.12/site-packages/airflow/example_dags/example_branch_python_dop_operator_3.py for tasks to queue
[2024-06-03T21:11:35.617+0000] {logging_mixin.py:188} INFO - [2024-06-03T21:11:35.616+0000] {dagbag.py:545} INFO - Filling up the DagBag from /home/airflow/.local/lib/python3.12/site-packages/airflow/example_dags/example_branch_python_dop_operator_3.py
[2024-06-03T21:11:35.627+0000] {processor.py:840} INFO - DAG(s) 'example_branch_dop_operator_v3' retrieved from /home/airflow/.local/lib/python3.12/site-packages/airflow/example_dags/example_branch_python_dop_operator_3.py
[2024-06-03T21:11:35.652+0000] {logging_mixin.py:188} INFO - [2024-06-03T21:11:35.652+0000] {dag.py:3096} INFO - Sync 1 DAGs
[2024-06-03T21:11:35.683+0000] {logging_mixin.py:188} INFO - [2024-06-03T21:11:35.683+0000] {dag.py:3954} INFO - Setting next_dagrun for example_branch_dop_operator_v3 to 2024-06-03 21:10:00+00:00, run_after=2024-06-03 21:11:00+00:00
[2024-06-03T21:11:35.708+0000] {processor.py:183} INFO - Processing /home/airflow/.local/lib/python3.12/site-packages/airflow/example_dags/example_branch_python_dop_operator_3.py took 0.102 seconds
[2024-06-03T21:12:06.745+0000] {processor.py:161} INFO - Started process (PID=363) to work on /home/airflow/.local/lib/python3.12/site-packages/airflow/example_dags/example_branch_python_dop_operator_3.py
[2024-06-03T21:12:06.750+0000] {processor.py:830} INFO - Processing file /home/airflow/.local/lib/python3.12/site-packages/airflow/example_dags/example_branch_python_dop_operator_3.py for tasks to queue
[2024-06-03T21:12:06.758+0000] {logging_mixin.py:188} INFO - [2024-06-03T21:12:06.755+0000] {dagbag.py:545} INFO - Filling up the DagBag from /home/airflow/.local/lib/python3.12/site-packages/airflow/example_dags/example_branch_python_dop_operator_3.py
[2024-06-03T21:12:06.783+0000] {processor.py:840} INFO - DAG(s) 'example_branch_dop_operator_v3' retrieved from /home/airflow/.local/lib/python3.12/site-packages/airflow/example_dags/example_branch_python_dop_operator_3.py
[2024-06-03T21:12:06.844+0000] {logging_mixin.py:188} INFO - [2024-06-03T21:12:06.843+0000] {dag.py:3096} INFO - Sync 1 DAGs
[2024-06-03T21:12:06.919+0000] {logging_mixin.py:188} INFO - [2024-06-03T21:12:06.919+0000] {dag.py:3954} INFO - Setting next_dagrun for example_branch_dop_operator_v3 to 2024-06-03 21:11:00+00:00, run_after=2024-06-03 21:12:00+00:00
[2024-06-03T21:12:06.963+0000] {processor.py:183} INFO - Processing /home/airflow/.local/lib/python3.12/site-packages/airflow/example_dags/example_branch_python_dop_operator_3.py took 0.232 seconds
[2024-06-03T21:12:37.431+0000] {processor.py:161} INFO - Started process (PID=421) to work on /home/airflow/.local/lib/python3.12/site-packages/airflow/example_dags/example_branch_python_dop_operator_3.py
[2024-06-03T21:12:37.433+0000] {processor.py:830} INFO - Processing file /home/airflow/.local/lib/python3.12/site-packages/airflow/example_dags/example_branch_python_dop_operator_3.py for tasks to queue
[2024-06-03T21:12:37.436+0000] {logging_mixin.py:188} INFO - [2024-06-03T21:12:37.435+0000] {dagbag.py:545} INFO - Filling up the DagBag from /home/airflow/.local/lib/python3.12/site-packages/airflow/example_dags/example_branch_python_dop_operator_3.py
[2024-06-03T21:12:37.447+0000] {processor.py:840} INFO - DAG(s) 'example_branch_dop_operator_v3' retrieved from /home/airflow/.local/lib/python3.12/site-packages/airflow/example_dags/example_branch_python_dop_operator_3.py
[2024-06-03T21:12:37.481+0000] {logging_mixin.py:188} INFO - [2024-06-03T21:12:37.481+0000] {dag.py:3096} INFO - Sync 1 DAGs
[2024-06-03T21:12:37.517+0000] {logging_mixin.py:188} INFO - [2024-06-03T21:12:37.517+0000] {dag.py:3954} INFO - Setting next_dagrun for example_branch_dop_operator_v3 to 2024-06-03 21:11:00+00:00, run_after=2024-06-03 21:12:00+00:00
[2024-06-03T21:12:37.547+0000] {processor.py:183} INFO - Processing /home/airflow/.local/lib/python3.12/site-packages/airflow/example_dags/example_branch_python_dop_operator_3.py took 0.124 seconds
[2024-06-03T21:13:07.903+0000] {processor.py:161} INFO - Started process (PID=479) to work on /home/airflow/.local/lib/python3.12/site-packages/airflow/example_dags/example_branch_python_dop_operator_3.py
[2024-06-03T21:13:07.904+0000] {processor.py:830} INFO - Processing file /home/airflow/.local/lib/python3.12/site-packages/airflow/example_dags/example_branch_python_dop_operator_3.py for tasks to queue
[2024-06-03T21:13:07.907+0000] {logging_mixin.py:188} INFO - [2024-06-03T21:13:07.906+0000] {dagbag.py:545} INFO - Filling up the DagBag from /home/airflow/.local/lib/python3.12/site-packages/airflow/example_dags/example_branch_python_dop_operator_3.py
[2024-06-03T21:13:07.916+0000] {processor.py:840} INFO - DAG(s) 'example_branch_dop_operator_v3' retrieved from /home/airflow/.local/lib/python3.12/site-packages/airflow/example_dags/example_branch_python_dop_operator_3.py
[2024-06-03T21:13:07.943+0000] {logging_mixin.py:188} INFO - [2024-06-03T21:13:07.943+0000] {dag.py:3096} INFO - Sync 1 DAGs
[2024-06-03T21:13:07.975+0000] {logging_mixin.py:188} INFO - [2024-06-03T21:13:07.975+0000] {dag.py:3954} INFO - Setting next_dagrun for example_branch_dop_operator_v3 to 2024-06-03 21:12:00+00:00, run_after=2024-06-03 21:13:00+00:00
[2024-06-03T21:13:08.002+0000] {processor.py:183} INFO - Processing /home/airflow/.local/lib/python3.12/site-packages/airflow/example_dags/example_branch_python_dop_operator_3.py took 0.105 seconds
