[2024-06-03T21:09:22.124+0000] {processor.py:161} INFO - Started process (PID=46) to work on /home/airflow/.local/lib/python3.12/site-packages/airflow/example_dags/example_dag_decorator.py
[2024-06-03T21:09:22.126+0000] {processor.py:830} INFO - Processing file /home/airflow/.local/lib/python3.12/site-packages/airflow/example_dags/example_dag_decorator.py for tasks to queue
[2024-06-03T21:09:22.131+0000] {logging_mixin.py:188} INFO - [2024-06-03T21:09:22.130+0000] {dagbag.py:545} INFO - Filling up the DagBag from /home/airflow/.local/lib/python3.12/site-packages/airflow/example_dags/example_dag_decorator.py
[2024-06-03T21:09:22.826+0000] {processor.py:840} INFO - DAG(s) 'example_dag_decorator' retrieved from /home/airflow/.local/lib/python3.12/site-packages/airflow/example_dags/example_dag_decorator.py
[2024-06-03T21:09:23.123+0000] {logging_mixin.py:188} INFO - [2024-06-03T21:09:23.121+0000] {override.py:1829} INFO - Created Permission View: can edit on DAG:example_dag_decorator
[2024-06-03T21:09:23.149+0000] {logging_mixin.py:188} INFO - [2024-06-03T21:09:23.148+0000] {override.py:1829} INFO - Created Permission View: can read on DAG:example_dag_decorator
[2024-06-03T21:09:23.168+0000] {logging_mixin.py:188} INFO - [2024-06-03T21:09:23.168+0000] {override.py:1829} INFO - Created Permission View: can delete on DAG:example_dag_decorator
[2024-06-03T21:09:23.171+0000] {logging_mixin.py:188} INFO - [2024-06-03T21:09:23.171+0000] {dag.py:3096} INFO - Sync 1 DAGs
[2024-06-03T21:09:23.227+0000] {logging_mixin.py:188} INFO - [2024-06-03T21:09:23.227+0000] {dag.py:3118} INFO - Creating ORM DAG for example_dag_decorator
[2024-06-03T21:09:23.229+0000] {logging_mixin.py:188} INFO - [2024-06-03T21:09:23.229+0000] {dag.py:3954} INFO - Setting next_dagrun for example_dag_decorator to None, run_after=None
[2024-06-03T21:09:23.288+0000] {processor.py:183} INFO - Processing /home/airflow/.local/lib/python3.12/site-packages/airflow/example_dags/example_dag_decorator.py took 1.175 seconds
[2024-06-03T21:09:53.469+0000] {processor.py:161} INFO - Started process (PID=104) to work on /home/airflow/.local/lib/python3.12/site-packages/airflow/example_dags/example_dag_decorator.py
[2024-06-03T21:09:53.471+0000] {processor.py:830} INFO - Processing file /home/airflow/.local/lib/python3.12/site-packages/airflow/example_dags/example_dag_decorator.py for tasks to queue
[2024-06-03T21:09:53.475+0000] {logging_mixin.py:188} INFO - [2024-06-03T21:09:53.474+0000] {dagbag.py:545} INFO - Filling up the DagBag from /home/airflow/.local/lib/python3.12/site-packages/airflow/example_dags/example_dag_decorator.py
[2024-06-03T21:09:53.696+0000] {processor.py:840} INFO - DAG(s) 'example_dag_decorator' retrieved from /home/airflow/.local/lib/python3.12/site-packages/airflow/example_dags/example_dag_decorator.py
[2024-06-03T21:09:53.890+0000] {logging_mixin.py:188} INFO - [2024-06-03T21:09:53.890+0000] {dag.py:3096} INFO - Sync 1 DAGs
[2024-06-03T21:09:53.942+0000] {logging_mixin.py:188} INFO - [2024-06-03T21:09:53.941+0000] {dag.py:3954} INFO - Setting next_dagrun for example_dag_decorator to None, run_after=None
[2024-06-03T21:09:53.988+0000] {processor.py:183} INFO - Processing /home/airflow/.local/lib/python3.12/site-packages/airflow/example_dags/example_dag_decorator.py took 0.526 seconds
[2024-06-03T21:10:24.426+0000] {processor.py:161} INFO - Started process (PID=162) to work on /home/airflow/.local/lib/python3.12/site-packages/airflow/example_dags/example_dag_decorator.py
[2024-06-03T21:10:24.428+0000] {processor.py:830} INFO - Processing file /home/airflow/.local/lib/python3.12/site-packages/airflow/example_dags/example_dag_decorator.py for tasks to queue
[2024-06-03T21:10:24.433+0000] {logging_mixin.py:188} INFO - [2024-06-03T21:10:24.432+0000] {dagbag.py:545} INFO - Filling up the DagBag from /home/airflow/.local/lib/python3.12/site-packages/airflow/example_dags/example_dag_decorator.py
[2024-06-03T21:10:24.838+0000] {processor.py:840} INFO - DAG(s) 'example_dag_decorator' retrieved from /home/airflow/.local/lib/python3.12/site-packages/airflow/example_dags/example_dag_decorator.py
[2024-06-03T21:10:25.465+0000] {logging_mixin.py:188} INFO - [2024-06-03T21:10:25.465+0000] {dag.py:3096} INFO - Sync 1 DAGs
[2024-06-03T21:10:25.505+0000] {logging_mixin.py:188} INFO - [2024-06-03T21:10:25.504+0000] {dag.py:3954} INFO - Setting next_dagrun for example_dag_decorator to None, run_after=None
[2024-06-03T21:10:25.555+0000] {processor.py:183} INFO - Processing /home/airflow/.local/lib/python3.12/site-packages/airflow/example_dags/example_dag_decorator.py took 1.148 seconds
[2024-06-03T21:10:55.689+0000] {processor.py:161} INFO - Started process (PID=221) to work on /home/airflow/.local/lib/python3.12/site-packages/airflow/example_dags/example_dag_decorator.py
[2024-06-03T21:10:55.691+0000] {processor.py:830} INFO - Processing file /home/airflow/.local/lib/python3.12/site-packages/airflow/example_dags/example_dag_decorator.py for tasks to queue
[2024-06-03T21:10:55.693+0000] {logging_mixin.py:188} INFO - [2024-06-03T21:10:55.693+0000] {dagbag.py:545} INFO - Filling up the DagBag from /home/airflow/.local/lib/python3.12/site-packages/airflow/example_dags/example_dag_decorator.py
[2024-06-03T21:10:55.816+0000] {processor.py:840} INFO - DAG(s) 'example_dag_decorator' retrieved from /home/airflow/.local/lib/python3.12/site-packages/airflow/example_dags/example_dag_decorator.py
[2024-06-03T21:10:55.958+0000] {logging_mixin.py:188} INFO - [2024-06-03T21:10:55.958+0000] {dag.py:3096} INFO - Sync 1 DAGs
[2024-06-03T21:10:55.975+0000] {logging_mixin.py:188} INFO - [2024-06-03T21:10:55.975+0000] {dag.py:3954} INFO - Setting next_dagrun for example_dag_decorator to None, run_after=None
[2024-06-03T21:10:56.013+0000] {processor.py:183} INFO - Processing /home/airflow/.local/lib/python3.12/site-packages/airflow/example_dags/example_dag_decorator.py took 0.330 seconds
[2024-06-03T21:11:26.139+0000] {processor.py:161} INFO - Started process (PID=282) to work on /home/airflow/.local/lib/python3.12/site-packages/airflow/example_dags/example_dag_decorator.py
[2024-06-03T21:11:26.141+0000] {processor.py:830} INFO - Processing file /home/airflow/.local/lib/python3.12/site-packages/airflow/example_dags/example_dag_decorator.py for tasks to queue
[2024-06-03T21:11:26.144+0000] {logging_mixin.py:188} INFO - [2024-06-03T21:11:26.143+0000] {dagbag.py:545} INFO - Filling up the DagBag from /home/airflow/.local/lib/python3.12/site-packages/airflow/example_dags/example_dag_decorator.py
[2024-06-03T21:11:26.293+0000] {processor.py:840} INFO - DAG(s) 'example_dag_decorator' retrieved from /home/airflow/.local/lib/python3.12/site-packages/airflow/example_dags/example_dag_decorator.py
[2024-06-03T21:11:26.396+0000] {logging_mixin.py:188} INFO - [2024-06-03T21:11:26.396+0000] {dag.py:3096} INFO - Sync 1 DAGs
[2024-06-03T21:11:26.406+0000] {logging_mixin.py:188} INFO - [2024-06-03T21:11:26.406+0000] {dag.py:3954} INFO - Setting next_dagrun for example_dag_decorator to None, run_after=None
[2024-06-03T21:11:26.427+0000] {processor.py:183} INFO - Processing /home/airflow/.local/lib/python3.12/site-packages/airflow/example_dags/example_dag_decorator.py took 0.295 seconds
[2024-06-03T21:11:56.534+0000] {processor.py:161} INFO - Started process (PID=338) to work on /home/airflow/.local/lib/python3.12/site-packages/airflow/example_dags/example_dag_decorator.py
[2024-06-03T21:11:56.537+0000] {processor.py:830} INFO - Processing file /home/airflow/.local/lib/python3.12/site-packages/airflow/example_dags/example_dag_decorator.py for tasks to queue
[2024-06-03T21:11:56.540+0000] {logging_mixin.py:188} INFO - [2024-06-03T21:11:56.540+0000] {dagbag.py:545} INFO - Filling up the DagBag from /home/airflow/.local/lib/python3.12/site-packages/airflow/example_dags/example_dag_decorator.py
[2024-06-03T21:11:56.827+0000] {processor.py:840} INFO - DAG(s) 'example_dag_decorator' retrieved from /home/airflow/.local/lib/python3.12/site-packages/airflow/example_dags/example_dag_decorator.py
[2024-06-03T21:11:57.069+0000] {logging_mixin.py:188} INFO - [2024-06-03T21:11:57.068+0000] {dag.py:3096} INFO - Sync 1 DAGs
[2024-06-03T21:11:57.096+0000] {logging_mixin.py:188} INFO - [2024-06-03T21:11:57.095+0000] {dag.py:3954} INFO - Setting next_dagrun for example_dag_decorator to None, run_after=None
[2024-06-03T21:11:57.161+0000] {processor.py:183} INFO - Processing /home/airflow/.local/lib/python3.12/site-packages/airflow/example_dags/example_dag_decorator.py took 0.640 seconds
[2024-06-03T21:12:27.362+0000] {processor.py:161} INFO - Started process (PID=396) to work on /home/airflow/.local/lib/python3.12/site-packages/airflow/example_dags/example_dag_decorator.py
[2024-06-03T21:12:27.363+0000] {processor.py:830} INFO - Processing file /home/airflow/.local/lib/python3.12/site-packages/airflow/example_dags/example_dag_decorator.py for tasks to queue
[2024-06-03T21:12:27.366+0000] {logging_mixin.py:188} INFO - [2024-06-03T21:12:27.366+0000] {dagbag.py:545} INFO - Filling up the DagBag from /home/airflow/.local/lib/python3.12/site-packages/airflow/example_dags/example_dag_decorator.py
[2024-06-03T21:12:27.518+0000] {processor.py:840} INFO - DAG(s) 'example_dag_decorator' retrieved from /home/airflow/.local/lib/python3.12/site-packages/airflow/example_dags/example_dag_decorator.py
[2024-06-03T21:12:27.686+0000] {logging_mixin.py:188} INFO - [2024-06-03T21:12:27.686+0000] {dag.py:3096} INFO - Sync 1 DAGs
[2024-06-03T21:12:27.704+0000] {logging_mixin.py:188} INFO - [2024-06-03T21:12:27.703+0000] {dag.py:3954} INFO - Setting next_dagrun for example_dag_decorator to None, run_after=None
[2024-06-03T21:12:27.733+0000] {processor.py:183} INFO - Processing /home/airflow/.local/lib/python3.12/site-packages/airflow/example_dags/example_dag_decorator.py took 0.379 seconds
[2024-06-03T21:12:58.195+0000] {processor.py:161} INFO - Started process (PID=454) to work on /home/airflow/.local/lib/python3.12/site-packages/airflow/example_dags/example_dag_decorator.py
[2024-06-03T21:12:58.196+0000] {processor.py:830} INFO - Processing file /home/airflow/.local/lib/python3.12/site-packages/airflow/example_dags/example_dag_decorator.py for tasks to queue
[2024-06-03T21:12:58.199+0000] {logging_mixin.py:188} INFO - [2024-06-03T21:12:58.199+0000] {dagbag.py:545} INFO - Filling up the DagBag from /home/airflow/.local/lib/python3.12/site-packages/airflow/example_dags/example_dag_decorator.py
[2024-06-03T21:12:58.350+0000] {processor.py:840} INFO - DAG(s) 'example_dag_decorator' retrieved from /home/airflow/.local/lib/python3.12/site-packages/airflow/example_dags/example_dag_decorator.py
[2024-06-03T21:12:58.526+0000] {logging_mixin.py:188} INFO - [2024-06-03T21:12:58.526+0000] {dag.py:3096} INFO - Sync 1 DAGs
[2024-06-03T21:12:58.539+0000] {logging_mixin.py:188} INFO - [2024-06-03T21:12:58.539+0000] {dag.py:3954} INFO - Setting next_dagrun for example_dag_decorator to None, run_after=None
[2024-06-03T21:12:58.565+0000] {processor.py:183} INFO - Processing /home/airflow/.local/lib/python3.12/site-packages/airflow/example_dags/example_dag_decorator.py took 0.378 seconds
