[2024-06-03T21:09:30.283+0000] {processor.py:161} INFO - Started process (PID=64) to work on /home/airflow/.local/lib/python3.12/site-packages/airflow/example_dags/example_python_operator.py
[2024-06-03T21:09:30.285+0000] {processor.py:830} INFO - Processing file /home/airflow/.local/lib/python3.12/site-packages/airflow/example_dags/example_python_operator.py for tasks to queue
[2024-06-03T21:09:30.289+0000] {logging_mixin.py:188} INFO - [2024-06-03T21:09:30.288+0000] {dagbag.py:545} INFO - Filling up the DagBag from /home/airflow/.local/lib/python3.12/site-packages/airflow/example_dags/example_python_operator.py
[2024-06-03T21:09:30.346+0000] {processor.py:840} INFO - DAG(s) 'example_python_operator' retrieved from /home/airflow/.local/lib/python3.12/site-packages/airflow/example_dags/example_python_operator.py
[2024-06-03T21:09:30.653+0000] {logging_mixin.py:188} INFO - [2024-06-03T21:09:30.652+0000] {override.py:1829} INFO - Created Permission View: can edit on DAG:example_python_operator
[2024-06-03T21:09:30.671+0000] {logging_mixin.py:188} INFO - [2024-06-03T21:09:30.670+0000] {override.py:1829} INFO - Created Permission View: can read on DAG:example_python_operator
[2024-06-03T21:09:30.685+0000] {logging_mixin.py:188} INFO - [2024-06-03T21:09:30.684+0000] {override.py:1829} INFO - Created Permission View: can delete on DAG:example_python_operator
[2024-06-03T21:09:30.686+0000] {logging_mixin.py:188} INFO - [2024-06-03T21:09:30.686+0000] {dag.py:3096} INFO - Sync 1 DAGs
[2024-06-03T21:09:30.718+0000] {logging_mixin.py:188} INFO - [2024-06-03T21:09:30.717+0000] {dag.py:3118} INFO - Creating ORM DAG for example_python_operator
[2024-06-03T21:09:30.720+0000] {logging_mixin.py:188} INFO - [2024-06-03T21:09:30.719+0000] {dag.py:3954} INFO - Setting next_dagrun for example_python_operator to None, run_after=None
[2024-06-03T21:09:30.755+0000] {processor.py:183} INFO - Processing /home/airflow/.local/lib/python3.12/site-packages/airflow/example_dags/example_python_operator.py took 0.506 seconds
[2024-06-03T21:10:00.846+0000] {processor.py:161} INFO - Started process (PID=122) to work on /home/airflow/.local/lib/python3.12/site-packages/airflow/example_dags/example_python_operator.py
[2024-06-03T21:10:00.848+0000] {processor.py:830} INFO - Processing file /home/airflow/.local/lib/python3.12/site-packages/airflow/example_dags/example_python_operator.py for tasks to queue
[2024-06-03T21:10:00.850+0000] {logging_mixin.py:188} INFO - [2024-06-03T21:10:00.849+0000] {dagbag.py:545} INFO - Filling up the DagBag from /home/airflow/.local/lib/python3.12/site-packages/airflow/example_dags/example_python_operator.py
[2024-06-03T21:10:00.861+0000] {processor.py:840} INFO - DAG(s) 'example_python_operator' retrieved from /home/airflow/.local/lib/python3.12/site-packages/airflow/example_dags/example_python_operator.py
[2024-06-03T21:10:00.887+0000] {logging_mixin.py:188} INFO - [2024-06-03T21:10:00.887+0000] {dag.py:3096} INFO - Sync 1 DAGs
[2024-06-03T21:10:00.904+0000] {logging_mixin.py:188} INFO - [2024-06-03T21:10:00.903+0000] {dag.py:3954} INFO - Setting next_dagrun for example_python_operator to None, run_after=None
[2024-06-03T21:10:00.932+0000] {processor.py:183} INFO - Processing /home/airflow/.local/lib/python3.12/site-packages/airflow/example_dags/example_python_operator.py took 0.091 seconds
[2024-06-03T21:10:31.637+0000] {processor.py:161} INFO - Started process (PID=180) to work on /home/airflow/.local/lib/python3.12/site-packages/airflow/example_dags/example_python_operator.py
[2024-06-03T21:10:31.639+0000] {processor.py:830} INFO - Processing file /home/airflow/.local/lib/python3.12/site-packages/airflow/example_dags/example_python_operator.py for tasks to queue
[2024-06-03T21:10:31.640+0000] {logging_mixin.py:188} INFO - [2024-06-03T21:10:31.640+0000] {dagbag.py:545} INFO - Filling up the DagBag from /home/airflow/.local/lib/python3.12/site-packages/airflow/example_dags/example_python_operator.py
[2024-06-03T21:10:31.649+0000] {processor.py:840} INFO - DAG(s) 'example_python_operator' retrieved from /home/airflow/.local/lib/python3.12/site-packages/airflow/example_dags/example_python_operator.py
[2024-06-03T21:10:31.670+0000] {logging_mixin.py:188} INFO - [2024-06-03T21:10:31.670+0000] {dag.py:3096} INFO - Sync 1 DAGs
[2024-06-03T21:10:31.683+0000] {logging_mixin.py:188} INFO - [2024-06-03T21:10:31.683+0000] {dag.py:3954} INFO - Setting next_dagrun for example_python_operator to None, run_after=None
[2024-06-03T21:10:31.707+0000] {processor.py:183} INFO - Processing /home/airflow/.local/lib/python3.12/site-packages/airflow/example_dags/example_python_operator.py took 0.075 seconds
[2024-06-03T21:11:01.858+0000] {processor.py:161} INFO - Started process (PID=238) to work on /home/airflow/.local/lib/python3.12/site-packages/airflow/example_dags/example_python_operator.py
[2024-06-03T21:11:01.859+0000] {processor.py:830} INFO - Processing file /home/airflow/.local/lib/python3.12/site-packages/airflow/example_dags/example_python_operator.py for tasks to queue
[2024-06-03T21:11:01.862+0000] {logging_mixin.py:188} INFO - [2024-06-03T21:11:01.862+0000] {dagbag.py:545} INFO - Filling up the DagBag from /home/airflow/.local/lib/python3.12/site-packages/airflow/example_dags/example_python_operator.py
[2024-06-03T21:11:01.872+0000] {processor.py:840} INFO - DAG(s) 'example_python_operator' retrieved from /home/airflow/.local/lib/python3.12/site-packages/airflow/example_dags/example_python_operator.py
[2024-06-03T21:11:01.895+0000] {logging_mixin.py:188} INFO - [2024-06-03T21:11:01.895+0000] {dag.py:3096} INFO - Sync 1 DAGs
[2024-06-03T21:11:01.909+0000] {logging_mixin.py:188} INFO - [2024-06-03T21:11:01.909+0000] {dag.py:3954} INFO - Setting next_dagrun for example_python_operator to None, run_after=None
[2024-06-03T21:11:01.936+0000] {processor.py:183} INFO - Processing /home/airflow/.local/lib/python3.12/site-packages/airflow/example_dags/example_python_operator.py took 0.085 seconds
[2024-06-03T21:11:32.085+0000] {processor.py:161} INFO - Started process (PID=297) to work on /home/airflow/.local/lib/python3.12/site-packages/airflow/example_dags/example_python_operator.py
[2024-06-03T21:11:32.087+0000] {processor.py:830} INFO - Processing file /home/airflow/.local/lib/python3.12/site-packages/airflow/example_dags/example_python_operator.py for tasks to queue
[2024-06-03T21:11:32.089+0000] {logging_mixin.py:188} INFO - [2024-06-03T21:11:32.089+0000] {dagbag.py:545} INFO - Filling up the DagBag from /home/airflow/.local/lib/python3.12/site-packages/airflow/example_dags/example_python_operator.py
[2024-06-03T21:11:32.102+0000] {processor.py:840} INFO - DAG(s) 'example_python_operator' retrieved from /home/airflow/.local/lib/python3.12/site-packages/airflow/example_dags/example_python_operator.py
[2024-06-03T21:11:32.131+0000] {logging_mixin.py:188} INFO - [2024-06-03T21:11:32.130+0000] {dag.py:3096} INFO - Sync 1 DAGs
[2024-06-03T21:11:32.150+0000] {logging_mixin.py:188} INFO - [2024-06-03T21:11:32.150+0000] {dag.py:3954} INFO - Setting next_dagrun for example_python_operator to None, run_after=None
[2024-06-03T21:11:32.174+0000] {processor.py:183} INFO - Processing /home/airflow/.local/lib/python3.12/site-packages/airflow/example_dags/example_python_operator.py took 0.096 seconds
[2024-06-03T21:12:02.579+0000] {processor.py:161} INFO - Started process (PID=355) to work on /home/airflow/.local/lib/python3.12/site-packages/airflow/example_dags/example_python_operator.py
[2024-06-03T21:12:02.581+0000] {processor.py:830} INFO - Processing file /home/airflow/.local/lib/python3.12/site-packages/airflow/example_dags/example_python_operator.py for tasks to queue
[2024-06-03T21:12:02.585+0000] {logging_mixin.py:188} INFO - [2024-06-03T21:12:02.584+0000] {dagbag.py:545} INFO - Filling up the DagBag from /home/airflow/.local/lib/python3.12/site-packages/airflow/example_dags/example_python_operator.py
[2024-06-03T21:12:02.609+0000] {processor.py:840} INFO - DAG(s) 'example_python_operator' retrieved from /home/airflow/.local/lib/python3.12/site-packages/airflow/example_dags/example_python_operator.py
[2024-06-03T21:12:02.654+0000] {logging_mixin.py:188} INFO - [2024-06-03T21:12:02.654+0000] {dag.py:3096} INFO - Sync 1 DAGs
[2024-06-03T21:12:02.688+0000] {logging_mixin.py:188} INFO - [2024-06-03T21:12:02.687+0000] {dag.py:3954} INFO - Setting next_dagrun for example_python_operator to None, run_after=None
[2024-06-03T21:12:02.739+0000] {processor.py:183} INFO - Processing /home/airflow/.local/lib/python3.12/site-packages/airflow/example_dags/example_python_operator.py took 0.171 seconds
[2024-06-03T21:12:32.828+0000] {processor.py:161} INFO - Started process (PID=413) to work on /home/airflow/.local/lib/python3.12/site-packages/airflow/example_dags/example_python_operator.py
[2024-06-03T21:12:32.830+0000] {processor.py:830} INFO - Processing file /home/airflow/.local/lib/python3.12/site-packages/airflow/example_dags/example_python_operator.py for tasks to queue
[2024-06-03T21:12:32.835+0000] {logging_mixin.py:188} INFO - [2024-06-03T21:12:32.834+0000] {dagbag.py:545} INFO - Filling up the DagBag from /home/airflow/.local/lib/python3.12/site-packages/airflow/example_dags/example_python_operator.py
[2024-06-03T21:12:32.852+0000] {processor.py:840} INFO - DAG(s) 'example_python_operator' retrieved from /home/airflow/.local/lib/python3.12/site-packages/airflow/example_dags/example_python_operator.py
[2024-06-03T21:12:32.879+0000] {logging_mixin.py:188} INFO - [2024-06-03T21:12:32.879+0000] {dag.py:3096} INFO - Sync 1 DAGs
[2024-06-03T21:12:32.893+0000] {logging_mixin.py:188} INFO - [2024-06-03T21:12:32.892+0000] {dag.py:3954} INFO - Setting next_dagrun for example_python_operator to None, run_after=None
[2024-06-03T21:12:32.916+0000] {processor.py:183} INFO - Processing /home/airflow/.local/lib/python3.12/site-packages/airflow/example_dags/example_python_operator.py took 0.099 seconds
[2024-06-03T21:13:03.367+0000] {processor.py:161} INFO - Started process (PID=471) to work on /home/airflow/.local/lib/python3.12/site-packages/airflow/example_dags/example_python_operator.py
[2024-06-03T21:13:03.369+0000] {processor.py:830} INFO - Processing file /home/airflow/.local/lib/python3.12/site-packages/airflow/example_dags/example_python_operator.py for tasks to queue
[2024-06-03T21:13:03.371+0000] {logging_mixin.py:188} INFO - [2024-06-03T21:13:03.371+0000] {dagbag.py:545} INFO - Filling up the DagBag from /home/airflow/.local/lib/python3.12/site-packages/airflow/example_dags/example_python_operator.py
[2024-06-03T21:13:03.380+0000] {processor.py:840} INFO - DAG(s) 'example_python_operator' retrieved from /home/airflow/.local/lib/python3.12/site-packages/airflow/example_dags/example_python_operator.py
[2024-06-03T21:13:03.401+0000] {logging_mixin.py:188} INFO - [2024-06-03T21:13:03.401+0000] {dag.py:3096} INFO - Sync 1 DAGs
[2024-06-03T21:13:03.413+0000] {logging_mixin.py:188} INFO - [2024-06-03T21:13:03.413+0000] {dag.py:3954} INFO - Setting next_dagrun for example_python_operator to None, run_after=None
[2024-06-03T21:13:03.432+0000] {processor.py:183} INFO - Processing /home/airflow/.local/lib/python3.12/site-packages/airflow/example_dags/example_python_operator.py took 0.070 seconds
