[2024-06-03T21:09:20.680+0000] {processor.py:161} INFO - Started process (PID=33) to work on /home/airflow/.local/lib/python3.12/site-packages/airflow/example_dags/example_kubernetes_executor.py
[2024-06-03T21:09:20.682+0000] {processor.py:830} INFO - Processing file /home/airflow/.local/lib/python3.12/site-packages/airflow/example_dags/example_kubernetes_executor.py for tasks to queue
[2024-06-03T21:09:20.685+0000] {logging_mixin.py:188} INFO - [2024-06-03T21:09:20.684+0000] {dagbag.py:545} INFO - Filling up the DagBag from /home/airflow/.local/lib/python3.12/site-packages/airflow/example_dags/example_kubernetes_executor.py
[2024-06-03T21:09:20.736+0000] {processor.py:840} INFO - DAG(s) 'example_kubernetes_executor' retrieved from /home/airflow/.local/lib/python3.12/site-packages/airflow/example_dags/example_kubernetes_executor.py
[2024-06-03T21:09:21.045+0000] {logging_mixin.py:188} INFO - [2024-06-03T21:09:21.044+0000] {override.py:1829} INFO - Created Permission View: can edit on DAG:example_kubernetes_executor
[2024-06-03T21:09:21.066+0000] {logging_mixin.py:188} INFO - [2024-06-03T21:09:21.066+0000] {override.py:1829} INFO - Created Permission View: can read on DAG:example_kubernetes_executor
[2024-06-03T21:09:21.079+0000] {logging_mixin.py:188} INFO - [2024-06-03T21:09:21.079+0000] {override.py:1829} INFO - Created Permission View: can delete on DAG:example_kubernetes_executor
[2024-06-03T21:09:21.080+0000] {logging_mixin.py:188} INFO - [2024-06-03T21:09:21.080+0000] {dag.py:3096} INFO - Sync 1 DAGs
[2024-06-03T21:09:21.102+0000] {logging_mixin.py:188} INFO - [2024-06-03T21:09:21.102+0000] {dag.py:3118} INFO - Creating ORM DAG for example_kubernetes_executor
[2024-06-03T21:09:21.104+0000] {logging_mixin.py:188} INFO - [2024-06-03T21:09:21.104+0000] {dag.py:3954} INFO - Setting next_dagrun for example_kubernetes_executor to None, run_after=None
[2024-06-03T21:09:21.137+0000] {processor.py:183} INFO - Processing /home/airflow/.local/lib/python3.12/site-packages/airflow/example_dags/example_kubernetes_executor.py took 0.466 seconds
[2024-06-03T21:09:51.730+0000] {processor.py:161} INFO - Started process (PID=92) to work on /home/airflow/.local/lib/python3.12/site-packages/airflow/example_dags/example_kubernetes_executor.py
[2024-06-03T21:09:51.731+0000] {processor.py:830} INFO - Processing file /home/airflow/.local/lib/python3.12/site-packages/airflow/example_dags/example_kubernetes_executor.py for tasks to queue
[2024-06-03T21:09:51.734+0000] {logging_mixin.py:188} INFO - [2024-06-03T21:09:51.733+0000] {dagbag.py:545} INFO - Filling up the DagBag from /home/airflow/.local/lib/python3.12/site-packages/airflow/example_dags/example_kubernetes_executor.py
[2024-06-03T21:09:51.748+0000] {processor.py:840} INFO - DAG(s) 'example_kubernetes_executor' retrieved from /home/airflow/.local/lib/python3.12/site-packages/airflow/example_dags/example_kubernetes_executor.py
[2024-06-03T21:09:51.797+0000] {logging_mixin.py:188} INFO - [2024-06-03T21:09:51.797+0000] {dag.py:3096} INFO - Sync 1 DAGs
[2024-06-03T21:09:51.818+0000] {logging_mixin.py:188} INFO - [2024-06-03T21:09:51.818+0000] {dag.py:3954} INFO - Setting next_dagrun for example_kubernetes_executor to None, run_after=None
[2024-06-03T21:09:51.852+0000] {processor.py:183} INFO - Processing /home/airflow/.local/lib/python3.12/site-packages/airflow/example_dags/example_kubernetes_executor.py took 0.131 seconds
[2024-06-03T21:10:21.914+0000] {processor.py:161} INFO - Started process (PID=150) to work on /home/airflow/.local/lib/python3.12/site-packages/airflow/example_dags/example_kubernetes_executor.py
[2024-06-03T21:10:21.916+0000] {processor.py:830} INFO - Processing file /home/airflow/.local/lib/python3.12/site-packages/airflow/example_dags/example_kubernetes_executor.py for tasks to queue
[2024-06-03T21:10:21.918+0000] {logging_mixin.py:188} INFO - [2024-06-03T21:10:21.918+0000] {dagbag.py:545} INFO - Filling up the DagBag from /home/airflow/.local/lib/python3.12/site-packages/airflow/example_dags/example_kubernetes_executor.py
[2024-06-03T21:10:21.930+0000] {processor.py:840} INFO - DAG(s) 'example_kubernetes_executor' retrieved from /home/airflow/.local/lib/python3.12/site-packages/airflow/example_dags/example_kubernetes_executor.py
[2024-06-03T21:10:21.990+0000] {logging_mixin.py:188} INFO - [2024-06-03T21:10:21.990+0000] {dag.py:3096} INFO - Sync 1 DAGs
[2024-06-03T21:10:22.003+0000] {logging_mixin.py:188} INFO - [2024-06-03T21:10:22.003+0000] {dag.py:3954} INFO - Setting next_dagrun for example_kubernetes_executor to None, run_after=None
[2024-06-03T21:10:22.023+0000] {processor.py:183} INFO - Processing /home/airflow/.local/lib/python3.12/site-packages/airflow/example_dags/example_kubernetes_executor.py took 0.115 seconds
[2024-06-03T21:10:52.244+0000] {processor.py:161} INFO - Started process (PID=208) to work on /home/airflow/.local/lib/python3.12/site-packages/airflow/example_dags/example_kubernetes_executor.py
[2024-06-03T21:10:52.246+0000] {processor.py:830} INFO - Processing file /home/airflow/.local/lib/python3.12/site-packages/airflow/example_dags/example_kubernetes_executor.py for tasks to queue
[2024-06-03T21:10:52.248+0000] {logging_mixin.py:188} INFO - [2024-06-03T21:10:52.247+0000] {dagbag.py:545} INFO - Filling up the DagBag from /home/airflow/.local/lib/python3.12/site-packages/airflow/example_dags/example_kubernetes_executor.py
[2024-06-03T21:10:52.259+0000] {processor.py:840} INFO - DAG(s) 'example_kubernetes_executor' retrieved from /home/airflow/.local/lib/python3.12/site-packages/airflow/example_dags/example_kubernetes_executor.py
[2024-06-03T21:10:52.302+0000] {logging_mixin.py:188} INFO - [2024-06-03T21:10:52.301+0000] {dag.py:3096} INFO - Sync 1 DAGs
[2024-06-03T21:10:52.324+0000] {logging_mixin.py:188} INFO - [2024-06-03T21:10:52.323+0000] {dag.py:3954} INFO - Setting next_dagrun for example_kubernetes_executor to None, run_after=None
[2024-06-03T21:10:52.351+0000] {processor.py:183} INFO - Processing /home/airflow/.local/lib/python3.12/site-packages/airflow/example_dags/example_kubernetes_executor.py took 0.112 seconds
[2024-06-03T21:11:22.610+0000] {processor.py:161} INFO - Started process (PID=273) to work on /home/airflow/.local/lib/python3.12/site-packages/airflow/example_dags/example_kubernetes_executor.py
[2024-06-03T21:11:22.612+0000] {processor.py:830} INFO - Processing file /home/airflow/.local/lib/python3.12/site-packages/airflow/example_dags/example_kubernetes_executor.py for tasks to queue
[2024-06-03T21:11:22.618+0000] {logging_mixin.py:188} INFO - [2024-06-03T21:11:22.617+0000] {dagbag.py:545} INFO - Filling up the DagBag from /home/airflow/.local/lib/python3.12/site-packages/airflow/example_dags/example_kubernetes_executor.py
[2024-06-03T21:11:22.633+0000] {processor.py:840} INFO - DAG(s) 'example_kubernetes_executor' retrieved from /home/airflow/.local/lib/python3.12/site-packages/airflow/example_dags/example_kubernetes_executor.py
[2024-06-03T21:11:22.683+0000] {logging_mixin.py:188} INFO - [2024-06-03T21:11:22.683+0000] {dag.py:3096} INFO - Sync 1 DAGs
[2024-06-03T21:11:22.694+0000] {logging_mixin.py:188} INFO - [2024-06-03T21:11:22.694+0000] {dag.py:3954} INFO - Setting next_dagrun for example_kubernetes_executor to None, run_after=None
[2024-06-03T21:11:22.714+0000] {processor.py:183} INFO - Processing /home/airflow/.local/lib/python3.12/site-packages/airflow/example_dags/example_kubernetes_executor.py took 0.115 seconds
[2024-06-03T21:11:53.690+0000] {processor.py:161} INFO - Started process (PID=331) to work on /home/airflow/.local/lib/python3.12/site-packages/airflow/example_dags/example_kubernetes_executor.py
[2024-06-03T21:11:53.692+0000] {processor.py:830} INFO - Processing file /home/airflow/.local/lib/python3.12/site-packages/airflow/example_dags/example_kubernetes_executor.py for tasks to queue
[2024-06-03T21:11:53.697+0000] {logging_mixin.py:188} INFO - [2024-06-03T21:11:53.696+0000] {dagbag.py:545} INFO - Filling up the DagBag from /home/airflow/.local/lib/python3.12/site-packages/airflow/example_dags/example_kubernetes_executor.py
[2024-06-03T21:11:53.760+0000] {processor.py:840} INFO - DAG(s) 'example_kubernetes_executor' retrieved from /home/airflow/.local/lib/python3.12/site-packages/airflow/example_dags/example_kubernetes_executor.py
[2024-06-03T21:11:53.928+0000] {logging_mixin.py:188} INFO - [2024-06-03T21:11:53.928+0000] {dag.py:3096} INFO - Sync 1 DAGs
[2024-06-03T21:11:54.005+0000] {logging_mixin.py:188} INFO - [2024-06-03T21:11:54.005+0000] {dag.py:3954} INFO - Setting next_dagrun for example_kubernetes_executor to None, run_after=None
[2024-06-03T21:11:54.100+0000] {processor.py:183} INFO - Processing /home/airflow/.local/lib/python3.12/site-packages/airflow/example_dags/example_kubernetes_executor.py took 0.427 seconds
[2024-06-03T21:12:24.461+0000] {processor.py:161} INFO - Started process (PID=389) to work on /home/airflow/.local/lib/python3.12/site-packages/airflow/example_dags/example_kubernetes_executor.py
[2024-06-03T21:12:24.463+0000] {processor.py:830} INFO - Processing file /home/airflow/.local/lib/python3.12/site-packages/airflow/example_dags/example_kubernetes_executor.py for tasks to queue
[2024-06-03T21:12:24.465+0000] {logging_mixin.py:188} INFO - [2024-06-03T21:12:24.464+0000] {dagbag.py:545} INFO - Filling up the DagBag from /home/airflow/.local/lib/python3.12/site-packages/airflow/example_dags/example_kubernetes_executor.py
[2024-06-03T21:12:24.479+0000] {processor.py:840} INFO - DAG(s) 'example_kubernetes_executor' retrieved from /home/airflow/.local/lib/python3.12/site-packages/airflow/example_dags/example_kubernetes_executor.py
[2024-06-03T21:12:24.524+0000] {logging_mixin.py:188} INFO - [2024-06-03T21:12:24.523+0000] {dag.py:3096} INFO - Sync 1 DAGs
[2024-06-03T21:12:24.540+0000] {logging_mixin.py:188} INFO - [2024-06-03T21:12:24.539+0000] {dag.py:3954} INFO - Setting next_dagrun for example_kubernetes_executor to None, run_after=None
[2024-06-03T21:12:24.567+0000] {processor.py:183} INFO - Processing /home/airflow/.local/lib/python3.12/site-packages/airflow/example_dags/example_kubernetes_executor.py took 0.113 seconds
[2024-06-03T21:12:54.675+0000] {processor.py:161} INFO - Started process (PID=447) to work on /home/airflow/.local/lib/python3.12/site-packages/airflow/example_dags/example_kubernetes_executor.py
[2024-06-03T21:12:54.676+0000] {processor.py:830} INFO - Processing file /home/airflow/.local/lib/python3.12/site-packages/airflow/example_dags/example_kubernetes_executor.py for tasks to queue
[2024-06-03T21:12:54.679+0000] {logging_mixin.py:188} INFO - [2024-06-03T21:12:54.678+0000] {dagbag.py:545} INFO - Filling up the DagBag from /home/airflow/.local/lib/python3.12/site-packages/airflow/example_dags/example_kubernetes_executor.py
[2024-06-03T21:12:54.696+0000] {processor.py:840} INFO - DAG(s) 'example_kubernetes_executor' retrieved from /home/airflow/.local/lib/python3.12/site-packages/airflow/example_dags/example_kubernetes_executor.py
[2024-06-03T21:12:54.752+0000] {logging_mixin.py:188} INFO - [2024-06-03T21:12:54.751+0000] {dag.py:3096} INFO - Sync 1 DAGs
[2024-06-03T21:12:54.772+0000] {logging_mixin.py:188} INFO - [2024-06-03T21:12:54.772+0000] {dag.py:3954} INFO - Setting next_dagrun for example_kubernetes_executor to None, run_after=None
[2024-06-03T21:12:54.801+0000] {processor.py:183} INFO - Processing /home/airflow/.local/lib/python3.12/site-packages/airflow/example_dags/example_kubernetes_executor.py took 0.134 seconds
