[2024-06-03T21:09:19.301+0000] {processor.py:161} INFO - Started process (PID=30) to work on /home/airflow/.local/lib/python3.12/site-packages/airflow/example_dags/example_params_ui_tutorial.py
[2024-06-03T21:09:19.304+0000] {processor.py:830} INFO - Processing file /home/airflow/.local/lib/python3.12/site-packages/airflow/example_dags/example_params_ui_tutorial.py for tasks to queue
[2024-06-03T21:09:19.309+0000] {logging_mixin.py:188} INFO - [2024-06-03T21:09:19.308+0000] {dagbag.py:545} INFO - Filling up the DagBag from /home/airflow/.local/lib/python3.12/site-packages/airflow/example_dags/example_params_ui_tutorial.py
[2024-06-03T21:09:19.374+0000] {processor.py:840} INFO - DAG(s) 'example_params_ui_tutorial' retrieved from /home/airflow/.local/lib/python3.12/site-packages/airflow/example_dags/example_params_ui_tutorial.py
[2024-06-03T21:09:19.967+0000] {logging_mixin.py:188} INFO - [2024-06-03T21:09:19.965+0000] {override.py:1829} INFO - Created Permission View: can edit on DAG:example_params_ui_tutorial
[2024-06-03T21:09:20.006+0000] {logging_mixin.py:188} INFO - [2024-06-03T21:09:20.005+0000] {override.py:1829} INFO - Created Permission View: can read on DAG:example_params_ui_tutorial
[2024-06-03T21:09:20.026+0000] {logging_mixin.py:188} INFO - [2024-06-03T21:09:20.025+0000] {override.py:1829} INFO - Created Permission View: can delete on DAG:example_params_ui_tutorial
[2024-06-03T21:09:20.028+0000] {logging_mixin.py:188} INFO - [2024-06-03T21:09:20.028+0000] {dag.py:3096} INFO - Sync 1 DAGs
[2024-06-03T21:09:20.063+0000] {logging_mixin.py:188} INFO - [2024-06-03T21:09:20.063+0000] {dag.py:3118} INFO - Creating ORM DAG for example_params_ui_tutorial
[2024-06-03T21:09:20.065+0000] {logging_mixin.py:188} INFO - [2024-06-03T21:09:20.065+0000] {dag.py:3954} INFO - Setting next_dagrun for example_params_ui_tutorial to None, run_after=None
[2024-06-03T21:09:20.134+0000] {processor.py:183} INFO - Processing /home/airflow/.local/lib/python3.12/site-packages/airflow/example_dags/example_params_ui_tutorial.py took 0.843 seconds
[2024-06-03T21:09:50.268+0000] {processor.py:161} INFO - Started process (PID=89) to work on /home/airflow/.local/lib/python3.12/site-packages/airflow/example_dags/example_params_ui_tutorial.py
[2024-06-03T21:09:50.272+0000] {processor.py:830} INFO - Processing file /home/airflow/.local/lib/python3.12/site-packages/airflow/example_dags/example_params_ui_tutorial.py for tasks to queue
[2024-06-03T21:09:50.278+0000] {logging_mixin.py:188} INFO - [2024-06-03T21:09:50.278+0000] {dagbag.py:545} INFO - Filling up the DagBag from /home/airflow/.local/lib/python3.12/site-packages/airflow/example_dags/example_params_ui_tutorial.py
[2024-06-03T21:09:50.307+0000] {processor.py:840} INFO - DAG(s) 'example_params_ui_tutorial' retrieved from /home/airflow/.local/lib/python3.12/site-packages/airflow/example_dags/example_params_ui_tutorial.py
[2024-06-03T21:09:50.406+0000] {logging_mixin.py:188} INFO - [2024-06-03T21:09:50.405+0000] {dag.py:3096} INFO - Sync 1 DAGs
[2024-06-03T21:09:50.433+0000] {logging_mixin.py:188} INFO - [2024-06-03T21:09:50.432+0000] {dag.py:3954} INFO - Setting next_dagrun for example_params_ui_tutorial to None, run_after=None
[2024-06-03T21:09:50.461+0000] {processor.py:183} INFO - Processing /home/airflow/.local/lib/python3.12/site-packages/airflow/example_dags/example_params_ui_tutorial.py took 0.218 seconds
[2024-06-03T21:10:20.606+0000] {processor.py:161} INFO - Started process (PID=147) to work on /home/airflow/.local/lib/python3.12/site-packages/airflow/example_dags/example_params_ui_tutorial.py
[2024-06-03T21:10:20.608+0000] {processor.py:830} INFO - Processing file /home/airflow/.local/lib/python3.12/site-packages/airflow/example_dags/example_params_ui_tutorial.py for tasks to queue
[2024-06-03T21:10:20.611+0000] {logging_mixin.py:188} INFO - [2024-06-03T21:10:20.611+0000] {dagbag.py:545} INFO - Filling up the DagBag from /home/airflow/.local/lib/python3.12/site-packages/airflow/example_dags/example_params_ui_tutorial.py
[2024-06-03T21:10:20.632+0000] {processor.py:840} INFO - DAG(s) 'example_params_ui_tutorial' retrieved from /home/airflow/.local/lib/python3.12/site-packages/airflow/example_dags/example_params_ui_tutorial.py
[2024-06-03T21:10:20.711+0000] {logging_mixin.py:188} INFO - [2024-06-03T21:10:20.711+0000] {dag.py:3096} INFO - Sync 1 DAGs
[2024-06-03T21:10:20.732+0000] {logging_mixin.py:188} INFO - [2024-06-03T21:10:20.731+0000] {dag.py:3954} INFO - Setting next_dagrun for example_params_ui_tutorial to None, run_after=None
[2024-06-03T21:10:20.757+0000] {processor.py:183} INFO - Processing /home/airflow/.local/lib/python3.12/site-packages/airflow/example_dags/example_params_ui_tutorial.py took 0.161 seconds
[2024-06-03T21:10:50.879+0000] {processor.py:161} INFO - Started process (PID=205) to work on /home/airflow/.local/lib/python3.12/site-packages/airflow/example_dags/example_params_ui_tutorial.py
[2024-06-03T21:10:50.881+0000] {processor.py:830} INFO - Processing file /home/airflow/.local/lib/python3.12/site-packages/airflow/example_dags/example_params_ui_tutorial.py for tasks to queue
[2024-06-03T21:10:50.883+0000] {logging_mixin.py:188} INFO - [2024-06-03T21:10:50.883+0000] {dagbag.py:545} INFO - Filling up the DagBag from /home/airflow/.local/lib/python3.12/site-packages/airflow/example_dags/example_params_ui_tutorial.py
[2024-06-03T21:10:50.903+0000] {processor.py:840} INFO - DAG(s) 'example_params_ui_tutorial' retrieved from /home/airflow/.local/lib/python3.12/site-packages/airflow/example_dags/example_params_ui_tutorial.py
[2024-06-03T21:10:51.021+0000] {logging_mixin.py:188} INFO - [2024-06-03T21:10:51.021+0000] {dag.py:3096} INFO - Sync 1 DAGs
[2024-06-03T21:10:51.041+0000] {logging_mixin.py:188} INFO - [2024-06-03T21:10:51.040+0000] {dag.py:3954} INFO - Setting next_dagrun for example_params_ui_tutorial to None, run_after=None
[2024-06-03T21:10:51.067+0000] {processor.py:183} INFO - Processing /home/airflow/.local/lib/python3.12/site-packages/airflow/example_dags/example_params_ui_tutorial.py took 0.198 seconds
[2024-06-03T21:11:21.437+0000] {processor.py:161} INFO - Started process (PID=263) to work on /home/airflow/.local/lib/python3.12/site-packages/airflow/example_dags/example_params_ui_tutorial.py
[2024-06-03T21:11:21.438+0000] {processor.py:830} INFO - Processing file /home/airflow/.local/lib/python3.12/site-packages/airflow/example_dags/example_params_ui_tutorial.py for tasks to queue
[2024-06-03T21:11:21.441+0000] {logging_mixin.py:188} INFO - [2024-06-03T21:11:21.440+0000] {dagbag.py:545} INFO - Filling up the DagBag from /home/airflow/.local/lib/python3.12/site-packages/airflow/example_dags/example_params_ui_tutorial.py
[2024-06-03T21:11:21.458+0000] {processor.py:840} INFO - DAG(s) 'example_params_ui_tutorial' retrieved from /home/airflow/.local/lib/python3.12/site-packages/airflow/example_dags/example_params_ui_tutorial.py
[2024-06-03T21:11:21.522+0000] {logging_mixin.py:188} INFO - [2024-06-03T21:11:21.522+0000] {dag.py:3096} INFO - Sync 1 DAGs
[2024-06-03T21:11:21.539+0000] {logging_mixin.py:188} INFO - [2024-06-03T21:11:21.539+0000] {dag.py:3954} INFO - Setting next_dagrun for example_params_ui_tutorial to None, run_after=None
[2024-06-03T21:11:21.562+0000] {processor.py:183} INFO - Processing /home/airflow/.local/lib/python3.12/site-packages/airflow/example_dags/example_params_ui_tutorial.py took 0.131 seconds
[2024-06-03T21:11:51.729+0000] {processor.py:161} INFO - Started process (PID=322) to work on /home/airflow/.local/lib/python3.12/site-packages/airflow/example_dags/example_params_ui_tutorial.py
[2024-06-03T21:11:51.731+0000] {processor.py:830} INFO - Processing file /home/airflow/.local/lib/python3.12/site-packages/airflow/example_dags/example_params_ui_tutorial.py for tasks to queue
[2024-06-03T21:11:51.735+0000] {logging_mixin.py:188} INFO - [2024-06-03T21:11:51.734+0000] {dagbag.py:545} INFO - Filling up the DagBag from /home/airflow/.local/lib/python3.12/site-packages/airflow/example_dags/example_params_ui_tutorial.py
[2024-06-03T21:11:51.756+0000] {processor.py:840} INFO - DAG(s) 'example_params_ui_tutorial' retrieved from /home/airflow/.local/lib/python3.12/site-packages/airflow/example_dags/example_params_ui_tutorial.py
[2024-06-03T21:11:51.942+0000] {logging_mixin.py:188} INFO - [2024-06-03T21:11:51.942+0000] {dag.py:3096} INFO - Sync 1 DAGs
[2024-06-03T21:11:52.109+0000] {logging_mixin.py:188} INFO - [2024-06-03T21:11:52.109+0000] {dag.py:3954} INFO - Setting next_dagrun for example_params_ui_tutorial to None, run_after=None
[2024-06-03T21:11:52.534+0000] {processor.py:183} INFO - Processing /home/airflow/.local/lib/python3.12/site-packages/airflow/example_dags/example_params_ui_tutorial.py took 0.818 seconds
[2024-06-03T21:12:23.112+0000] {processor.py:161} INFO - Started process (PID=386) to work on /home/airflow/.local/lib/python3.12/site-packages/airflow/example_dags/example_params_ui_tutorial.py
[2024-06-03T21:12:23.114+0000] {processor.py:830} INFO - Processing file /home/airflow/.local/lib/python3.12/site-packages/airflow/example_dags/example_params_ui_tutorial.py for tasks to queue
[2024-06-03T21:12:23.118+0000] {logging_mixin.py:188} INFO - [2024-06-03T21:12:23.117+0000] {dagbag.py:545} INFO - Filling up the DagBag from /home/airflow/.local/lib/python3.12/site-packages/airflow/example_dags/example_params_ui_tutorial.py
[2024-06-03T21:12:23.143+0000] {processor.py:840} INFO - DAG(s) 'example_params_ui_tutorial' retrieved from /home/airflow/.local/lib/python3.12/site-packages/airflow/example_dags/example_params_ui_tutorial.py
[2024-06-03T21:12:23.235+0000] {logging_mixin.py:188} INFO - [2024-06-03T21:12:23.235+0000] {dag.py:3096} INFO - Sync 1 DAGs
[2024-06-03T21:12:23.256+0000] {logging_mixin.py:188} INFO - [2024-06-03T21:12:23.256+0000] {dag.py:3954} INFO - Setting next_dagrun for example_params_ui_tutorial to None, run_after=None
[2024-06-03T21:12:23.284+0000] {processor.py:183} INFO - Processing /home/airflow/.local/lib/python3.12/site-packages/airflow/example_dags/example_params_ui_tutorial.py took 0.180 seconds
[2024-06-03T21:12:53.400+0000] {processor.py:161} INFO - Started process (PID=444) to work on /home/airflow/.local/lib/python3.12/site-packages/airflow/example_dags/example_params_ui_tutorial.py
[2024-06-03T21:12:53.401+0000] {processor.py:830} INFO - Processing file /home/airflow/.local/lib/python3.12/site-packages/airflow/example_dags/example_params_ui_tutorial.py for tasks to queue
[2024-06-03T21:12:53.404+0000] {logging_mixin.py:188} INFO - [2024-06-03T21:12:53.403+0000] {dagbag.py:545} INFO - Filling up the DagBag from /home/airflow/.local/lib/python3.12/site-packages/airflow/example_dags/example_params_ui_tutorial.py
[2024-06-03T21:12:53.418+0000] {processor.py:840} INFO - DAG(s) 'example_params_ui_tutorial' retrieved from /home/airflow/.local/lib/python3.12/site-packages/airflow/example_dags/example_params_ui_tutorial.py
[2024-06-03T21:12:53.481+0000] {logging_mixin.py:188} INFO - [2024-06-03T21:12:53.481+0000] {dag.py:3096} INFO - Sync 1 DAGs
[2024-06-03T21:12:53.497+0000] {logging_mixin.py:188} INFO - [2024-06-03T21:12:53.496+0000] {dag.py:3954} INFO - Setting next_dagrun for example_params_ui_tutorial to None, run_after=None
[2024-06-03T21:12:53.522+0000] {processor.py:183} INFO - Processing /home/airflow/.local/lib/python3.12/site-packages/airflow/example_dags/example_params_ui_tutorial.py took 0.129 seconds
