[2024-06-03T21:09:22.936+0000] {processor.py:161} INFO - Started process (PID=48) to work on /home/airflow/.local/lib/python3.12/site-packages/airflow/example_dags/example_bash_decorator.py
[2024-06-03T21:09:22.940+0000] {processor.py:830} INFO - Processing file /home/airflow/.local/lib/python3.12/site-packages/airflow/example_dags/example_bash_decorator.py for tasks to queue
[2024-06-03T21:09:22.954+0000] {logging_mixin.py:188} INFO - [2024-06-03T21:09:22.951+0000] {dagbag.py:545} INFO - Filling up the DagBag from /home/airflow/.local/lib/python3.12/site-packages/airflow/example_dags/example_bash_decorator.py
[2024-06-03T21:09:23.006+0000] {processor.py:840} INFO - DAG(s) 'example_bash_decorator' retrieved from /home/airflow/.local/lib/python3.12/site-packages/airflow/example_dags/example_bash_decorator.py
[2024-06-03T21:09:23.365+0000] {logging_mixin.py:188} INFO - [2024-06-03T21:09:23.362+0000] {override.py:1829} INFO - Created Permission View: can edit on DAG:example_bash_decorator
[2024-06-03T21:09:23.428+0000] {logging_mixin.py:188} INFO - [2024-06-03T21:09:23.428+0000] {override.py:1829} INFO - Created Permission View: can read on DAG:example_bash_decorator
[2024-06-03T21:09:23.448+0000] {logging_mixin.py:188} INFO - [2024-06-03T21:09:23.447+0000] {override.py:1829} INFO - Created Permission View: can delete on DAG:example_bash_decorator
[2024-06-03T21:09:23.450+0000] {logging_mixin.py:188} INFO - [2024-06-03T21:09:23.449+0000] {dag.py:3096} INFO - Sync 1 DAGs
[2024-06-03T21:09:23.508+0000] {logging_mixin.py:188} INFO - [2024-06-03T21:09:23.507+0000] {dag.py:3118} INFO - Creating ORM DAG for example_bash_decorator
[2024-06-03T21:09:23.512+0000] {logging_mixin.py:188} INFO - [2024-06-03T21:09:23.511+0000] {dag.py:3954} INFO - Setting next_dagrun for example_bash_decorator to None, run_after=None
[2024-06-03T21:09:23.563+0000] {processor.py:183} INFO - Processing /home/airflow/.local/lib/python3.12/site-packages/airflow/example_dags/example_bash_decorator.py took 0.640 seconds
[2024-06-03T21:09:53.665+0000] {processor.py:161} INFO - Started process (PID=106) to work on /home/airflow/.local/lib/python3.12/site-packages/airflow/example_dags/example_bash_decorator.py
[2024-06-03T21:09:53.666+0000] {processor.py:830} INFO - Processing file /home/airflow/.local/lib/python3.12/site-packages/airflow/example_dags/example_bash_decorator.py for tasks to queue
[2024-06-03T21:09:53.669+0000] {logging_mixin.py:188} INFO - [2024-06-03T21:09:53.669+0000] {dagbag.py:545} INFO - Filling up the DagBag from /home/airflow/.local/lib/python3.12/site-packages/airflow/example_dags/example_bash_decorator.py
[2024-06-03T21:09:53.689+0000] {processor.py:840} INFO - DAG(s) 'example_bash_decorator' retrieved from /home/airflow/.local/lib/python3.12/site-packages/airflow/example_dags/example_bash_decorator.py
[2024-06-03T21:09:53.725+0000] {logging_mixin.py:188} INFO - [2024-06-03T21:09:53.725+0000] {dag.py:3096} INFO - Sync 1 DAGs
[2024-06-03T21:09:53.748+0000] {logging_mixin.py:188} INFO - [2024-06-03T21:09:53.747+0000] {dag.py:3954} INFO - Setting next_dagrun for example_bash_decorator to None, run_after=None
[2024-06-03T21:09:53.803+0000] {processor.py:183} INFO - Processing /home/airflow/.local/lib/python3.12/site-packages/airflow/example_dags/example_bash_decorator.py took 0.145 seconds
[2024-06-03T21:10:24.693+0000] {processor.py:161} INFO - Started process (PID=164) to work on /home/airflow/.local/lib/python3.12/site-packages/airflow/example_dags/example_bash_decorator.py
[2024-06-03T21:10:24.697+0000] {processor.py:830} INFO - Processing file /home/airflow/.local/lib/python3.12/site-packages/airflow/example_dags/example_bash_decorator.py for tasks to queue
[2024-06-03T21:10:24.705+0000] {logging_mixin.py:188} INFO - [2024-06-03T21:10:24.704+0000] {dagbag.py:545} INFO - Filling up the DagBag from /home/airflow/.local/lib/python3.12/site-packages/airflow/example_dags/example_bash_decorator.py
[2024-06-03T21:10:24.753+0000] {processor.py:840} INFO - DAG(s) 'example_bash_decorator' retrieved from /home/airflow/.local/lib/python3.12/site-packages/airflow/example_dags/example_bash_decorator.py
[2024-06-03T21:10:24.870+0000] {logging_mixin.py:188} INFO - [2024-06-03T21:10:24.869+0000] {dag.py:3096} INFO - Sync 1 DAGs
[2024-06-03T21:10:24.923+0000] {logging_mixin.py:188} INFO - [2024-06-03T21:10:24.923+0000] {dag.py:3954} INFO - Setting next_dagrun for example_bash_decorator to None, run_after=None
[2024-06-03T21:10:25.012+0000] {processor.py:183} INFO - Processing /home/airflow/.local/lib/python3.12/site-packages/airflow/example_dags/example_bash_decorator.py took 0.333 seconds
[2024-06-03T21:10:55.689+0000] {processor.py:161} INFO - Started process (PID=222) to work on /home/airflow/.local/lib/python3.12/site-packages/airflow/example_dags/example_bash_decorator.py
[2024-06-03T21:10:55.691+0000] {processor.py:830} INFO - Processing file /home/airflow/.local/lib/python3.12/site-packages/airflow/example_dags/example_bash_decorator.py for tasks to queue
[2024-06-03T21:10:55.693+0000] {logging_mixin.py:188} INFO - [2024-06-03T21:10:55.693+0000] {dagbag.py:545} INFO - Filling up the DagBag from /home/airflow/.local/lib/python3.12/site-packages/airflow/example_dags/example_bash_decorator.py
[2024-06-03T21:10:55.709+0000] {processor.py:840} INFO - DAG(s) 'example_bash_decorator' retrieved from /home/airflow/.local/lib/python3.12/site-packages/airflow/example_dags/example_bash_decorator.py
[2024-06-03T21:10:55.739+0000] {logging_mixin.py:188} INFO - [2024-06-03T21:10:55.738+0000] {dag.py:3096} INFO - Sync 1 DAGs
[2024-06-03T21:10:55.754+0000] {logging_mixin.py:188} INFO - [2024-06-03T21:10:55.753+0000] {dag.py:3954} INFO - Setting next_dagrun for example_bash_decorator to None, run_after=None
[2024-06-03T21:10:55.779+0000] {processor.py:183} INFO - Processing /home/airflow/.local/lib/python3.12/site-packages/airflow/example_dags/example_bash_decorator.py took 0.096 seconds
[2024-06-03T21:11:25.967+0000] {processor.py:161} INFO - Started process (PID=280) to work on /home/airflow/.local/lib/python3.12/site-packages/airflow/example_dags/example_bash_decorator.py
[2024-06-03T21:11:25.969+0000] {processor.py:830} INFO - Processing file /home/airflow/.local/lib/python3.12/site-packages/airflow/example_dags/example_bash_decorator.py for tasks to queue
[2024-06-03T21:11:25.972+0000] {logging_mixin.py:188} INFO - [2024-06-03T21:11:25.972+0000] {dagbag.py:545} INFO - Filling up the DagBag from /home/airflow/.local/lib/python3.12/site-packages/airflow/example_dags/example_bash_decorator.py
[2024-06-03T21:11:25.995+0000] {processor.py:840} INFO - DAG(s) 'example_bash_decorator' retrieved from /home/airflow/.local/lib/python3.12/site-packages/airflow/example_dags/example_bash_decorator.py
[2024-06-03T21:11:26.034+0000] {logging_mixin.py:188} INFO - [2024-06-03T21:11:26.034+0000] {dag.py:3096} INFO - Sync 1 DAGs
[2024-06-03T21:11:26.056+0000] {logging_mixin.py:188} INFO - [2024-06-03T21:11:26.055+0000] {dag.py:3954} INFO - Setting next_dagrun for example_bash_decorator to None, run_after=None
[2024-06-03T21:11:26.093+0000] {processor.py:183} INFO - Processing /home/airflow/.local/lib/python3.12/site-packages/airflow/example_dags/example_bash_decorator.py took 0.135 seconds
[2024-06-03T21:11:56.535+0000] {processor.py:161} INFO - Started process (PID=339) to work on /home/airflow/.local/lib/python3.12/site-packages/airflow/example_dags/example_bash_decorator.py
[2024-06-03T21:11:56.537+0000] {processor.py:830} INFO - Processing file /home/airflow/.local/lib/python3.12/site-packages/airflow/example_dags/example_bash_decorator.py for tasks to queue
[2024-06-03T21:11:56.540+0000] {logging_mixin.py:188} INFO - [2024-06-03T21:11:56.540+0000] {dagbag.py:545} INFO - Filling up the DagBag from /home/airflow/.local/lib/python3.12/site-packages/airflow/example_dags/example_bash_decorator.py
[2024-06-03T21:11:56.573+0000] {processor.py:840} INFO - DAG(s) 'example_bash_decorator' retrieved from /home/airflow/.local/lib/python3.12/site-packages/airflow/example_dags/example_bash_decorator.py
[2024-06-03T21:11:56.632+0000] {logging_mixin.py:188} INFO - [2024-06-03T21:11:56.631+0000] {dag.py:3096} INFO - Sync 1 DAGs
[2024-06-03T21:11:56.683+0000] {logging_mixin.py:188} INFO - [2024-06-03T21:11:56.683+0000] {dag.py:3954} INFO - Setting next_dagrun for example_bash_decorator to None, run_after=None
[2024-06-03T21:11:56.755+0000] {processor.py:183} INFO - Processing /home/airflow/.local/lib/python3.12/site-packages/airflow/example_dags/example_bash_decorator.py took 0.232 seconds
[2024-06-03T21:12:27.361+0000] {processor.py:161} INFO - Started process (PID=397) to work on /home/airflow/.local/lib/python3.12/site-packages/airflow/example_dags/example_bash_decorator.py
[2024-06-03T21:12:27.363+0000] {processor.py:830} INFO - Processing file /home/airflow/.local/lib/python3.12/site-packages/airflow/example_dags/example_bash_decorator.py for tasks to queue
[2024-06-03T21:12:27.366+0000] {logging_mixin.py:188} INFO - [2024-06-03T21:12:27.366+0000] {dagbag.py:545} INFO - Filling up the DagBag from /home/airflow/.local/lib/python3.12/site-packages/airflow/example_dags/example_bash_decorator.py
[2024-06-03T21:12:27.390+0000] {processor.py:840} INFO - DAG(s) 'example_bash_decorator' retrieved from /home/airflow/.local/lib/python3.12/site-packages/airflow/example_dags/example_bash_decorator.py
[2024-06-03T21:12:27.422+0000] {logging_mixin.py:188} INFO - [2024-06-03T21:12:27.421+0000] {dag.py:3096} INFO - Sync 1 DAGs
[2024-06-03T21:12:27.439+0000] {logging_mixin.py:188} INFO - [2024-06-03T21:12:27.439+0000] {dag.py:3954} INFO - Setting next_dagrun for example_bash_decorator to None, run_after=None
[2024-06-03T21:12:27.471+0000] {processor.py:183} INFO - Processing /home/airflow/.local/lib/python3.12/site-packages/airflow/example_dags/example_bash_decorator.py took 0.117 seconds
[2024-06-03T21:12:58.195+0000] {processor.py:161} INFO - Started process (PID=455) to work on /home/airflow/.local/lib/python3.12/site-packages/airflow/example_dags/example_bash_decorator.py
[2024-06-03T21:12:58.197+0000] {processor.py:830} INFO - Processing file /home/airflow/.local/lib/python3.12/site-packages/airflow/example_dags/example_bash_decorator.py for tasks to queue
[2024-06-03T21:12:58.200+0000] {logging_mixin.py:188} INFO - [2024-06-03T21:12:58.199+0000] {dagbag.py:545} INFO - Filling up the DagBag from /home/airflow/.local/lib/python3.12/site-packages/airflow/example_dags/example_bash_decorator.py
[2024-06-03T21:12:58.218+0000] {processor.py:840} INFO - DAG(s) 'example_bash_decorator' retrieved from /home/airflow/.local/lib/python3.12/site-packages/airflow/example_dags/example_bash_decorator.py
[2024-06-03T21:12:58.251+0000] {logging_mixin.py:188} INFO - [2024-06-03T21:12:58.250+0000] {dag.py:3096} INFO - Sync 1 DAGs
[2024-06-03T21:12:58.268+0000] {logging_mixin.py:188} INFO - [2024-06-03T21:12:58.267+0000] {dag.py:3954} INFO - Setting next_dagrun for example_bash_decorator to None, run_after=None
[2024-06-03T21:12:58.294+0000] {processor.py:183} INFO - Processing /home/airflow/.local/lib/python3.12/site-packages/airflow/example_dags/example_bash_decorator.py took 0.108 seconds
