[2024-06-03T21:09:32.220+0000] {processor.py:161} INFO - Started process (PID=69) to work on /home/airflow/.local/lib/python3.12/site-packages/airflow/example_dags/example_bash_operator.py
[2024-06-03T21:09:32.223+0000] {processor.py:830} INFO - Processing file /home/airflow/.local/lib/python3.12/site-packages/airflow/example_dags/example_bash_operator.py for tasks to queue
[2024-06-03T21:09:32.227+0000] {logging_mixin.py:188} INFO - [2024-06-03T21:09:32.227+0000] {dagbag.py:545} INFO - Filling up the DagBag from /home/airflow/.local/lib/python3.12/site-packages/airflow/example_dags/example_bash_operator.py
[2024-06-03T21:09:32.263+0000] {processor.py:840} INFO - DAG(s) 'example_bash_operator' retrieved from /home/airflow/.local/lib/python3.12/site-packages/airflow/example_dags/example_bash_operator.py
[2024-06-03T21:09:32.488+0000] {logging_mixin.py:188} INFO - [2024-06-03T21:09:32.487+0000] {override.py:1829} INFO - Created Permission View: can edit on DAG:example_bash_operator
[2024-06-03T21:09:32.504+0000] {logging_mixin.py:188} INFO - [2024-06-03T21:09:32.504+0000] {override.py:1829} INFO - Created Permission View: can read on DAG:example_bash_operator
[2024-06-03T21:09:32.516+0000] {logging_mixin.py:188} INFO - [2024-06-03T21:09:32.515+0000] {override.py:1829} INFO - Created Permission View: can delete on DAG:example_bash_operator
[2024-06-03T21:09:32.517+0000] {logging_mixin.py:188} INFO - [2024-06-03T21:09:32.517+0000] {dag.py:3096} INFO - Sync 1 DAGs
[2024-06-03T21:09:32.537+0000] {logging_mixin.py:188} INFO - [2024-06-03T21:09:32.537+0000] {dag.py:3118} INFO - Creating ORM DAG for example_bash_operator
[2024-06-03T21:09:32.555+0000] {logging_mixin.py:188} INFO - [2024-06-03T21:09:32.554+0000] {dag.py:3954} INFO - Setting next_dagrun for example_bash_operator to 2024-06-02 00:00:00+00:00, run_after=2024-06-03 00:00:00+00:00
[2024-06-03T21:09:32.586+0000] {processor.py:183} INFO - Processing /home/airflow/.local/lib/python3.12/site-packages/airflow/example_dags/example_bash_operator.py took 0.379 seconds
[2024-06-03T21:10:03.152+0000] {processor.py:161} INFO - Started process (PID=127) to work on /home/airflow/.local/lib/python3.12/site-packages/airflow/example_dags/example_bash_operator.py
[2024-06-03T21:10:03.154+0000] {processor.py:830} INFO - Processing file /home/airflow/.local/lib/python3.12/site-packages/airflow/example_dags/example_bash_operator.py for tasks to queue
[2024-06-03T21:10:03.157+0000] {logging_mixin.py:188} INFO - [2024-06-03T21:10:03.157+0000] {dagbag.py:545} INFO - Filling up the DagBag from /home/airflow/.local/lib/python3.12/site-packages/airflow/example_dags/example_bash_operator.py
[2024-06-03T21:10:03.174+0000] {processor.py:840} INFO - DAG(s) 'example_bash_operator' retrieved from /home/airflow/.local/lib/python3.12/site-packages/airflow/example_dags/example_bash_operator.py
[2024-06-03T21:10:03.221+0000] {logging_mixin.py:188} INFO - [2024-06-03T21:10:03.221+0000] {dag.py:3096} INFO - Sync 1 DAGs
[2024-06-03T21:10:03.261+0000] {logging_mixin.py:188} INFO - [2024-06-03T21:10:03.261+0000] {dag.py:3954} INFO - Setting next_dagrun for example_bash_operator to 2024-06-02 00:00:00+00:00, run_after=2024-06-03 00:00:00+00:00
[2024-06-03T21:10:03.289+0000] {processor.py:183} INFO - Processing /home/airflow/.local/lib/python3.12/site-packages/airflow/example_dags/example_bash_operator.py took 0.145 seconds
[2024-06-03T21:10:34.182+0000] {processor.py:161} INFO - Started process (PID=185) to work on /home/airflow/.local/lib/python3.12/site-packages/airflow/example_dags/example_bash_operator.py
[2024-06-03T21:10:34.185+0000] {processor.py:830} INFO - Processing file /home/airflow/.local/lib/python3.12/site-packages/airflow/example_dags/example_bash_operator.py for tasks to queue
[2024-06-03T21:10:34.187+0000] {logging_mixin.py:188} INFO - [2024-06-03T21:10:34.187+0000] {dagbag.py:545} INFO - Filling up the DagBag from /home/airflow/.local/lib/python3.12/site-packages/airflow/example_dags/example_bash_operator.py
[2024-06-03T21:10:34.203+0000] {processor.py:840} INFO - DAG(s) 'example_bash_operator' retrieved from /home/airflow/.local/lib/python3.12/site-packages/airflow/example_dags/example_bash_operator.py
[2024-06-03T21:10:34.240+0000] {logging_mixin.py:188} INFO - [2024-06-03T21:10:34.239+0000] {dag.py:3096} INFO - Sync 1 DAGs
[2024-06-03T21:10:34.269+0000] {logging_mixin.py:188} INFO - [2024-06-03T21:10:34.268+0000] {dag.py:3954} INFO - Setting next_dagrun for example_bash_operator to 2024-06-02 00:00:00+00:00, run_after=2024-06-03 00:00:00+00:00
[2024-06-03T21:10:34.292+0000] {processor.py:183} INFO - Processing /home/airflow/.local/lib/python3.12/site-packages/airflow/example_dags/example_bash_operator.py took 0.117 seconds
[2024-06-03T21:11:05.151+0000] {processor.py:161} INFO - Started process (PID=243) to work on /home/airflow/.local/lib/python3.12/site-packages/airflow/example_dags/example_bash_operator.py
[2024-06-03T21:11:05.153+0000] {processor.py:830} INFO - Processing file /home/airflow/.local/lib/python3.12/site-packages/airflow/example_dags/example_bash_operator.py for tasks to queue
[2024-06-03T21:11:05.156+0000] {logging_mixin.py:188} INFO - [2024-06-03T21:11:05.156+0000] {dagbag.py:545} INFO - Filling up the DagBag from /home/airflow/.local/lib/python3.12/site-packages/airflow/example_dags/example_bash_operator.py
[2024-06-03T21:11:05.177+0000] {processor.py:840} INFO - DAG(s) 'example_bash_operator' retrieved from /home/airflow/.local/lib/python3.12/site-packages/airflow/example_dags/example_bash_operator.py
[2024-06-03T21:11:05.227+0000] {logging_mixin.py:188} INFO - [2024-06-03T21:11:05.227+0000] {dag.py:3096} INFO - Sync 1 DAGs
[2024-06-03T21:11:05.266+0000] {logging_mixin.py:188} INFO - [2024-06-03T21:11:05.265+0000] {dag.py:3954} INFO - Setting next_dagrun for example_bash_operator to 2024-06-02 00:00:00+00:00, run_after=2024-06-03 00:00:00+00:00
[2024-06-03T21:11:05.292+0000] {processor.py:183} INFO - Processing /home/airflow/.local/lib/python3.12/site-packages/airflow/example_dags/example_bash_operator.py took 0.150 seconds
[2024-06-03T21:11:35.371+0000] {processor.py:161} INFO - Started process (PID=302) to work on /home/airflow/.local/lib/python3.12/site-packages/airflow/example_dags/example_bash_operator.py
[2024-06-03T21:11:35.372+0000] {processor.py:830} INFO - Processing file /home/airflow/.local/lib/python3.12/site-packages/airflow/example_dags/example_bash_operator.py for tasks to queue
[2024-06-03T21:11:35.375+0000] {logging_mixin.py:188} INFO - [2024-06-03T21:11:35.374+0000] {dagbag.py:545} INFO - Filling up the DagBag from /home/airflow/.local/lib/python3.12/site-packages/airflow/example_dags/example_bash_operator.py
[2024-06-03T21:11:35.386+0000] {processor.py:840} INFO - DAG(s) 'example_bash_operator' retrieved from /home/airflow/.local/lib/python3.12/site-packages/airflow/example_dags/example_bash_operator.py
[2024-06-03T21:11:35.420+0000] {logging_mixin.py:188} INFO - [2024-06-03T21:11:35.420+0000] {dag.py:3096} INFO - Sync 1 DAGs
[2024-06-03T21:11:35.449+0000] {logging_mixin.py:188} INFO - [2024-06-03T21:11:35.449+0000] {dag.py:3954} INFO - Setting next_dagrun for example_bash_operator to 2024-06-02 00:00:00+00:00, run_after=2024-06-03 00:00:00+00:00
[2024-06-03T21:11:35.473+0000] {processor.py:183} INFO - Processing /home/airflow/.local/lib/python3.12/site-packages/airflow/example_dags/example_bash_operator.py took 0.108 seconds
[2024-06-03T21:12:06.187+0000] {processor.py:161} INFO - Started process (PID=360) to work on /home/airflow/.local/lib/python3.12/site-packages/airflow/example_dags/example_bash_operator.py
[2024-06-03T21:12:06.189+0000] {processor.py:830} INFO - Processing file /home/airflow/.local/lib/python3.12/site-packages/airflow/example_dags/example_bash_operator.py for tasks to queue
[2024-06-03T21:12:06.193+0000] {logging_mixin.py:188} INFO - [2024-06-03T21:12:06.192+0000] {dagbag.py:545} INFO - Filling up the DagBag from /home/airflow/.local/lib/python3.12/site-packages/airflow/example_dags/example_bash_operator.py
[2024-06-03T21:12:06.223+0000] {processor.py:840} INFO - DAG(s) 'example_bash_operator' retrieved from /home/airflow/.local/lib/python3.12/site-packages/airflow/example_dags/example_bash_operator.py
[2024-06-03T21:12:06.313+0000] {logging_mixin.py:188} INFO - [2024-06-03T21:12:06.312+0000] {dag.py:3096} INFO - Sync 1 DAGs
[2024-06-03T21:12:06.407+0000] {logging_mixin.py:188} INFO - [2024-06-03T21:12:06.407+0000] {dag.py:3954} INFO - Setting next_dagrun for example_bash_operator to 2024-06-02 00:00:00+00:00, run_after=2024-06-03 00:00:00+00:00
[2024-06-03T21:12:06.481+0000] {processor.py:183} INFO - Processing /home/airflow/.local/lib/python3.12/site-packages/airflow/example_dags/example_bash_operator.py took 0.307 seconds
[2024-06-03T21:12:37.146+0000] {processor.py:161} INFO - Started process (PID=418) to work on /home/airflow/.local/lib/python3.12/site-packages/airflow/example_dags/example_bash_operator.py
[2024-06-03T21:12:37.148+0000] {processor.py:830} INFO - Processing file /home/airflow/.local/lib/python3.12/site-packages/airflow/example_dags/example_bash_operator.py for tasks to queue
[2024-06-03T21:12:37.151+0000] {logging_mixin.py:188} INFO - [2024-06-03T21:12:37.151+0000] {dagbag.py:545} INFO - Filling up the DagBag from /home/airflow/.local/lib/python3.12/site-packages/airflow/example_dags/example_bash_operator.py
[2024-06-03T21:12:37.166+0000] {processor.py:840} INFO - DAG(s) 'example_bash_operator' retrieved from /home/airflow/.local/lib/python3.12/site-packages/airflow/example_dags/example_bash_operator.py
[2024-06-03T21:12:37.223+0000] {logging_mixin.py:188} INFO - [2024-06-03T21:12:37.223+0000] {dag.py:3096} INFO - Sync 1 DAGs
[2024-06-03T21:12:37.258+0000] {logging_mixin.py:188} INFO - [2024-06-03T21:12:37.258+0000] {dag.py:3954} INFO - Setting next_dagrun for example_bash_operator to 2024-06-02 00:00:00+00:00, run_after=2024-06-03 00:00:00+00:00
[2024-06-03T21:12:37.284+0000] {processor.py:183} INFO - Processing /home/airflow/.local/lib/python3.12/site-packages/airflow/example_dags/example_bash_operator.py took 0.146 seconds
[2024-06-03T21:13:07.645+0000] {processor.py:161} INFO - Started process (PID=476) to work on /home/airflow/.local/lib/python3.12/site-packages/airflow/example_dags/example_bash_operator.py
[2024-06-03T21:13:07.647+0000] {processor.py:830} INFO - Processing file /home/airflow/.local/lib/python3.12/site-packages/airflow/example_dags/example_bash_operator.py for tasks to queue
[2024-06-03T21:13:07.649+0000] {logging_mixin.py:188} INFO - [2024-06-03T21:13:07.648+0000] {dagbag.py:545} INFO - Filling up the DagBag from /home/airflow/.local/lib/python3.12/site-packages/airflow/example_dags/example_bash_operator.py
[2024-06-03T21:13:07.666+0000] {processor.py:840} INFO - DAG(s) 'example_bash_operator' retrieved from /home/airflow/.local/lib/python3.12/site-packages/airflow/example_dags/example_bash_operator.py
[2024-06-03T21:13:07.715+0000] {logging_mixin.py:188} INFO - [2024-06-03T21:13:07.715+0000] {dag.py:3096} INFO - Sync 1 DAGs
[2024-06-03T21:13:07.750+0000] {logging_mixin.py:188} INFO - [2024-06-03T21:13:07.750+0000] {dag.py:3954} INFO - Setting next_dagrun for example_bash_operator to 2024-06-02 00:00:00+00:00, run_after=2024-06-03 00:00:00+00:00
[2024-06-03T21:13:07.776+0000] {processor.py:183} INFO - Processing /home/airflow/.local/lib/python3.12/site-packages/airflow/example_dags/example_bash_operator.py took 0.137 seconds
