[2024-06-03T21:09:26.289+0000] {processor.py:161} INFO - Started process (PID=54) to work on /home/airflow/.local/lib/python3.12/site-packages/airflow/example_dags/example_params_trigger_ui.py
[2024-06-03T21:09:26.294+0000] {processor.py:830} INFO - Processing file /home/airflow/.local/lib/python3.12/site-packages/airflow/example_dags/example_params_trigger_ui.py for tasks to queue
[2024-06-03T21:09:26.300+0000] {logging_mixin.py:188} INFO - [2024-06-03T21:09:26.299+0000] {dagbag.py:545} INFO - Filling up the DagBag from /home/airflow/.local/lib/python3.12/site-packages/airflow/example_dags/example_params_trigger_ui.py
[2024-06-03T21:09:26.396+0000] {processor.py:840} INFO - DAG(s) 'example_params_trigger_ui' retrieved from /home/airflow/.local/lib/python3.12/site-packages/airflow/example_dags/example_params_trigger_ui.py
[2024-06-03T21:09:26.927+0000] {logging_mixin.py:188} INFO - [2024-06-03T21:09:26.926+0000] {override.py:1829} INFO - Created Permission View: can edit on DAG:example_params_trigger_ui
[2024-06-03T21:09:26.948+0000] {logging_mixin.py:188} INFO - [2024-06-03T21:09:26.948+0000] {override.py:1829} INFO - Created Permission View: can read on DAG:example_params_trigger_ui
[2024-06-03T21:09:26.962+0000] {logging_mixin.py:188} INFO - [2024-06-03T21:09:26.961+0000] {override.py:1829} INFO - Created Permission View: can delete on DAG:example_params_trigger_ui
[2024-06-03T21:09:26.963+0000] {logging_mixin.py:188} INFO - [2024-06-03T21:09:26.963+0000] {dag.py:3096} INFO - Sync 1 DAGs
[2024-06-03T21:09:26.991+0000] {logging_mixin.py:188} INFO - [2024-06-03T21:09:26.991+0000] {dag.py:3118} INFO - Creating ORM DAG for example_params_trigger_ui
[2024-06-03T21:09:26.994+0000] {logging_mixin.py:188} INFO - [2024-06-03T21:09:26.993+0000] {dag.py:3954} INFO - Setting next_dagrun for example_params_trigger_ui to None, run_after=None
[2024-06-03T21:09:27.040+0000] {processor.py:183} INFO - Processing /home/airflow/.local/lib/python3.12/site-packages/airflow/example_dags/example_params_trigger_ui.py took 0.781 seconds
[2024-06-03T21:09:57.628+0000] {processor.py:161} INFO - Started process (PID=112) to work on /home/airflow/.local/lib/python3.12/site-packages/airflow/example_dags/example_params_trigger_ui.py
[2024-06-03T21:09:57.632+0000] {processor.py:830} INFO - Processing file /home/airflow/.local/lib/python3.12/site-packages/airflow/example_dags/example_params_trigger_ui.py for tasks to queue
[2024-06-03T21:09:57.649+0000] {logging_mixin.py:188} INFO - [2024-06-03T21:09:57.648+0000] {dagbag.py:545} INFO - Filling up the DagBag from /home/airflow/.local/lib/python3.12/site-packages/airflow/example_dags/example_params_trigger_ui.py
[2024-06-03T21:09:57.771+0000] {processor.py:840} INFO - DAG(s) 'example_params_trigger_ui' retrieved from /home/airflow/.local/lib/python3.12/site-packages/airflow/example_dags/example_params_trigger_ui.py
[2024-06-03T21:09:58.006+0000] {logging_mixin.py:188} INFO - [2024-06-03T21:09:58.005+0000] {dag.py:3096} INFO - Sync 1 DAGs
[2024-06-03T21:09:58.048+0000] {logging_mixin.py:188} INFO - [2024-06-03T21:09:58.046+0000] {dag.py:3954} INFO - Setting next_dagrun for example_params_trigger_ui to None, run_after=None
[2024-06-03T21:09:58.170+0000] {processor.py:183} INFO - Processing /home/airflow/.local/lib/python3.12/site-packages/airflow/example_dags/example_params_trigger_ui.py took 0.564 seconds
[2024-06-03T21:10:28.964+0000] {processor.py:161} INFO - Started process (PID=170) to work on /home/airflow/.local/lib/python3.12/site-packages/airflow/example_dags/example_params_trigger_ui.py
[2024-06-03T21:10:28.966+0000] {processor.py:830} INFO - Processing file /home/airflow/.local/lib/python3.12/site-packages/airflow/example_dags/example_params_trigger_ui.py for tasks to queue
[2024-06-03T21:10:28.969+0000] {logging_mixin.py:188} INFO - [2024-06-03T21:10:28.969+0000] {dagbag.py:545} INFO - Filling up the DagBag from /home/airflow/.local/lib/python3.12/site-packages/airflow/example_dags/example_params_trigger_ui.py
[2024-06-03T21:10:28.985+0000] {processor.py:840} INFO - DAG(s) 'example_params_trigger_ui' retrieved from /home/airflow/.local/lib/python3.12/site-packages/airflow/example_dags/example_params_trigger_ui.py
[2024-06-03T21:10:29.065+0000] {logging_mixin.py:188} INFO - [2024-06-03T21:10:29.065+0000] {dag.py:3096} INFO - Sync 1 DAGs
[2024-06-03T21:10:29.080+0000] {logging_mixin.py:188} INFO - [2024-06-03T21:10:29.079+0000] {dag.py:3954} INFO - Setting next_dagrun for example_params_trigger_ui to None, run_after=None
[2024-06-03T21:10:29.106+0000] {processor.py:183} INFO - Processing /home/airflow/.local/lib/python3.12/site-packages/airflow/example_dags/example_params_trigger_ui.py took 0.148 seconds
[2024-06-03T21:10:59.163+0000] {processor.py:161} INFO - Started process (PID=228) to work on /home/airflow/.local/lib/python3.12/site-packages/airflow/example_dags/example_params_trigger_ui.py
[2024-06-03T21:10:59.165+0000] {processor.py:830} INFO - Processing file /home/airflow/.local/lib/python3.12/site-packages/airflow/example_dags/example_params_trigger_ui.py for tasks to queue
[2024-06-03T21:10:59.167+0000] {logging_mixin.py:188} INFO - [2024-06-03T21:10:59.167+0000] {dagbag.py:545} INFO - Filling up the DagBag from /home/airflow/.local/lib/python3.12/site-packages/airflow/example_dags/example_params_trigger_ui.py
[2024-06-03T21:10:59.186+0000] {processor.py:840} INFO - DAG(s) 'example_params_trigger_ui' retrieved from /home/airflow/.local/lib/python3.12/site-packages/airflow/example_dags/example_params_trigger_ui.py
[2024-06-03T21:10:59.256+0000] {logging_mixin.py:188} INFO - [2024-06-03T21:10:59.255+0000] {dag.py:3096} INFO - Sync 1 DAGs
[2024-06-03T21:10:59.271+0000] {logging_mixin.py:188} INFO - [2024-06-03T21:10:59.270+0000] {dag.py:3954} INFO - Setting next_dagrun for example_params_trigger_ui to None, run_after=None
[2024-06-03T21:10:59.298+0000] {processor.py:183} INFO - Processing /home/airflow/.local/lib/python3.12/site-packages/airflow/example_dags/example_params_trigger_ui.py took 0.142 seconds
[2024-06-03T21:11:29.420+0000] {processor.py:161} INFO - Started process (PID=287) to work on /home/airflow/.local/lib/python3.12/site-packages/airflow/example_dags/example_params_trigger_ui.py
[2024-06-03T21:11:29.422+0000] {processor.py:830} INFO - Processing file /home/airflow/.local/lib/python3.12/site-packages/airflow/example_dags/example_params_trigger_ui.py for tasks to queue
[2024-06-03T21:11:29.424+0000] {logging_mixin.py:188} INFO - [2024-06-03T21:11:29.424+0000] {dagbag.py:545} INFO - Filling up the DagBag from /home/airflow/.local/lib/python3.12/site-packages/airflow/example_dags/example_params_trigger_ui.py
[2024-06-03T21:11:29.440+0000] {processor.py:840} INFO - DAG(s) 'example_params_trigger_ui' retrieved from /home/airflow/.local/lib/python3.12/site-packages/airflow/example_dags/example_params_trigger_ui.py
[2024-06-03T21:11:29.497+0000] {logging_mixin.py:188} INFO - [2024-06-03T21:11:29.497+0000] {dag.py:3096} INFO - Sync 1 DAGs
[2024-06-03T21:11:29.511+0000] {logging_mixin.py:188} INFO - [2024-06-03T21:11:29.511+0000] {dag.py:3954} INFO - Setting next_dagrun for example_params_trigger_ui to None, run_after=None
[2024-06-03T21:11:29.538+0000] {processor.py:183} INFO - Processing /home/airflow/.local/lib/python3.12/site-packages/airflow/example_dags/example_params_trigger_ui.py took 0.127 seconds
[2024-06-03T21:12:00.270+0000] {processor.py:161} INFO - Started process (PID=345) to work on /home/airflow/.local/lib/python3.12/site-packages/airflow/example_dags/example_params_trigger_ui.py
[2024-06-03T21:12:00.272+0000] {processor.py:830} INFO - Processing file /home/airflow/.local/lib/python3.12/site-packages/airflow/example_dags/example_params_trigger_ui.py for tasks to queue
[2024-06-03T21:12:00.275+0000] {logging_mixin.py:188} INFO - [2024-06-03T21:12:00.274+0000] {dagbag.py:545} INFO - Filling up the DagBag from /home/airflow/.local/lib/python3.12/site-packages/airflow/example_dags/example_params_trigger_ui.py
[2024-06-03T21:12:00.299+0000] {processor.py:840} INFO - DAG(s) 'example_params_trigger_ui' retrieved from /home/airflow/.local/lib/python3.12/site-packages/airflow/example_dags/example_params_trigger_ui.py
[2024-06-03T21:12:00.378+0000] {logging_mixin.py:188} INFO - [2024-06-03T21:12:00.378+0000] {dag.py:3096} INFO - Sync 1 DAGs
[2024-06-03T21:12:00.399+0000] {logging_mixin.py:188} INFO - [2024-06-03T21:12:00.399+0000] {dag.py:3954} INFO - Setting next_dagrun for example_params_trigger_ui to None, run_after=None
[2024-06-03T21:12:00.431+0000] {processor.py:183} INFO - Processing /home/airflow/.local/lib/python3.12/site-packages/airflow/example_dags/example_params_trigger_ui.py took 0.171 seconds
[2024-06-03T21:12:31.079+0000] {processor.py:161} INFO - Started process (PID=403) to work on /home/airflow/.local/lib/python3.12/site-packages/airflow/example_dags/example_params_trigger_ui.py
[2024-06-03T21:12:31.081+0000] {processor.py:830} INFO - Processing file /home/airflow/.local/lib/python3.12/site-packages/airflow/example_dags/example_params_trigger_ui.py for tasks to queue
[2024-06-03T21:12:31.084+0000] {logging_mixin.py:188} INFO - [2024-06-03T21:12:31.083+0000] {dagbag.py:545} INFO - Filling up the DagBag from /home/airflow/.local/lib/python3.12/site-packages/airflow/example_dags/example_params_trigger_ui.py
[2024-06-03T21:12:31.107+0000] {processor.py:840} INFO - DAG(s) 'example_params_trigger_ui' retrieved from /home/airflow/.local/lib/python3.12/site-packages/airflow/example_dags/example_params_trigger_ui.py
[2024-06-03T21:12:31.219+0000] {logging_mixin.py:188} INFO - [2024-06-03T21:12:31.218+0000] {dag.py:3096} INFO - Sync 1 DAGs
[2024-06-03T21:12:31.245+0000] {logging_mixin.py:188} INFO - [2024-06-03T21:12:31.244+0000] {dag.py:3954} INFO - Setting next_dagrun for example_params_trigger_ui to None, run_after=None
[2024-06-03T21:12:31.284+0000] {processor.py:183} INFO - Processing /home/airflow/.local/lib/python3.12/site-packages/airflow/example_dags/example_params_trigger_ui.py took 0.216 seconds
[2024-06-03T21:13:01.763+0000] {processor.py:161} INFO - Started process (PID=461) to work on /home/airflow/.local/lib/python3.12/site-packages/airflow/example_dags/example_params_trigger_ui.py
[2024-06-03T21:13:01.764+0000] {processor.py:830} INFO - Processing file /home/airflow/.local/lib/python3.12/site-packages/airflow/example_dags/example_params_trigger_ui.py for tasks to queue
[2024-06-03T21:13:01.767+0000] {logging_mixin.py:188} INFO - [2024-06-03T21:13:01.767+0000] {dagbag.py:545} INFO - Filling up the DagBag from /home/airflow/.local/lib/python3.12/site-packages/airflow/example_dags/example_params_trigger_ui.py
[2024-06-03T21:13:01.785+0000] {processor.py:840} INFO - DAG(s) 'example_params_trigger_ui' retrieved from /home/airflow/.local/lib/python3.12/site-packages/airflow/example_dags/example_params_trigger_ui.py
[2024-06-03T21:13:01.848+0000] {logging_mixin.py:188} INFO - [2024-06-03T21:13:01.848+0000] {dag.py:3096} INFO - Sync 1 DAGs
[2024-06-03T21:13:01.872+0000] {logging_mixin.py:188} INFO - [2024-06-03T21:13:01.872+0000] {dag.py:3954} INFO - Setting next_dagrun for example_params_trigger_ui to None, run_after=None
[2024-06-03T21:13:01.899+0000] {processor.py:183} INFO - Processing /home/airflow/.local/lib/python3.12/site-packages/airflow/example_dags/example_params_trigger_ui.py took 0.143 seconds
