[2024-06-03T21:09:25.822+0000] {processor.py:161} INFO - Started process (PID=53) to work on /home/airflow/.local/lib/python3.12/site-packages/airflow/example_dags/example_sensors.py
[2024-06-03T21:09:25.824+0000] {processor.py:830} INFO - Processing file /home/airflow/.local/lib/python3.12/site-packages/airflow/example_dags/example_sensors.py for tasks to queue
[2024-06-03T21:09:25.828+0000] {logging_mixin.py:188} INFO - [2024-06-03T21:09:25.827+0000] {dagbag.py:545} INFO - Filling up the DagBag from /home/airflow/.local/lib/python3.12/site-packages/airflow/example_dags/example_sensors.py
[2024-06-03T21:09:25.875+0000] {processor.py:840} INFO - DAG(s) 'example_sensors' retrieved from /home/airflow/.local/lib/python3.12/site-packages/airflow/example_dags/example_sensors.py
[2024-06-03T21:09:26.277+0000] {logging_mixin.py:188} INFO - [2024-06-03T21:09:26.275+0000] {override.py:1829} INFO - Created Permission View: can edit on DAG:example_sensors
[2024-06-03T21:09:26.308+0000] {logging_mixin.py:188} INFO - [2024-06-03T21:09:26.307+0000] {override.py:1829} INFO - Created Permission View: can read on DAG:example_sensors
[2024-06-03T21:09:26.322+0000] {logging_mixin.py:188} INFO - [2024-06-03T21:09:26.322+0000] {override.py:1829} INFO - Created Permission View: can delete on DAG:example_sensors
[2024-06-03T21:09:26.324+0000] {logging_mixin.py:188} INFO - [2024-06-03T21:09:26.323+0000] {dag.py:3096} INFO - Sync 1 DAGs
[2024-06-03T21:09:26.363+0000] {logging_mixin.py:188} INFO - [2024-06-03T21:09:26.363+0000] {dag.py:3118} INFO - Creating ORM DAG for example_sensors
[2024-06-03T21:09:26.367+0000] {logging_mixin.py:188} INFO - [2024-06-03T21:09:26.367+0000] {dag.py:3954} INFO - Setting next_dagrun for example_sensors to None, run_after=None
[2024-06-03T21:09:26.415+0000] {processor.py:183} INFO - Processing /home/airflow/.local/lib/python3.12/site-packages/airflow/example_dags/example_sensors.py took 0.602 seconds
[2024-06-03T21:09:57.180+0000] {processor.py:161} INFO - Started process (PID=111) to work on /home/airflow/.local/lib/python3.12/site-packages/airflow/example_dags/example_sensors.py
[2024-06-03T21:09:57.183+0000] {processor.py:830} INFO - Processing file /home/airflow/.local/lib/python3.12/site-packages/airflow/example_dags/example_sensors.py for tasks to queue
[2024-06-03T21:09:57.189+0000] {logging_mixin.py:188} INFO - [2024-06-03T21:09:57.188+0000] {dagbag.py:545} INFO - Filling up the DagBag from /home/airflow/.local/lib/python3.12/site-packages/airflow/example_dags/example_sensors.py
[2024-06-03T21:09:57.237+0000] {processor.py:840} INFO - DAG(s) 'example_sensors' retrieved from /home/airflow/.local/lib/python3.12/site-packages/airflow/example_dags/example_sensors.py
[2024-06-03T21:09:57.356+0000] {logging_mixin.py:188} INFO - [2024-06-03T21:09:57.356+0000] {dag.py:3096} INFO - Sync 1 DAGs
[2024-06-03T21:09:57.409+0000] {logging_mixin.py:188} INFO - [2024-06-03T21:09:57.408+0000] {dag.py:3954} INFO - Setting next_dagrun for example_sensors to None, run_after=None
[2024-06-03T21:09:57.558+0000] {processor.py:183} INFO - Processing /home/airflow/.local/lib/python3.12/site-packages/airflow/example_dags/example_sensors.py took 0.399 seconds
[2024-06-03T21:10:27.830+0000] {processor.py:161} INFO - Started process (PID=169) to work on /home/airflow/.local/lib/python3.12/site-packages/airflow/example_dags/example_sensors.py
[2024-06-03T21:10:27.832+0000] {processor.py:830} INFO - Processing file /home/airflow/.local/lib/python3.12/site-packages/airflow/example_dags/example_sensors.py for tasks to queue
[2024-06-03T21:10:27.834+0000] {logging_mixin.py:188} INFO - [2024-06-03T21:10:27.834+0000] {dagbag.py:545} INFO - Filling up the DagBag from /home/airflow/.local/lib/python3.12/site-packages/airflow/example_dags/example_sensors.py
[2024-06-03T21:10:27.844+0000] {processor.py:840} INFO - DAG(s) 'example_sensors' retrieved from /home/airflow/.local/lib/python3.12/site-packages/airflow/example_dags/example_sensors.py
[2024-06-03T21:10:27.880+0000] {logging_mixin.py:188} INFO - [2024-06-03T21:10:27.880+0000] {dag.py:3096} INFO - Sync 1 DAGs
[2024-06-03T21:10:27.896+0000] {logging_mixin.py:188} INFO - [2024-06-03T21:10:27.896+0000] {dag.py:3954} INFO - Setting next_dagrun for example_sensors to None, run_after=None
[2024-06-03T21:10:27.919+0000] {processor.py:183} INFO - Processing /home/airflow/.local/lib/python3.12/site-packages/airflow/example_dags/example_sensors.py took 0.094 seconds
[2024-06-03T21:10:58.093+0000] {processor.py:161} INFO - Started process (PID=227) to work on /home/airflow/.local/lib/python3.12/site-packages/airflow/example_dags/example_sensors.py
[2024-06-03T21:10:58.094+0000] {processor.py:830} INFO - Processing file /home/airflow/.local/lib/python3.12/site-packages/airflow/example_dags/example_sensors.py for tasks to queue
[2024-06-03T21:10:58.096+0000] {logging_mixin.py:188} INFO - [2024-06-03T21:10:58.096+0000] {dagbag.py:545} INFO - Filling up the DagBag from /home/airflow/.local/lib/python3.12/site-packages/airflow/example_dags/example_sensors.py
[2024-06-03T21:10:58.105+0000] {processor.py:840} INFO - DAG(s) 'example_sensors' retrieved from /home/airflow/.local/lib/python3.12/site-packages/airflow/example_dags/example_sensors.py
[2024-06-03T21:10:58.143+0000] {logging_mixin.py:188} INFO - [2024-06-03T21:10:58.142+0000] {dag.py:3096} INFO - Sync 1 DAGs
[2024-06-03T21:10:58.160+0000] {logging_mixin.py:188} INFO - [2024-06-03T21:10:58.159+0000] {dag.py:3954} INFO - Setting next_dagrun for example_sensors to None, run_after=None
[2024-06-03T21:10:58.185+0000] {processor.py:183} INFO - Processing /home/airflow/.local/lib/python3.12/site-packages/airflow/example_dags/example_sensors.py took 0.099 seconds
[2024-06-03T21:11:28.285+0000] {processor.py:161} INFO - Started process (PID=286) to work on /home/airflow/.local/lib/python3.12/site-packages/airflow/example_dags/example_sensors.py
[2024-06-03T21:11:28.288+0000] {processor.py:830} INFO - Processing file /home/airflow/.local/lib/python3.12/site-packages/airflow/example_dags/example_sensors.py for tasks to queue
[2024-06-03T21:11:28.291+0000] {logging_mixin.py:188} INFO - [2024-06-03T21:11:28.290+0000] {dagbag.py:545} INFO - Filling up the DagBag from /home/airflow/.local/lib/python3.12/site-packages/airflow/example_dags/example_sensors.py
[2024-06-03T21:11:28.300+0000] {processor.py:840} INFO - DAG(s) 'example_sensors' retrieved from /home/airflow/.local/lib/python3.12/site-packages/airflow/example_dags/example_sensors.py
[2024-06-03T21:11:28.332+0000] {logging_mixin.py:188} INFO - [2024-06-03T21:11:28.332+0000] {dag.py:3096} INFO - Sync 1 DAGs
[2024-06-03T21:11:28.349+0000] {logging_mixin.py:188} INFO - [2024-06-03T21:11:28.349+0000] {dag.py:3954} INFO - Setting next_dagrun for example_sensors to None, run_after=None
[2024-06-03T21:11:28.373+0000] {processor.py:183} INFO - Processing /home/airflow/.local/lib/python3.12/site-packages/airflow/example_dags/example_sensors.py took 0.093 seconds
[2024-06-03T21:11:59.171+0000] {processor.py:161} INFO - Started process (PID=344) to work on /home/airflow/.local/lib/python3.12/site-packages/airflow/example_dags/example_sensors.py
[2024-06-03T21:11:59.172+0000] {processor.py:830} INFO - Processing file /home/airflow/.local/lib/python3.12/site-packages/airflow/example_dags/example_sensors.py for tasks to queue
[2024-06-03T21:11:59.174+0000] {logging_mixin.py:188} INFO - [2024-06-03T21:11:59.174+0000] {dagbag.py:545} INFO - Filling up the DagBag from /home/airflow/.local/lib/python3.12/site-packages/airflow/example_dags/example_sensors.py
[2024-06-03T21:11:59.185+0000] {processor.py:840} INFO - DAG(s) 'example_sensors' retrieved from /home/airflow/.local/lib/python3.12/site-packages/airflow/example_dags/example_sensors.py
[2024-06-03T21:11:59.225+0000] {logging_mixin.py:188} INFO - [2024-06-03T21:11:59.224+0000] {dag.py:3096} INFO - Sync 1 DAGs
[2024-06-03T21:11:59.244+0000] {logging_mixin.py:188} INFO - [2024-06-03T21:11:59.244+0000] {dag.py:3954} INFO - Setting next_dagrun for example_sensors to None, run_after=None
[2024-06-03T21:11:59.267+0000] {processor.py:183} INFO - Processing /home/airflow/.local/lib/python3.12/site-packages/airflow/example_dags/example_sensors.py took 0.102 seconds
[2024-06-03T21:12:29.873+0000] {processor.py:161} INFO - Started process (PID=402) to work on /home/airflow/.local/lib/python3.12/site-packages/airflow/example_dags/example_sensors.py
[2024-06-03T21:12:29.875+0000] {processor.py:830} INFO - Processing file /home/airflow/.local/lib/python3.12/site-packages/airflow/example_dags/example_sensors.py for tasks to queue
[2024-06-03T21:12:29.879+0000] {logging_mixin.py:188} INFO - [2024-06-03T21:12:29.878+0000] {dagbag.py:545} INFO - Filling up the DagBag from /home/airflow/.local/lib/python3.12/site-packages/airflow/example_dags/example_sensors.py
[2024-06-03T21:12:29.894+0000] {processor.py:840} INFO - DAG(s) 'example_sensors' retrieved from /home/airflow/.local/lib/python3.12/site-packages/airflow/example_dags/example_sensors.py
[2024-06-03T21:12:29.941+0000] {logging_mixin.py:188} INFO - [2024-06-03T21:12:29.941+0000] {dag.py:3096} INFO - Sync 1 DAGs
[2024-06-03T21:12:30.008+0000] {logging_mixin.py:188} INFO - [2024-06-03T21:12:30.008+0000] {dag.py:3954} INFO - Setting next_dagrun for example_sensors to None, run_after=None
[2024-06-03T21:12:30.039+0000] {processor.py:183} INFO - Processing /home/airflow/.local/lib/python3.12/site-packages/airflow/example_dags/example_sensors.py took 0.178 seconds
[2024-06-03T21:13:00.663+0000] {processor.py:161} INFO - Started process (PID=460) to work on /home/airflow/.local/lib/python3.12/site-packages/airflow/example_dags/example_sensors.py
[2024-06-03T21:13:00.665+0000] {processor.py:830} INFO - Processing file /home/airflow/.local/lib/python3.12/site-packages/airflow/example_dags/example_sensors.py for tasks to queue
[2024-06-03T21:13:00.668+0000] {logging_mixin.py:188} INFO - [2024-06-03T21:13:00.667+0000] {dagbag.py:545} INFO - Filling up the DagBag from /home/airflow/.local/lib/python3.12/site-packages/airflow/example_dags/example_sensors.py
[2024-06-03T21:13:00.683+0000] {processor.py:840} INFO - DAG(s) 'example_sensors' retrieved from /home/airflow/.local/lib/python3.12/site-packages/airflow/example_dags/example_sensors.py
[2024-06-03T21:13:00.729+0000] {logging_mixin.py:188} INFO - [2024-06-03T21:13:00.728+0000] {dag.py:3096} INFO - Sync 1 DAGs
[2024-06-03T21:13:00.751+0000] {logging_mixin.py:188} INFO - [2024-06-03T21:13:00.750+0000] {dag.py:3954} INFO - Setting next_dagrun for example_sensors to None, run_after=None
[2024-06-03T21:13:00.781+0000] {processor.py:183} INFO - Processing /home/airflow/.local/lib/python3.12/site-packages/airflow/example_dags/example_sensors.py took 0.128 seconds
