[2024-06-03T21:09:33.513+0000] {processor.py:161} INFO - Started process (PID=76) to work on /home/airflow/.local/lib/python3.12/site-packages/airflow/example_dags/example_latest_only_with_trigger.py
[2024-06-03T21:09:33.515+0000] {processor.py:830} INFO - Processing file /home/airflow/.local/lib/python3.12/site-packages/airflow/example_dags/example_latest_only_with_trigger.py for tasks to queue
[2024-06-03T21:09:33.518+0000] {logging_mixin.py:188} INFO - [2024-06-03T21:09:33.518+0000] {dagbag.py:545} INFO - Filling up the DagBag from /home/airflow/.local/lib/python3.12/site-packages/airflow/example_dags/example_latest_only_with_trigger.py
[2024-06-03T21:09:33.531+0000] {processor.py:840} INFO - DAG(s) 'latest_only_with_trigger' retrieved from /home/airflow/.local/lib/python3.12/site-packages/airflow/example_dags/example_latest_only_with_trigger.py
[2024-06-03T21:09:33.678+0000] {logging_mixin.py:188} INFO - [2024-06-03T21:09:33.676+0000] {override.py:1829} INFO - Created Permission View: can edit on DAG:latest_only_with_trigger
[2024-06-03T21:09:33.693+0000] {logging_mixin.py:188} INFO - [2024-06-03T21:09:33.692+0000] {override.py:1829} INFO - Created Permission View: can read on DAG:latest_only_with_trigger
[2024-06-03T21:09:33.703+0000] {logging_mixin.py:188} INFO - [2024-06-03T21:09:33.703+0000] {override.py:1829} INFO - Created Permission View: can delete on DAG:latest_only_with_trigger
[2024-06-03T21:09:33.704+0000] {logging_mixin.py:188} INFO - [2024-06-03T21:09:33.704+0000] {dag.py:3096} INFO - Sync 1 DAGs
[2024-06-03T21:09:33.721+0000] {logging_mixin.py:188} INFO - [2024-06-03T21:09:33.720+0000] {dag.py:3118} INFO - Creating ORM DAG for latest_only_with_trigger
[2024-06-03T21:09:33.735+0000] {logging_mixin.py:188} INFO - [2024-06-03T21:09:33.735+0000] {dag.py:3954} INFO - Setting next_dagrun for latest_only_with_trigger to 2024-06-03 16:00:00+00:00, run_after=2024-06-03 20:00:00+00:00
[2024-06-03T21:09:33.759+0000] {processor.py:183} INFO - Processing /home/airflow/.local/lib/python3.12/site-packages/airflow/example_dags/example_latest_only_with_trigger.py took 0.255 seconds
[2024-06-03T21:10:03.801+0000] {processor.py:161} INFO - Started process (PID=134) to work on /home/airflow/.local/lib/python3.12/site-packages/airflow/example_dags/example_latest_only_with_trigger.py
[2024-06-03T21:10:03.803+0000] {processor.py:830} INFO - Processing file /home/airflow/.local/lib/python3.12/site-packages/airflow/example_dags/example_latest_only_with_trigger.py for tasks to queue
[2024-06-03T21:10:03.806+0000] {logging_mixin.py:188} INFO - [2024-06-03T21:10:03.805+0000] {dagbag.py:545} INFO - Filling up the DagBag from /home/airflow/.local/lib/python3.12/site-packages/airflow/example_dags/example_latest_only_with_trigger.py
[2024-06-03T21:10:03.815+0000] {processor.py:840} INFO - DAG(s) 'latest_only_with_trigger' retrieved from /home/airflow/.local/lib/python3.12/site-packages/airflow/example_dags/example_latest_only_with_trigger.py
[2024-06-03T21:10:03.844+0000] {logging_mixin.py:188} INFO - [2024-06-03T21:10:03.844+0000] {dag.py:3096} INFO - Sync 1 DAGs
[2024-06-03T21:10:03.890+0000] {logging_mixin.py:188} INFO - [2024-06-03T21:10:03.890+0000] {dag.py:3954} INFO - Setting next_dagrun for latest_only_with_trigger to 2024-06-03 16:00:00+00:00, run_after=2024-06-03 20:00:00+00:00
[2024-06-03T21:10:03.921+0000] {processor.py:183} INFO - Processing /home/airflow/.local/lib/python3.12/site-packages/airflow/example_dags/example_latest_only_with_trigger.py took 0.130 seconds
[2024-06-03T21:10:34.738+0000] {processor.py:161} INFO - Started process (PID=192) to work on /home/airflow/.local/lib/python3.12/site-packages/airflow/example_dags/example_latest_only_with_trigger.py
[2024-06-03T21:10:34.740+0000] {processor.py:830} INFO - Processing file /home/airflow/.local/lib/python3.12/site-packages/airflow/example_dags/example_latest_only_with_trigger.py for tasks to queue
[2024-06-03T21:10:34.742+0000] {logging_mixin.py:188} INFO - [2024-06-03T21:10:34.742+0000] {dagbag.py:545} INFO - Filling up the DagBag from /home/airflow/.local/lib/python3.12/site-packages/airflow/example_dags/example_latest_only_with_trigger.py
[2024-06-03T21:10:34.752+0000] {processor.py:840} INFO - DAG(s) 'latest_only_with_trigger' retrieved from /home/airflow/.local/lib/python3.12/site-packages/airflow/example_dags/example_latest_only_with_trigger.py
[2024-06-03T21:10:34.784+0000] {logging_mixin.py:188} INFO - [2024-06-03T21:10:34.784+0000] {dag.py:3096} INFO - Sync 1 DAGs
[2024-06-03T21:10:34.817+0000] {logging_mixin.py:188} INFO - [2024-06-03T21:10:34.817+0000] {dag.py:3954} INFO - Setting next_dagrun for latest_only_with_trigger to 2024-06-03 16:00:00+00:00, run_after=2024-06-03 20:00:00+00:00
[2024-06-03T21:10:34.848+0000] {processor.py:183} INFO - Processing /home/airflow/.local/lib/python3.12/site-packages/airflow/example_dags/example_latest_only_with_trigger.py took 0.119 seconds
[2024-06-03T21:11:05.727+0000] {processor.py:161} INFO - Started process (PID=250) to work on /home/airflow/.local/lib/python3.12/site-packages/airflow/example_dags/example_latest_only_with_trigger.py
[2024-06-03T21:11:05.728+0000] {processor.py:830} INFO - Processing file /home/airflow/.local/lib/python3.12/site-packages/airflow/example_dags/example_latest_only_with_trigger.py for tasks to queue
[2024-06-03T21:11:05.731+0000] {logging_mixin.py:188} INFO - [2024-06-03T21:11:05.731+0000] {dagbag.py:545} INFO - Filling up the DagBag from /home/airflow/.local/lib/python3.12/site-packages/airflow/example_dags/example_latest_only_with_trigger.py
[2024-06-03T21:11:05.739+0000] {processor.py:840} INFO - DAG(s) 'latest_only_with_trigger' retrieved from /home/airflow/.local/lib/python3.12/site-packages/airflow/example_dags/example_latest_only_with_trigger.py
[2024-06-03T21:11:05.768+0000] {logging_mixin.py:188} INFO - [2024-06-03T21:11:05.768+0000] {dag.py:3096} INFO - Sync 1 DAGs
[2024-06-03T21:11:05.804+0000] {logging_mixin.py:188} INFO - [2024-06-03T21:11:05.804+0000] {dag.py:3954} INFO - Setting next_dagrun for latest_only_with_trigger to 2024-06-03 16:00:00+00:00, run_after=2024-06-03 20:00:00+00:00
[2024-06-03T21:11:05.831+0000] {processor.py:183} INFO - Processing /home/airflow/.local/lib/python3.12/site-packages/airflow/example_dags/example_latest_only_with_trigger.py took 0.112 seconds
[2024-06-03T21:11:36.022+0000] {processor.py:161} INFO - Started process (PID=309) to work on /home/airflow/.local/lib/python3.12/site-packages/airflow/example_dags/example_latest_only_with_trigger.py
[2024-06-03T21:11:36.024+0000] {processor.py:830} INFO - Processing file /home/airflow/.local/lib/python3.12/site-packages/airflow/example_dags/example_latest_only_with_trigger.py for tasks to queue
[2024-06-03T21:11:36.027+0000] {logging_mixin.py:188} INFO - [2024-06-03T21:11:36.026+0000] {dagbag.py:545} INFO - Filling up the DagBag from /home/airflow/.local/lib/python3.12/site-packages/airflow/example_dags/example_latest_only_with_trigger.py
[2024-06-03T21:11:36.036+0000] {processor.py:840} INFO - DAG(s) 'latest_only_with_trigger' retrieved from /home/airflow/.local/lib/python3.12/site-packages/airflow/example_dags/example_latest_only_with_trigger.py
[2024-06-03T21:11:36.068+0000] {logging_mixin.py:188} INFO - [2024-06-03T21:11:36.068+0000] {dag.py:3096} INFO - Sync 1 DAGs
[2024-06-03T21:11:36.098+0000] {logging_mixin.py:188} INFO - [2024-06-03T21:11:36.098+0000] {dag.py:3954} INFO - Setting next_dagrun for latest_only_with_trigger to 2024-06-03 16:00:00+00:00, run_after=2024-06-03 20:00:00+00:00
[2024-06-03T21:11:36.122+0000] {processor.py:183} INFO - Processing /home/airflow/.local/lib/python3.12/site-packages/airflow/example_dags/example_latest_only_with_trigger.py took 0.110 seconds
[2024-06-03T21:12:07.179+0000] {processor.py:161} INFO - Started process (PID=367) to work on /home/airflow/.local/lib/python3.12/site-packages/airflow/example_dags/example_latest_only_with_trigger.py
[2024-06-03T21:12:07.182+0000] {processor.py:830} INFO - Processing file /home/airflow/.local/lib/python3.12/site-packages/airflow/example_dags/example_latest_only_with_trigger.py for tasks to queue
[2024-06-03T21:12:07.185+0000] {logging_mixin.py:188} INFO - [2024-06-03T21:12:07.185+0000] {dagbag.py:545} INFO - Filling up the DagBag from /home/airflow/.local/lib/python3.12/site-packages/airflow/example_dags/example_latest_only_with_trigger.py
[2024-06-03T21:12:07.195+0000] {processor.py:840} INFO - DAG(s) 'latest_only_with_trigger' retrieved from /home/airflow/.local/lib/python3.12/site-packages/airflow/example_dags/example_latest_only_with_trigger.py
[2024-06-03T21:12:07.236+0000] {logging_mixin.py:188} INFO - [2024-06-03T21:12:07.235+0000] {dag.py:3096} INFO - Sync 1 DAGs
[2024-06-03T21:12:07.284+0000] {logging_mixin.py:188} INFO - [2024-06-03T21:12:07.282+0000] {dag.py:3954} INFO - Setting next_dagrun for latest_only_with_trigger to 2024-06-03 16:00:00+00:00, run_after=2024-06-03 20:00:00+00:00
[2024-06-03T21:12:07.323+0000] {processor.py:183} INFO - Processing /home/airflow/.local/lib/python3.12/site-packages/airflow/example_dags/example_latest_only_with_trigger.py took 0.153 seconds
[2024-06-03T21:12:37.710+0000] {processor.py:161} INFO - Started process (PID=425) to work on /home/airflow/.local/lib/python3.12/site-packages/airflow/example_dags/example_latest_only_with_trigger.py
[2024-06-03T21:12:37.711+0000] {processor.py:830} INFO - Processing file /home/airflow/.local/lib/python3.12/site-packages/airflow/example_dags/example_latest_only_with_trigger.py for tasks to queue
[2024-06-03T21:12:37.714+0000] {logging_mixin.py:188} INFO - [2024-06-03T21:12:37.713+0000] {dagbag.py:545} INFO - Filling up the DagBag from /home/airflow/.local/lib/python3.12/site-packages/airflow/example_dags/example_latest_only_with_trigger.py
[2024-06-03T21:12:37.720+0000] {processor.py:840} INFO - DAG(s) 'latest_only_with_trigger' retrieved from /home/airflow/.local/lib/python3.12/site-packages/airflow/example_dags/example_latest_only_with_trigger.py
[2024-06-03T21:12:37.752+0000] {logging_mixin.py:188} INFO - [2024-06-03T21:12:37.751+0000] {dag.py:3096} INFO - Sync 1 DAGs
[2024-06-03T21:12:37.780+0000] {logging_mixin.py:188} INFO - [2024-06-03T21:12:37.780+0000] {dag.py:3954} INFO - Setting next_dagrun for latest_only_with_trigger to 2024-06-03 16:00:00+00:00, run_after=2024-06-03 20:00:00+00:00
[2024-06-03T21:12:37.806+0000] {processor.py:183} INFO - Processing /home/airflow/.local/lib/python3.12/site-packages/airflow/example_dags/example_latest_only_with_trigger.py took 0.103 seconds
[2024-06-03T21:13:08.165+0000] {processor.py:161} INFO - Started process (PID=483) to work on /home/airflow/.local/lib/python3.12/site-packages/airflow/example_dags/example_latest_only_with_trigger.py
[2024-06-03T21:13:08.167+0000] {processor.py:830} INFO - Processing file /home/airflow/.local/lib/python3.12/site-packages/airflow/example_dags/example_latest_only_with_trigger.py for tasks to queue
[2024-06-03T21:13:08.170+0000] {logging_mixin.py:188} INFO - [2024-06-03T21:13:08.169+0000] {dagbag.py:545} INFO - Filling up the DagBag from /home/airflow/.local/lib/python3.12/site-packages/airflow/example_dags/example_latest_only_with_trigger.py
[2024-06-03T21:13:08.176+0000] {processor.py:840} INFO - DAG(s) 'latest_only_with_trigger' retrieved from /home/airflow/.local/lib/python3.12/site-packages/airflow/example_dags/example_latest_only_with_trigger.py
[2024-06-03T21:13:08.205+0000] {logging_mixin.py:188} INFO - [2024-06-03T21:13:08.204+0000] {dag.py:3096} INFO - Sync 1 DAGs
[2024-06-03T21:13:08.233+0000] {logging_mixin.py:188} INFO - [2024-06-03T21:13:08.233+0000] {dag.py:3954} INFO - Setting next_dagrun for latest_only_with_trigger to 2024-06-03 16:00:00+00:00, run_after=2024-06-03 20:00:00+00:00
[2024-06-03T21:13:08.258+0000] {processor.py:183} INFO - Processing /home/airflow/.local/lib/python3.12/site-packages/airflow/example_dags/example_latest_only_with_trigger.py took 0.100 seconds
