[2024-06-03T21:09:25.597+0000] {processor.py:161} INFO - Started process (PID=52) to work on /home/airflow/.local/lib/python3.12/site-packages/airflow/example_dags/example_skip_dag.py
[2024-06-03T21:09:25.601+0000] {processor.py:830} INFO - Processing file /home/airflow/.local/lib/python3.12/site-packages/airflow/example_dags/example_skip_dag.py for tasks to queue
[2024-06-03T21:09:25.621+0000] {logging_mixin.py:188} INFO - [2024-06-03T21:09:25.618+0000] {dagbag.py:545} INFO - Filling up the DagBag from /home/airflow/.local/lib/python3.12/site-packages/airflow/example_dags/example_skip_dag.py
[2024-06-03T21:09:25.713+0000] {processor.py:840} INFO - DAG(s) 'example_skip_dag' retrieved from /home/airflow/.local/lib/python3.12/site-packages/airflow/example_dags/example_skip_dag.py
[2024-06-03T21:09:26.038+0000] {logging_mixin.py:188} INFO - [2024-06-03T21:09:26.036+0000] {override.py:1829} INFO - Created Permission View: can edit on DAG:example_skip_dag
[2024-06-03T21:09:26.066+0000] {logging_mixin.py:188} INFO - [2024-06-03T21:09:26.065+0000] {override.py:1829} INFO - Created Permission View: can read on DAG:example_skip_dag
[2024-06-03T21:09:26.079+0000] {logging_mixin.py:188} INFO - [2024-06-03T21:09:26.079+0000] {override.py:1829} INFO - Created Permission View: can delete on DAG:example_skip_dag
[2024-06-03T21:09:26.081+0000] {logging_mixin.py:188} INFO - [2024-06-03T21:09:26.080+0000] {dag.py:3096} INFO - Sync 1 DAGs
[2024-06-03T21:09:26.125+0000] {logging_mixin.py:188} INFO - [2024-06-03T21:09:26.125+0000] {dag.py:3118} INFO - Creating ORM DAG for example_skip_dag
[2024-06-03T21:09:26.161+0000] {logging_mixin.py:188} INFO - [2024-06-03T21:09:26.160+0000] {dag.py:3954} INFO - Setting next_dagrun for example_skip_dag to 2024-06-02 00:00:00+00:00, run_after=2024-06-03 00:00:00+00:00
[2024-06-03T21:09:26.209+0000] {processor.py:183} INFO - Processing /home/airflow/.local/lib/python3.12/site-packages/airflow/example_dags/example_skip_dag.py took 0.637 seconds
[2024-06-03T21:09:57.157+0000] {processor.py:161} INFO - Started process (PID=110) to work on /home/airflow/.local/lib/python3.12/site-packages/airflow/example_dags/example_skip_dag.py
[2024-06-03T21:09:57.160+0000] {processor.py:830} INFO - Processing file /home/airflow/.local/lib/python3.12/site-packages/airflow/example_dags/example_skip_dag.py for tasks to queue
[2024-06-03T21:09:57.167+0000] {logging_mixin.py:188} INFO - [2024-06-03T21:09:57.166+0000] {dagbag.py:545} INFO - Filling up the DagBag from /home/airflow/.local/lib/python3.12/site-packages/airflow/example_dags/example_skip_dag.py
[2024-06-03T21:09:57.191+0000] {processor.py:840} INFO - DAG(s) 'example_skip_dag' retrieved from /home/airflow/.local/lib/python3.12/site-packages/airflow/example_dags/example_skip_dag.py
[2024-06-03T21:09:57.278+0000] {logging_mixin.py:188} INFO - [2024-06-03T21:09:57.278+0000] {dag.py:3096} INFO - Sync 1 DAGs
[2024-06-03T21:09:57.359+0000] {logging_mixin.py:188} INFO - [2024-06-03T21:09:57.358+0000] {dag.py:3954} INFO - Setting next_dagrun for example_skip_dag to 2024-06-02 00:00:00+00:00, run_after=2024-06-03 00:00:00+00:00
[2024-06-03T21:09:57.446+0000] {processor.py:183} INFO - Processing /home/airflow/.local/lib/python3.12/site-packages/airflow/example_dags/example_skip_dag.py took 0.311 seconds
[2024-06-03T21:10:27.830+0000] {processor.py:161} INFO - Started process (PID=168) to work on /home/airflow/.local/lib/python3.12/site-packages/airflow/example_dags/example_skip_dag.py
[2024-06-03T21:10:27.832+0000] {processor.py:830} INFO - Processing file /home/airflow/.local/lib/python3.12/site-packages/airflow/example_dags/example_skip_dag.py for tasks to queue
[2024-06-03T21:10:27.834+0000] {logging_mixin.py:188} INFO - [2024-06-03T21:10:27.834+0000] {dagbag.py:545} INFO - Filling up the DagBag from /home/airflow/.local/lib/python3.12/site-packages/airflow/example_dags/example_skip_dag.py
[2024-06-03T21:10:27.841+0000] {processor.py:840} INFO - DAG(s) 'example_skip_dag' retrieved from /home/airflow/.local/lib/python3.12/site-packages/airflow/example_dags/example_skip_dag.py
[2024-06-03T21:10:27.875+0000] {logging_mixin.py:188} INFO - [2024-06-03T21:10:27.875+0000] {dag.py:3096} INFO - Sync 1 DAGs
[2024-06-03T21:10:27.902+0000] {logging_mixin.py:188} INFO - [2024-06-03T21:10:27.902+0000] {dag.py:3954} INFO - Setting next_dagrun for example_skip_dag to 2024-06-02 00:00:00+00:00, run_after=2024-06-03 00:00:00+00:00
[2024-06-03T21:10:27.925+0000] {processor.py:183} INFO - Processing /home/airflow/.local/lib/python3.12/site-packages/airflow/example_dags/example_skip_dag.py took 0.100 seconds
[2024-06-03T21:10:58.092+0000] {processor.py:161} INFO - Started process (PID=226) to work on /home/airflow/.local/lib/python3.12/site-packages/airflow/example_dags/example_skip_dag.py
[2024-06-03T21:10:58.093+0000] {processor.py:830} INFO - Processing file /home/airflow/.local/lib/python3.12/site-packages/airflow/example_dags/example_skip_dag.py for tasks to queue
[2024-06-03T21:10:58.096+0000] {logging_mixin.py:188} INFO - [2024-06-03T21:10:58.095+0000] {dagbag.py:545} INFO - Filling up the DagBag from /home/airflow/.local/lib/python3.12/site-packages/airflow/example_dags/example_skip_dag.py
[2024-06-03T21:10:58.102+0000] {processor.py:840} INFO - DAG(s) 'example_skip_dag' retrieved from /home/airflow/.local/lib/python3.12/site-packages/airflow/example_dags/example_skip_dag.py
[2024-06-03T21:10:58.132+0000] {logging_mixin.py:188} INFO - [2024-06-03T21:10:58.132+0000] {dag.py:3096} INFO - Sync 1 DAGs
[2024-06-03T21:10:58.161+0000] {logging_mixin.py:188} INFO - [2024-06-03T21:10:58.161+0000] {dag.py:3954} INFO - Setting next_dagrun for example_skip_dag to 2024-06-02 00:00:00+00:00, run_after=2024-06-03 00:00:00+00:00
[2024-06-03T21:10:58.188+0000] {processor.py:183} INFO - Processing /home/airflow/.local/lib/python3.12/site-packages/airflow/example_dags/example_skip_dag.py took 0.102 seconds
[2024-06-03T21:11:28.285+0000] {processor.py:161} INFO - Started process (PID=285) to work on /home/airflow/.local/lib/python3.12/site-packages/airflow/example_dags/example_skip_dag.py
[2024-06-03T21:11:28.288+0000] {processor.py:830} INFO - Processing file /home/airflow/.local/lib/python3.12/site-packages/airflow/example_dags/example_skip_dag.py for tasks to queue
[2024-06-03T21:11:28.291+0000] {logging_mixin.py:188} INFO - [2024-06-03T21:11:28.290+0000] {dagbag.py:545} INFO - Filling up the DagBag from /home/airflow/.local/lib/python3.12/site-packages/airflow/example_dags/example_skip_dag.py
[2024-06-03T21:11:28.297+0000] {processor.py:840} INFO - DAG(s) 'example_skip_dag' retrieved from /home/airflow/.local/lib/python3.12/site-packages/airflow/example_dags/example_skip_dag.py
[2024-06-03T21:11:28.325+0000] {logging_mixin.py:188} INFO - [2024-06-03T21:11:28.324+0000] {dag.py:3096} INFO - Sync 1 DAGs
[2024-06-03T21:11:28.351+0000] {logging_mixin.py:188} INFO - [2024-06-03T21:11:28.351+0000] {dag.py:3954} INFO - Setting next_dagrun for example_skip_dag to 2024-06-02 00:00:00+00:00, run_after=2024-06-03 00:00:00+00:00
[2024-06-03T21:11:28.376+0000] {processor.py:183} INFO - Processing /home/airflow/.local/lib/python3.12/site-packages/airflow/example_dags/example_skip_dag.py took 0.096 seconds
[2024-06-03T21:11:59.169+0000] {processor.py:161} INFO - Started process (PID=343) to work on /home/airflow/.local/lib/python3.12/site-packages/airflow/example_dags/example_skip_dag.py
[2024-06-03T21:11:59.171+0000] {processor.py:830} INFO - Processing file /home/airflow/.local/lib/python3.12/site-packages/airflow/example_dags/example_skip_dag.py for tasks to queue
[2024-06-03T21:11:59.173+0000] {logging_mixin.py:188} INFO - [2024-06-03T21:11:59.173+0000] {dagbag.py:545} INFO - Filling up the DagBag from /home/airflow/.local/lib/python3.12/site-packages/airflow/example_dags/example_skip_dag.py
[2024-06-03T21:11:59.180+0000] {processor.py:840} INFO - DAG(s) 'example_skip_dag' retrieved from /home/airflow/.local/lib/python3.12/site-packages/airflow/example_dags/example_skip_dag.py
[2024-06-03T21:11:59.211+0000] {logging_mixin.py:188} INFO - [2024-06-03T21:11:59.211+0000] {dag.py:3096} INFO - Sync 1 DAGs
[2024-06-03T21:11:59.246+0000] {logging_mixin.py:188} INFO - [2024-06-03T21:11:59.246+0000] {dag.py:3954} INFO - Setting next_dagrun for example_skip_dag to 2024-06-02 00:00:00+00:00, run_after=2024-06-03 00:00:00+00:00
[2024-06-03T21:11:59.268+0000] {processor.py:183} INFO - Processing /home/airflow/.local/lib/python3.12/site-packages/airflow/example_dags/example_skip_dag.py took 0.105 seconds
[2024-06-03T21:12:29.870+0000] {processor.py:161} INFO - Started process (PID=401) to work on /home/airflow/.local/lib/python3.12/site-packages/airflow/example_dags/example_skip_dag.py
[2024-06-03T21:12:29.872+0000] {processor.py:830} INFO - Processing file /home/airflow/.local/lib/python3.12/site-packages/airflow/example_dags/example_skip_dag.py for tasks to queue
[2024-06-03T21:12:29.875+0000] {logging_mixin.py:188} INFO - [2024-06-03T21:12:29.875+0000] {dagbag.py:545} INFO - Filling up the DagBag from /home/airflow/.local/lib/python3.12/site-packages/airflow/example_dags/example_skip_dag.py
[2024-06-03T21:12:29.886+0000] {processor.py:840} INFO - DAG(s) 'example_skip_dag' retrieved from /home/airflow/.local/lib/python3.12/site-packages/airflow/example_dags/example_skip_dag.py
[2024-06-03T21:12:29.924+0000] {logging_mixin.py:188} INFO - [2024-06-03T21:12:29.923+0000] {dag.py:3096} INFO - Sync 1 DAGs
[2024-06-03T21:12:29.987+0000] {logging_mixin.py:188} INFO - [2024-06-03T21:12:29.987+0000] {dag.py:3954} INFO - Setting next_dagrun for example_skip_dag to 2024-06-02 00:00:00+00:00, run_after=2024-06-03 00:00:00+00:00
[2024-06-03T21:12:30.021+0000] {processor.py:183} INFO - Processing /home/airflow/.local/lib/python3.12/site-packages/airflow/example_dags/example_skip_dag.py took 0.162 seconds
[2024-06-03T21:13:00.661+0000] {processor.py:161} INFO - Started process (PID=459) to work on /home/airflow/.local/lib/python3.12/site-packages/airflow/example_dags/example_skip_dag.py
[2024-06-03T21:13:00.663+0000] {processor.py:830} INFO - Processing file /home/airflow/.local/lib/python3.12/site-packages/airflow/example_dags/example_skip_dag.py for tasks to queue
[2024-06-03T21:13:00.666+0000] {logging_mixin.py:188} INFO - [2024-06-03T21:13:00.666+0000] {dagbag.py:545} INFO - Filling up the DagBag from /home/airflow/.local/lib/python3.12/site-packages/airflow/example_dags/example_skip_dag.py
[2024-06-03T21:13:00.675+0000] {processor.py:840} INFO - DAG(s) 'example_skip_dag' retrieved from /home/airflow/.local/lib/python3.12/site-packages/airflow/example_dags/example_skip_dag.py
[2024-06-03T21:13:00.706+0000] {logging_mixin.py:188} INFO - [2024-06-03T21:13:00.706+0000] {dag.py:3096} INFO - Sync 1 DAGs
[2024-06-03T21:13:00.747+0000] {logging_mixin.py:188} INFO - [2024-06-03T21:13:00.747+0000] {dag.py:3954} INFO - Setting next_dagrun for example_skip_dag to 2024-06-02 00:00:00+00:00, run_after=2024-06-03 00:00:00+00:00
[2024-06-03T21:13:00.780+0000] {processor.py:183} INFO - Processing /home/airflow/.local/lib/python3.12/site-packages/airflow/example_dags/example_skip_dag.py took 0.127 seconds
