[2024-06-03T21:09:34.079+0000] {processor.py:161} INFO - Started process (PID=80) to work on /home/airflow/.local/lib/python3.12/site-packages/airflow/example_dags/example_external_task_marker_dag.py
[2024-06-03T21:09:34.081+0000] {processor.py:830} INFO - Processing file /home/airflow/.local/lib/python3.12/site-packages/airflow/example_dags/example_external_task_marker_dag.py for tasks to queue
[2024-06-03T21:09:34.083+0000] {logging_mixin.py:188} INFO - [2024-06-03T21:09:34.083+0000] {dagbag.py:545} INFO - Filling up the DagBag from /home/airflow/.local/lib/python3.12/site-packages/airflow/example_dags/example_external_task_marker_dag.py
[2024-06-03T21:09:34.092+0000] {processor.py:840} INFO - DAG(s) 'example_external_task_marker_child', 'example_external_task_marker_parent' retrieved from /home/airflow/.local/lib/python3.12/site-packages/airflow/example_dags/example_external_task_marker_dag.py
[2024-06-03T21:09:34.234+0000] {logging_mixin.py:188} INFO - [2024-06-03T21:09:34.234+0000] {override.py:1829} INFO - Created Permission View: can edit on DAG:example_external_task_marker_child
[2024-06-03T21:09:34.249+0000] {logging_mixin.py:188} INFO - [2024-06-03T21:09:34.249+0000] {override.py:1829} INFO - Created Permission View: can read on DAG:example_external_task_marker_child
[2024-06-03T21:09:34.258+0000] {logging_mixin.py:188} INFO - [2024-06-03T21:09:34.258+0000] {override.py:1829} INFO - Created Permission View: can delete on DAG:example_external_task_marker_child
[2024-06-03T21:09:34.273+0000] {logging_mixin.py:188} INFO - [2024-06-03T21:09:34.273+0000] {override.py:1829} INFO - Created Permission View: can edit on DAG:example_external_task_marker_parent
[2024-06-03T21:09:34.281+0000] {logging_mixin.py:188} INFO - [2024-06-03T21:09:34.281+0000] {override.py:1829} INFO - Created Permission View: can read on DAG:example_external_task_marker_parent
[2024-06-03T21:09:34.291+0000] {logging_mixin.py:188} INFO - [2024-06-03T21:09:34.290+0000] {override.py:1829} INFO - Created Permission View: can delete on DAG:example_external_task_marker_parent
[2024-06-03T21:09:34.292+0000] {logging_mixin.py:188} INFO - [2024-06-03T21:09:34.291+0000] {dag.py:3096} INFO - Sync 2 DAGs
[2024-06-03T21:09:34.306+0000] {logging_mixin.py:188} INFO - [2024-06-03T21:09:34.305+0000] {dag.py:3118} INFO - Creating ORM DAG for example_external_task_marker_child
[2024-06-03T21:09:34.307+0000] {logging_mixin.py:188} INFO - [2024-06-03T21:09:34.307+0000] {dag.py:3118} INFO - Creating ORM DAG for example_external_task_marker_parent
[2024-06-03T21:09:34.308+0000] {logging_mixin.py:188} INFO - [2024-06-03T21:09:34.308+0000] {dag.py:3954} INFO - Setting next_dagrun for example_external_task_marker_child to None, run_after=None
[2024-06-03T21:09:34.310+0000] {logging_mixin.py:188} INFO - [2024-06-03T21:09:34.309+0000] {dag.py:3954} INFO - Setting next_dagrun for example_external_task_marker_parent to None, run_after=None
[2024-06-03T21:09:34.334+0000] {processor.py:183} INFO - Processing /home/airflow/.local/lib/python3.12/site-packages/airflow/example_dags/example_external_task_marker_dag.py took 0.262 seconds
[2024-06-03T21:10:05.448+0000] {processor.py:161} INFO - Started process (PID=138) to work on /home/airflow/.local/lib/python3.12/site-packages/airflow/example_dags/example_external_task_marker_dag.py
[2024-06-03T21:10:05.451+0000] {processor.py:830} INFO - Processing file /home/airflow/.local/lib/python3.12/site-packages/airflow/example_dags/example_external_task_marker_dag.py for tasks to queue
[2024-06-03T21:10:05.455+0000] {logging_mixin.py:188} INFO - [2024-06-03T21:10:05.455+0000] {dagbag.py:545} INFO - Filling up the DagBag from /home/airflow/.local/lib/python3.12/site-packages/airflow/example_dags/example_external_task_marker_dag.py
[2024-06-03T21:10:05.472+0000] {processor.py:840} INFO - DAG(s) 'example_external_task_marker_child', 'example_external_task_marker_parent' retrieved from /home/airflow/.local/lib/python3.12/site-packages/airflow/example_dags/example_external_task_marker_dag.py
[2024-06-03T21:10:05.523+0000] {logging_mixin.py:188} INFO - [2024-06-03T21:10:05.522+0000] {dag.py:3096} INFO - Sync 2 DAGs
[2024-06-03T21:10:05.563+0000] {logging_mixin.py:188} INFO - [2024-06-03T21:10:05.562+0000] {dag.py:3954} INFO - Setting next_dagrun for example_external_task_marker_child to None, run_after=None
[2024-06-03T21:10:05.580+0000] {logging_mixin.py:188} INFO - [2024-06-03T21:10:05.580+0000] {dag.py:3954} INFO - Setting next_dagrun for example_external_task_marker_parent to None, run_after=None
[2024-06-03T21:10:05.625+0000] {processor.py:183} INFO - Processing /home/airflow/.local/lib/python3.12/site-packages/airflow/example_dags/example_external_task_marker_dag.py took 0.188 seconds
[2024-06-03T21:10:36.067+0000] {processor.py:161} INFO - Started process (PID=196) to work on /home/airflow/.local/lib/python3.12/site-packages/airflow/example_dags/example_external_task_marker_dag.py
[2024-06-03T21:10:36.069+0000] {processor.py:830} INFO - Processing file /home/airflow/.local/lib/python3.12/site-packages/airflow/example_dags/example_external_task_marker_dag.py for tasks to queue
[2024-06-03T21:10:36.071+0000] {logging_mixin.py:188} INFO - [2024-06-03T21:10:36.071+0000] {dagbag.py:545} INFO - Filling up the DagBag from /home/airflow/.local/lib/python3.12/site-packages/airflow/example_dags/example_external_task_marker_dag.py
[2024-06-03T21:10:36.078+0000] {processor.py:840} INFO - DAG(s) 'example_external_task_marker_parent', 'example_external_task_marker_child' retrieved from /home/airflow/.local/lib/python3.12/site-packages/airflow/example_dags/example_external_task_marker_dag.py
[2024-06-03T21:10:36.110+0000] {logging_mixin.py:188} INFO - [2024-06-03T21:10:36.110+0000] {dag.py:3096} INFO - Sync 2 DAGs
[2024-06-03T21:10:36.127+0000] {logging_mixin.py:188} INFO - [2024-06-03T21:10:36.126+0000] {dag.py:3954} INFO - Setting next_dagrun for example_external_task_marker_child to None, run_after=None
[2024-06-03T21:10:36.134+0000] {logging_mixin.py:188} INFO - [2024-06-03T21:10:36.134+0000] {dag.py:3954} INFO - Setting next_dagrun for example_external_task_marker_parent to None, run_after=None
[2024-06-03T21:10:36.159+0000] {processor.py:183} INFO - Processing /home/airflow/.local/lib/python3.12/site-packages/airflow/example_dags/example_external_task_marker_dag.py took 0.099 seconds
[2024-06-03T21:11:07.019+0000] {processor.py:161} INFO - Started process (PID=254) to work on /home/airflow/.local/lib/python3.12/site-packages/airflow/example_dags/example_external_task_marker_dag.py
[2024-06-03T21:11:07.021+0000] {processor.py:830} INFO - Processing file /home/airflow/.local/lib/python3.12/site-packages/airflow/example_dags/example_external_task_marker_dag.py for tasks to queue
[2024-06-03T21:11:07.023+0000] {logging_mixin.py:188} INFO - [2024-06-03T21:11:07.023+0000] {dagbag.py:545} INFO - Filling up the DagBag from /home/airflow/.local/lib/python3.12/site-packages/airflow/example_dags/example_external_task_marker_dag.py
[2024-06-03T21:11:07.033+0000] {processor.py:840} INFO - DAG(s) 'example_external_task_marker_child', 'example_external_task_marker_parent' retrieved from /home/airflow/.local/lib/python3.12/site-packages/airflow/example_dags/example_external_task_marker_dag.py
[2024-06-03T21:11:07.064+0000] {logging_mixin.py:188} INFO - [2024-06-03T21:11:07.063+0000] {dag.py:3096} INFO - Sync 2 DAGs
[2024-06-03T21:11:07.079+0000] {logging_mixin.py:188} INFO - [2024-06-03T21:11:07.079+0000] {dag.py:3954} INFO - Setting next_dagrun for example_external_task_marker_child to None, run_after=None
[2024-06-03T21:11:07.085+0000] {logging_mixin.py:188} INFO - [2024-06-03T21:11:07.084+0000] {dag.py:3954} INFO - Setting next_dagrun for example_external_task_marker_parent to None, run_after=None
[2024-06-03T21:11:07.108+0000] {processor.py:183} INFO - Processing /home/airflow/.local/lib/python3.12/site-packages/airflow/example_dags/example_external_task_marker_dag.py took 0.099 seconds
[2024-06-03T21:11:37.291+0000] {processor.py:161} INFO - Started process (PID=313) to work on /home/airflow/.local/lib/python3.12/site-packages/airflow/example_dags/example_external_task_marker_dag.py
[2024-06-03T21:11:37.293+0000] {processor.py:830} INFO - Processing file /home/airflow/.local/lib/python3.12/site-packages/airflow/example_dags/example_external_task_marker_dag.py for tasks to queue
[2024-06-03T21:11:37.295+0000] {logging_mixin.py:188} INFO - [2024-06-03T21:11:37.295+0000] {dagbag.py:545} INFO - Filling up the DagBag from /home/airflow/.local/lib/python3.12/site-packages/airflow/example_dags/example_external_task_marker_dag.py
[2024-06-03T21:11:37.303+0000] {processor.py:840} INFO - DAG(s) 'example_external_task_marker_parent', 'example_external_task_marker_child' retrieved from /home/airflow/.local/lib/python3.12/site-packages/airflow/example_dags/example_external_task_marker_dag.py
[2024-06-03T21:11:37.333+0000] {logging_mixin.py:188} INFO - [2024-06-03T21:11:37.333+0000] {dag.py:3096} INFO - Sync 2 DAGs
[2024-06-03T21:11:37.350+0000] {logging_mixin.py:188} INFO - [2024-06-03T21:11:37.350+0000] {dag.py:3954} INFO - Setting next_dagrun for example_external_task_marker_child to None, run_after=None
[2024-06-03T21:11:37.356+0000] {logging_mixin.py:188} INFO - [2024-06-03T21:11:37.355+0000] {dag.py:3954} INFO - Setting next_dagrun for example_external_task_marker_parent to None, run_after=None
[2024-06-03T21:11:37.383+0000] {processor.py:183} INFO - Processing /home/airflow/.local/lib/python3.12/site-packages/airflow/example_dags/example_external_task_marker_dag.py took 0.100 seconds
[2024-06-03T21:12:07.561+0000] {processor.py:161} INFO - Started process (PID=371) to work on /home/airflow/.local/lib/python3.12/site-packages/airflow/example_dags/example_external_task_marker_dag.py
[2024-06-03T21:12:07.563+0000] {processor.py:830} INFO - Processing file /home/airflow/.local/lib/python3.12/site-packages/airflow/example_dags/example_external_task_marker_dag.py for tasks to queue
[2024-06-03T21:12:07.566+0000] {logging_mixin.py:188} INFO - [2024-06-03T21:12:07.566+0000] {dagbag.py:545} INFO - Filling up the DagBag from /home/airflow/.local/lib/python3.12/site-packages/airflow/example_dags/example_external_task_marker_dag.py
[2024-06-03T21:12:07.577+0000] {processor.py:840} INFO - DAG(s) 'example_external_task_marker_child', 'example_external_task_marker_parent' retrieved from /home/airflow/.local/lib/python3.12/site-packages/airflow/example_dags/example_external_task_marker_dag.py
[2024-06-03T21:12:07.619+0000] {logging_mixin.py:188} INFO - [2024-06-03T21:12:07.618+0000] {dag.py:3096} INFO - Sync 2 DAGs
[2024-06-03T21:12:07.642+0000] {logging_mixin.py:188} INFO - [2024-06-03T21:12:07.642+0000] {dag.py:3954} INFO - Setting next_dagrun for example_external_task_marker_child to None, run_after=None
[2024-06-03T21:12:07.651+0000] {logging_mixin.py:188} INFO - [2024-06-03T21:12:07.650+0000] {dag.py:3954} INFO - Setting next_dagrun for example_external_task_marker_parent to None, run_after=None
[2024-06-03T21:12:07.688+0000] {processor.py:183} INFO - Processing /home/airflow/.local/lib/python3.12/site-packages/airflow/example_dags/example_external_task_marker_dag.py took 0.137 seconds
[2024-06-03T21:12:37.985+0000] {processor.py:161} INFO - Started process (PID=429) to work on /home/airflow/.local/lib/python3.12/site-packages/airflow/example_dags/example_external_task_marker_dag.py
[2024-06-03T21:12:37.987+0000] {processor.py:830} INFO - Processing file /home/airflow/.local/lib/python3.12/site-packages/airflow/example_dags/example_external_task_marker_dag.py for tasks to queue
[2024-06-03T21:12:37.989+0000] {logging_mixin.py:188} INFO - [2024-06-03T21:12:37.989+0000] {dagbag.py:545} INFO - Filling up the DagBag from /home/airflow/.local/lib/python3.12/site-packages/airflow/example_dags/example_external_task_marker_dag.py
[2024-06-03T21:12:37.999+0000] {processor.py:840} INFO - DAG(s) 'example_external_task_marker_parent', 'example_external_task_marker_child' retrieved from /home/airflow/.local/lib/python3.12/site-packages/airflow/example_dags/example_external_task_marker_dag.py
[2024-06-03T21:12:38.033+0000] {logging_mixin.py:188} INFO - [2024-06-03T21:12:38.032+0000] {dag.py:3096} INFO - Sync 2 DAGs
[2024-06-03T21:12:38.052+0000] {logging_mixin.py:188} INFO - [2024-06-03T21:12:38.052+0000] {dag.py:3954} INFO - Setting next_dagrun for example_external_task_marker_child to None, run_after=None
[2024-06-03T21:12:38.058+0000] {logging_mixin.py:188} INFO - [2024-06-03T21:12:38.057+0000] {dag.py:3954} INFO - Setting next_dagrun for example_external_task_marker_parent to None, run_after=None
[2024-06-03T21:12:38.081+0000] {processor.py:183} INFO - Processing /home/airflow/.local/lib/python3.12/site-packages/airflow/example_dags/example_external_task_marker_dag.py took 0.103 seconds
[2024-06-03T21:13:08.421+0000] {processor.py:161} INFO - Started process (PID=487) to work on /home/airflow/.local/lib/python3.12/site-packages/airflow/example_dags/example_external_task_marker_dag.py
[2024-06-03T21:13:08.422+0000] {processor.py:830} INFO - Processing file /home/airflow/.local/lib/python3.12/site-packages/airflow/example_dags/example_external_task_marker_dag.py for tasks to queue
[2024-06-03T21:13:08.425+0000] {logging_mixin.py:188} INFO - [2024-06-03T21:13:08.424+0000] {dagbag.py:545} INFO - Filling up the DagBag from /home/airflow/.local/lib/python3.12/site-packages/airflow/example_dags/example_external_task_marker_dag.py
[2024-06-03T21:13:08.431+0000] {processor.py:840} INFO - DAG(s) 'example_external_task_marker_parent', 'example_external_task_marker_child' retrieved from /home/airflow/.local/lib/python3.12/site-packages/airflow/example_dags/example_external_task_marker_dag.py
[2024-06-03T21:13:08.461+0000] {logging_mixin.py:188} INFO - [2024-06-03T21:13:08.460+0000] {dag.py:3096} INFO - Sync 2 DAGs
[2024-06-03T21:13:08.476+0000] {logging_mixin.py:188} INFO - [2024-06-03T21:13:08.476+0000] {dag.py:3954} INFO - Setting next_dagrun for example_external_task_marker_child to None, run_after=None
[2024-06-03T21:13:08.481+0000] {logging_mixin.py:188} INFO - [2024-06-03T21:13:08.481+0000] {dag.py:3954} INFO - Setting next_dagrun for example_external_task_marker_parent to None, run_after=None
[2024-06-03T21:13:08.503+0000] {processor.py:183} INFO - Processing /home/airflow/.local/lib/python3.12/site-packages/airflow/example_dags/example_external_task_marker_dag.py took 0.089 seconds
