[2024-06-03T21:09:27.342+0000] {processor.py:161} INFO - Started process (PID=57) to work on /home/airflow/.local/lib/python3.12/site-packages/airflow/example_dags/tutorial.py
[2024-06-03T21:09:27.346+0000] {processor.py:830} INFO - Processing file /home/airflow/.local/lib/python3.12/site-packages/airflow/example_dags/tutorial.py for tasks to queue
[2024-06-03T21:09:27.357+0000] {logging_mixin.py:188} INFO - [2024-06-03T21:09:27.356+0000] {dagbag.py:545} INFO - Filling up the DagBag from /home/airflow/.local/lib/python3.12/site-packages/airflow/example_dags/tutorial.py
[2024-06-03T21:09:27.400+0000] {processor.py:840} INFO - DAG(s) 'tutorial' retrieved from /home/airflow/.local/lib/python3.12/site-packages/airflow/example_dags/tutorial.py
[2024-06-03T21:09:27.817+0000] {logging_mixin.py:188} INFO - [2024-06-03T21:09:27.815+0000] {override.py:1829} INFO - Created Permission View: can edit on DAG:tutorial
[2024-06-03T21:09:27.839+0000] {logging_mixin.py:188} INFO - [2024-06-03T21:09:27.838+0000] {override.py:1829} INFO - Created Permission View: can read on DAG:tutorial
[2024-06-03T21:09:27.853+0000] {logging_mixin.py:188} INFO - [2024-06-03T21:09:27.852+0000] {override.py:1829} INFO - Created Permission View: can delete on DAG:tutorial
[2024-06-03T21:09:27.855+0000] {logging_mixin.py:188} INFO - [2024-06-03T21:09:27.854+0000] {dag.py:3096} INFO - Sync 1 DAGs
[2024-06-03T21:09:27.933+0000] {logging_mixin.py:188} INFO - [2024-06-03T21:09:27.933+0000] {dag.py:3118} INFO - Creating ORM DAG for tutorial
[2024-06-03T21:09:27.966+0000] {logging_mixin.py:188} INFO - [2024-06-03T21:09:27.966+0000] {dag.py:3954} INFO - Setting next_dagrun for tutorial to 2024-06-02 00:00:00+00:00, run_after=2024-06-03 00:00:00+00:00
[2024-06-03T21:09:28.026+0000] {processor.py:183} INFO - Processing /home/airflow/.local/lib/python3.12/site-packages/airflow/example_dags/tutorial.py took 0.724 seconds
[2024-06-03T21:09:58.449+0000] {processor.py:161} INFO - Started process (PID=115) to work on /home/airflow/.local/lib/python3.12/site-packages/airflow/example_dags/tutorial.py
[2024-06-03T21:09:58.485+0000] {processor.py:830} INFO - Processing file /home/airflow/.local/lib/python3.12/site-packages/airflow/example_dags/tutorial.py for tasks to queue
[2024-06-03T21:09:58.488+0000] {logging_mixin.py:188} INFO - [2024-06-03T21:09:58.488+0000] {dagbag.py:545} INFO - Filling up the DagBag from /home/airflow/.local/lib/python3.12/site-packages/airflow/example_dags/tutorial.py
[2024-06-03T21:09:58.498+0000] {processor.py:840} INFO - DAG(s) 'tutorial' retrieved from /home/airflow/.local/lib/python3.12/site-packages/airflow/example_dags/tutorial.py
[2024-06-03T21:09:58.529+0000] {logging_mixin.py:188} INFO - [2024-06-03T21:09:58.529+0000] {dag.py:3096} INFO - Sync 1 DAGs
[2024-06-03T21:09:58.577+0000] {logging_mixin.py:188} INFO - [2024-06-03T21:09:58.576+0000] {dag.py:3954} INFO - Setting next_dagrun for tutorial to 2024-06-02 00:00:00+00:00, run_after=2024-06-03 00:00:00+00:00
[2024-06-03T21:09:58.605+0000] {processor.py:183} INFO - Processing /home/airflow/.local/lib/python3.12/site-packages/airflow/example_dags/tutorial.py took 0.175 seconds
[2024-06-03T21:10:29.146+0000] {processor.py:161} INFO - Started process (PID=173) to work on /home/airflow/.local/lib/python3.12/site-packages/airflow/example_dags/tutorial.py
[2024-06-03T21:10:29.148+0000] {processor.py:830} INFO - Processing file /home/airflow/.local/lib/python3.12/site-packages/airflow/example_dags/tutorial.py for tasks to queue
[2024-06-03T21:10:29.151+0000] {logging_mixin.py:188} INFO - [2024-06-03T21:10:29.150+0000] {dagbag.py:545} INFO - Filling up the DagBag from /home/airflow/.local/lib/python3.12/site-packages/airflow/example_dags/tutorial.py
[2024-06-03T21:10:29.157+0000] {processor.py:840} INFO - DAG(s) 'tutorial' retrieved from /home/airflow/.local/lib/python3.12/site-packages/airflow/example_dags/tutorial.py
[2024-06-03T21:10:29.186+0000] {logging_mixin.py:188} INFO - [2024-06-03T21:10:29.186+0000] {dag.py:3096} INFO - Sync 1 DAGs
[2024-06-03T21:10:29.222+0000] {logging_mixin.py:188} INFO - [2024-06-03T21:10:29.222+0000] {dag.py:3954} INFO - Setting next_dagrun for tutorial to 2024-06-02 00:00:00+00:00, run_after=2024-06-03 00:00:00+00:00
[2024-06-03T21:10:29.245+0000] {processor.py:183} INFO - Processing /home/airflow/.local/lib/python3.12/site-packages/airflow/example_dags/tutorial.py took 0.108 seconds
[2024-06-03T21:10:59.338+0000] {processor.py:161} INFO - Started process (PID=231) to work on /home/airflow/.local/lib/python3.12/site-packages/airflow/example_dags/tutorial.py
[2024-06-03T21:10:59.339+0000] {processor.py:830} INFO - Processing file /home/airflow/.local/lib/python3.12/site-packages/airflow/example_dags/tutorial.py for tasks to queue
[2024-06-03T21:10:59.342+0000] {logging_mixin.py:188} INFO - [2024-06-03T21:10:59.341+0000] {dagbag.py:545} INFO - Filling up the DagBag from /home/airflow/.local/lib/python3.12/site-packages/airflow/example_dags/tutorial.py
[2024-06-03T21:10:59.348+0000] {processor.py:840} INFO - DAG(s) 'tutorial' retrieved from /home/airflow/.local/lib/python3.12/site-packages/airflow/example_dags/tutorial.py
[2024-06-03T21:10:59.372+0000] {logging_mixin.py:188} INFO - [2024-06-03T21:10:59.372+0000] {dag.py:3096} INFO - Sync 1 DAGs
[2024-06-03T21:10:59.400+0000] {logging_mixin.py:188} INFO - [2024-06-03T21:10:59.399+0000] {dag.py:3954} INFO - Setting next_dagrun for tutorial to 2024-06-02 00:00:00+00:00, run_after=2024-06-03 00:00:00+00:00
[2024-06-03T21:10:59.426+0000] {processor.py:183} INFO - Processing /home/airflow/.local/lib/python3.12/site-packages/airflow/example_dags/tutorial.py took 0.094 seconds
[2024-06-03T21:11:29.575+0000] {processor.py:161} INFO - Started process (PID=290) to work on /home/airflow/.local/lib/python3.12/site-packages/airflow/example_dags/tutorial.py
[2024-06-03T21:11:29.577+0000] {processor.py:830} INFO - Processing file /home/airflow/.local/lib/python3.12/site-packages/airflow/example_dags/tutorial.py for tasks to queue
[2024-06-03T21:11:29.579+0000] {logging_mixin.py:188} INFO - [2024-06-03T21:11:29.578+0000] {dagbag.py:545} INFO - Filling up the DagBag from /home/airflow/.local/lib/python3.12/site-packages/airflow/example_dags/tutorial.py
[2024-06-03T21:11:29.585+0000] {processor.py:840} INFO - DAG(s) 'tutorial' retrieved from /home/airflow/.local/lib/python3.12/site-packages/airflow/example_dags/tutorial.py
[2024-06-03T21:11:29.611+0000] {logging_mixin.py:188} INFO - [2024-06-03T21:11:29.611+0000] {dag.py:3096} INFO - Sync 1 DAGs
[2024-06-03T21:11:29.640+0000] {logging_mixin.py:188} INFO - [2024-06-03T21:11:29.640+0000] {dag.py:3954} INFO - Setting next_dagrun for tutorial to 2024-06-02 00:00:00+00:00, run_after=2024-06-03 00:00:00+00:00
[2024-06-03T21:11:29.666+0000] {processor.py:183} INFO - Processing /home/airflow/.local/lib/python3.12/site-packages/airflow/example_dags/tutorial.py took 0.098 seconds
[2024-06-03T21:12:00.472+0000] {processor.py:161} INFO - Started process (PID=348) to work on /home/airflow/.local/lib/python3.12/site-packages/airflow/example_dags/tutorial.py
[2024-06-03T21:12:00.474+0000] {processor.py:830} INFO - Processing file /home/airflow/.local/lib/python3.12/site-packages/airflow/example_dags/tutorial.py for tasks to queue
[2024-06-03T21:12:00.477+0000] {logging_mixin.py:188} INFO - [2024-06-03T21:12:00.477+0000] {dagbag.py:545} INFO - Filling up the DagBag from /home/airflow/.local/lib/python3.12/site-packages/airflow/example_dags/tutorial.py
[2024-06-03T21:12:00.486+0000] {processor.py:840} INFO - DAG(s) 'tutorial' retrieved from /home/airflow/.local/lib/python3.12/site-packages/airflow/example_dags/tutorial.py
[2024-06-03T21:12:00.515+0000] {logging_mixin.py:188} INFO - [2024-06-03T21:12:00.514+0000] {dag.py:3096} INFO - Sync 1 DAGs
[2024-06-03T21:12:00.548+0000] {logging_mixin.py:188} INFO - [2024-06-03T21:12:00.548+0000] {dag.py:3954} INFO - Setting next_dagrun for tutorial to 2024-06-02 00:00:00+00:00, run_after=2024-06-03 00:00:00+00:00
[2024-06-03T21:12:00.572+0000] {processor.py:183} INFO - Processing /home/airflow/.local/lib/python3.12/site-packages/airflow/example_dags/tutorial.py took 0.107 seconds
[2024-06-03T21:12:31.329+0000] {processor.py:161} INFO - Started process (PID=406) to work on /home/airflow/.local/lib/python3.12/site-packages/airflow/example_dags/tutorial.py
[2024-06-03T21:12:31.332+0000] {processor.py:830} INFO - Processing file /home/airflow/.local/lib/python3.12/site-packages/airflow/example_dags/tutorial.py for tasks to queue
[2024-06-03T21:12:31.335+0000] {logging_mixin.py:188} INFO - [2024-06-03T21:12:31.335+0000] {dagbag.py:545} INFO - Filling up the DagBag from /home/airflow/.local/lib/python3.12/site-packages/airflow/example_dags/tutorial.py
[2024-06-03T21:12:31.344+0000] {processor.py:840} INFO - DAG(s) 'tutorial' retrieved from /home/airflow/.local/lib/python3.12/site-packages/airflow/example_dags/tutorial.py
[2024-06-03T21:12:31.372+0000] {logging_mixin.py:188} INFO - [2024-06-03T21:12:31.372+0000] {dag.py:3096} INFO - Sync 1 DAGs
[2024-06-03T21:12:31.408+0000] {logging_mixin.py:188} INFO - [2024-06-03T21:12:31.408+0000] {dag.py:3954} INFO - Setting next_dagrun for tutorial to 2024-06-02 00:00:00+00:00, run_after=2024-06-03 00:00:00+00:00
[2024-06-03T21:12:31.434+0000] {processor.py:183} INFO - Processing /home/airflow/.local/lib/python3.12/site-packages/airflow/example_dags/tutorial.py took 0.115 seconds
[2024-06-03T21:13:01.936+0000] {processor.py:161} INFO - Started process (PID=464) to work on /home/airflow/.local/lib/python3.12/site-packages/airflow/example_dags/tutorial.py
[2024-06-03T21:13:01.937+0000] {processor.py:830} INFO - Processing file /home/airflow/.local/lib/python3.12/site-packages/airflow/example_dags/tutorial.py for tasks to queue
[2024-06-03T21:13:01.940+0000] {logging_mixin.py:188} INFO - [2024-06-03T21:13:01.939+0000] {dagbag.py:545} INFO - Filling up the DagBag from /home/airflow/.local/lib/python3.12/site-packages/airflow/example_dags/tutorial.py
[2024-06-03T21:13:01.947+0000] {processor.py:840} INFO - DAG(s) 'tutorial' retrieved from /home/airflow/.local/lib/python3.12/site-packages/airflow/example_dags/tutorial.py
[2024-06-03T21:13:01.973+0000] {logging_mixin.py:188} INFO - [2024-06-03T21:13:01.973+0000] {dag.py:3096} INFO - Sync 1 DAGs
[2024-06-03T21:13:02.001+0000] {logging_mixin.py:188} INFO - [2024-06-03T21:13:02.001+0000] {dag.py:3954} INFO - Setting next_dagrun for tutorial to 2024-06-02 00:00:00+00:00, run_after=2024-06-03 00:00:00+00:00
[2024-06-03T21:13:02.024+0000] {processor.py:183} INFO - Processing /home/airflow/.local/lib/python3.12/site-packages/airflow/example_dags/tutorial.py took 0.095 seconds
