[2024-06-04T18:09:24.976+0000] {local_task_job_runner.py:120} INFO - ::group::Pre task execution logs
[2024-06-04T18:09:25.004+0000] {taskinstance.py:2076} INFO - Dependencies all met for dep_context=non-requeueable deps ti=<TaskInstance: dag_ETL_weather.weather_api_ready_destiny manual__2024-06-04T18:09:13.714324+00:00 [queued]>
[2024-06-04T18:09:25.014+0000] {taskinstance.py:2076} INFO - Dependencies all met for dep_context=requeueable deps ti=<TaskInstance: dag_ETL_weather.weather_api_ready_destiny manual__2024-06-04T18:09:13.714324+00:00 [queued]>
[2024-06-04T18:09:25.016+0000] {taskinstance.py:2306} INFO - Starting attempt 1 of 4
[2024-06-04T18:09:25.037+0000] {taskinstance.py:2330} INFO - Executing <Task(HttpSensor): weather_api_ready_destiny> on 2024-06-04 18:09:13.714324+00:00
[2024-06-04T18:09:25.044+0000] {warnings.py:110} WARNING - /home/***/.local/lib/python3.12/site-packages/***/task/task_runner/standard_task_runner.py:61: DeprecationWarning: This process (pid=143) is multi-threaded, use of fork() may lead to deadlocks in the child.
  pid = os.fork()

[2024-06-04T18:09:25.047+0000] {standard_task_runner.py:63} INFO - Started process 145 to run task
[2024-06-04T18:09:25.047+0000] {standard_task_runner.py:90} INFO - Running: ['***', 'tasks', 'run', 'dag_ETL_weather', 'weather_api_ready_destiny', 'manual__2024-06-04T18:09:13.714324+00:00', '--job-id', '88', '--raw', '--subdir', 'DAGS_FOLDER/dag_ETL_weather.py', '--cfg-path', '/tmp/tmpkglricbi']
[2024-06-04T18:09:25.050+0000] {standard_task_runner.py:91} INFO - Job 88: Subtask weather_api_ready_destiny
[2024-06-04T18:09:25.121+0000] {task_command.py:426} INFO - Running <TaskInstance: dag_ETL_weather.weather_api_ready_destiny manual__2024-06-04T18:09:13.714324+00:00 [running]> on host 6b740a15ab9e
[2024-06-04T18:09:25.264+0000] {taskinstance.py:2648} INFO - Exporting env vars: AIRFLOW_CTX_DAG_OWNER='Matheus' AIRFLOW_CTX_DAG_ID='dag_ETL_weather' AIRFLOW_CTX_TASK_ID='weather_api_ready_destiny' AIRFLOW_CTX_EXECUTION_DATE='2024-06-04T18:09:13.714324+00:00' AIRFLOW_CTX_TRY_NUMBER='1' AIRFLOW_CTX_DAG_RUN_ID='manual__2024-06-04T18:09:13.714324+00:00'
[2024-06-04T18:09:25.268+0000] {taskinstance.py:430} INFO - ::endgroup::
[2024-06-04T18:09:25.271+0000] {baseoperator.py:399} WARNING - HttpSensor.execute cannot be called outside TaskInstance!
[2024-06-04T18:09:25.273+0000] {http.py:137} INFO - Poking: /data/2.5/weather?q=Matias%20Barbosa&APPID=7a02546f64f1b21e9f2a742c236f852b
[2024-06-04T18:09:25.290+0000] {base.py:84} INFO - Using connection ID 'weathermap_api' for task execution.
[2024-06-04T18:09:25.776+0000] {base.py:294} INFO - Success criteria met. Exiting.
[2024-06-04T18:09:25.777+0000] {taskinstance.py:441} INFO - ::group::Post task execution logs
[2024-06-04T18:09:25.791+0000] {taskinstance.py:1206} INFO - Marking task as SUCCESS. dag_id=dag_ETL_weather, task_id=weather_api_ready_destiny, run_id=manual__2024-06-04T18:09:13.714324+00:00, execution_date=20240604T180913, start_date=20240604T180925, end_date=20240604T180925
[2024-06-04T18:09:25.827+0000] {local_task_job_runner.py:240} INFO - Task exited with return code 0
[2024-06-04T18:09:25.850+0000] {warnings.py:110} WARNING - /home/***/.local/lib/python3.12/site-packages/***/models/baseoperator.py:1296: AirflowProviderDeprecationWarning: Call to deprecated class SimpleHttpOperator. (Class `SimpleHttpOperator` is deprecated and will be removed in a future release. Please use `HttpOperator` instead.)
  result = cls.__new__(cls)

[2024-06-04T18:09:25.893+0000] {taskinstance.py:3498} INFO - 1 downstream tasks scheduled from follow-on schedule check
[2024-06-04T18:09:25.897+0000] {local_task_job_runner.py:222} INFO - ::endgroup::
