[2024-06-04T12:34:06.856+0000] {local_task_job_runner.py:120} INFO - ::group::Pre task execution logs
[2024-06-04T12:34:07.004+0000] {taskinstance.py:2076} INFO - Dependencies all met for dep_context=non-requeueable deps ti=<TaskInstance: dag_ETL_weather.weather_api_ready_origin scheduled__2024-05-24T00:20:00+00:00 [queued]>
[2024-06-04T12:34:07.037+0000] {taskinstance.py:2076} INFO - Dependencies all met for dep_context=requeueable deps ti=<TaskInstance: dag_ETL_weather.weather_api_ready_origin scheduled__2024-05-24T00:20:00+00:00 [queued]>
[2024-06-04T12:34:07.041+0000] {taskinstance.py:2306} INFO - Starting attempt 1 of 4
[2024-06-04T12:34:07.098+0000] {taskinstance.py:2330} INFO - Executing <Task(HttpSensor): weather_api_ready_origin> on 2024-05-24 00:20:00+00:00
[2024-06-04T12:34:07.147+0000] {warnings.py:110} WARNING - /home/***/.local/lib/python3.12/site-packages/***/task/task_runner/standard_task_runner.py:61: DeprecationWarning: This process (pid=247) is multi-threaded, use of fork() may lead to deadlocks in the child.
  pid = os.fork()

[2024-06-04T12:34:07.168+0000] {standard_task_runner.py:63} INFO - Started process 270 to run task
[2024-06-04T12:34:07.163+0000] {standard_task_runner.py:90} INFO - Running: ['***', 'tasks', 'run', 'dag_ETL_weather', 'weather_api_ready_origin', 'scheduled__2024-05-24T00:20:00+00:00', '--job-id', '19', '--raw', '--subdir', 'DAGS_FOLDER/dag_ETL_weather.py', '--cfg-path', '/tmp/tmp8f6b_rzu']
[2024-06-04T12:34:07.172+0000] {standard_task_runner.py:91} INFO - Job 19: Subtask weather_api_ready_origin
[2024-06-04T12:34:07.479+0000] {task_command.py:426} INFO - Running <TaskInstance: dag_ETL_weather.weather_api_ready_origin scheduled__2024-05-24T00:20:00+00:00 [running]> on host cb1b576ccea9
[2024-06-04T12:34:08.078+0000] {taskinstance.py:2648} INFO - Exporting env vars: AIRFLOW_CTX_DAG_OWNER='Matheus' AIRFLOW_CTX_DAG_ID='dag_ETL_weather' AIRFLOW_CTX_TASK_ID='weather_api_ready_origin' AIRFLOW_CTX_EXECUTION_DATE='2024-05-24T00:20:00+00:00' AIRFLOW_CTX_TRY_NUMBER='1' AIRFLOW_CTX_DAG_RUN_ID='scheduled__2024-05-24T00:20:00+00:00'
[2024-06-04T12:34:08.089+0000] {taskinstance.py:430} INFO - ::endgroup::
[2024-06-04T12:34:08.092+0000] {baseoperator.py:399} WARNING - HttpSensor.execute cannot be called outside TaskInstance!
[2024-06-04T12:34:08.095+0000] {http.py:137} INFO - Poking: /data/2.5/weather?lat=-21.78&lon=-43.34&APPID=7a02546f64f1b21e9f2a742c236f852b
[2024-06-04T12:34:08.163+0000] {base.py:84} INFO - Using connection ID 'weathermap_api' for task execution.
[2024-06-04T12:34:09.185+0000] {base.py:294} INFO - Success criteria met. Exiting.
[2024-06-04T12:34:09.191+0000] {taskinstance.py:441} INFO - ::group::Post task execution logs
[2024-06-04T12:34:09.240+0000] {taskinstance.py:1206} INFO - Marking task as SUCCESS. dag_id=dag_ETL_weather, task_id=weather_api_ready_origin, run_id=scheduled__2024-05-24T00:20:00+00:00, execution_date=20240524T002000, start_date=20240604T123407, end_date=20240604T123409
[2024-06-04T12:34:09.346+0000] {local_task_job_runner.py:240} INFO - Task exited with return code 0
[2024-06-04T12:34:09.393+0000] {warnings.py:110} WARNING - /home/***/.local/lib/python3.12/site-packages/***/models/baseoperator.py:1296: AirflowProviderDeprecationWarning: Call to deprecated class SimpleHttpOperator. (Class `SimpleHttpOperator` is deprecated and will be removed in a future release. Please use `HttpOperator` instead.)
  result = cls.__new__(cls)

[2024-06-04T12:34:09.489+0000] {taskinstance.py:3498} INFO - 1 downstream tasks scheduled from follow-on schedule check
[2024-06-04T12:34:09.498+0000] {local_task_job_runner.py:222} INFO - ::endgroup::
