[2024-06-04T19:38:38.732+0000] {local_task_job_runner.py:120} INFO - ::group::Pre task execution logs
[2024-06-04T19:38:38.771+0000] {taskinstance.py:2076} INFO - Dependencies all met for dep_context=non-requeueable deps ti=<TaskInstance: dag_ETL_weather.extract_weather_data_destiny manual__2024-06-04T19:38:20.743611+00:00 [queued]>
[2024-06-04T19:38:38.787+0000] {taskinstance.py:2076} INFO - Dependencies all met for dep_context=requeueable deps ti=<TaskInstance: dag_ETL_weather.extract_weather_data_destiny manual__2024-06-04T19:38:20.743611+00:00 [queued]>
[2024-06-04T19:38:38.788+0000] {taskinstance.py:2306} INFO - Starting attempt 1 of 4
[2024-06-04T19:38:38.808+0000] {taskinstance.py:2330} INFO - Executing <Task(SimpleHttpOperator): extract_weather_data_destiny> on 2024-06-04 19:38:20.743611+00:00
[2024-06-04T19:38:38.816+0000] {warnings.py:110} WARNING - /home/***/.local/lib/python3.12/site-packages/***/task/task_runner/standard_task_runner.py:61: DeprecationWarning: This process (pid=201) is multi-threaded, use of fork() may lead to deadlocks in the child.
  pid = os.fork()

[2024-06-04T19:38:38.819+0000] {standard_task_runner.py:63} INFO - Started process 203 to run task
[2024-06-04T19:38:38.818+0000] {standard_task_runner.py:90} INFO - Running: ['***', 'tasks', 'run', 'dag_ETL_weather', 'extract_weather_data_destiny', 'manual__2024-06-04T19:38:20.743611+00:00', '--job-id', '159', '--raw', '--subdir', 'DAGS_FOLDER/dag_ETL_weather.py', '--cfg-path', '/tmp/tmpzqjhfjp4']
[2024-06-04T19:38:38.821+0000] {standard_task_runner.py:91} INFO - Job 159: Subtask extract_weather_data_destiny
[2024-06-04T19:38:38.880+0000] {task_command.py:426} INFO - Running <TaskInstance: dag_ETL_weather.extract_weather_data_destiny manual__2024-06-04T19:38:20.743611+00:00 [running]> on host 6b740a15ab9e
[2024-06-04T19:38:38.987+0000] {taskinstance.py:2648} INFO - Exporting env vars: AIRFLOW_CTX_DAG_OWNER='Matheus' AIRFLOW_CTX_DAG_ID='dag_ETL_weather' AIRFLOW_CTX_TASK_ID='extract_weather_data_destiny' AIRFLOW_CTX_EXECUTION_DATE='2024-06-04T19:38:20.743611+00:00' AIRFLOW_CTX_TRY_NUMBER='1' AIRFLOW_CTX_DAG_RUN_ID='manual__2024-06-04T19:38:20.743611+00:00'
[2024-06-04T19:38:38.990+0000] {taskinstance.py:430} INFO - ::endgroup::
[2024-06-04T19:38:38.991+0000] {http.py:169} INFO - Calling HTTP method
[2024-06-04T19:38:39.005+0000] {base.py:84} INFO - Using connection ID 'weathermap_api' for task execution.
[2024-06-04T19:38:39.020+0000] {base.py:84} INFO - Using connection ID 'weathermap_api' for task execution.
[2024-06-04T19:38:39.520+0000] {http.py:208} INFO - {"coord":{"lon":-45.4303,"lat":-21.5514},"weather":[{"id":804,"main":"Clouds","description":"overcast clouds","icon":"04d"}],"base":"stations","main":{"temp":293.88,"feels_like":293.31,"temp_min":293.88,"temp_max":293.88,"pressure":1020,"humidity":50,"sea_level":1020,"grnd_level":919},"visibility":10000,"wind":{"speed":1.91,"deg":98,"gust":3.1},"clouds":{"all":91},"dt":1717529889,"sys":{"country":"BR","sunrise":1717493642,"sunset":1717532792},"timezone":-10800,"id":3445487,"name":"Varginha","cod":200}
[2024-06-04T19:38:39.525+0000] {taskinstance.py:441} INFO - ::group::Post task execution logs
[2024-06-04T19:38:39.577+0000] {taskinstance.py:1206} INFO - Marking task as SUCCESS. dag_id=dag_ETL_weather, task_id=extract_weather_data_destiny, run_id=manual__2024-06-04T19:38:20.743611+00:00, execution_date=20240604T193820, start_date=20240604T193838, end_date=20240604T193839
[2024-06-04T19:38:39.638+0000] {local_task_job_runner.py:240} INFO - Task exited with return code 0
[2024-06-04T19:38:39.658+0000] {warnings.py:110} WARNING - /home/***/.local/lib/python3.12/site-packages/***/models/baseoperator.py:1296: AirflowProviderDeprecationWarning: Call to deprecated class SimpleHttpOperator. (Class `SimpleHttpOperator` is deprecated and will be removed in a future release. Please use `HttpOperator` instead.)
  result = cls.__new__(cls)

[2024-06-04T19:38:39.681+0000] {taskinstance.py:3498} INFO - 1 downstream tasks scheduled from follow-on schedule check
[2024-06-04T19:38:39.684+0000] {local_task_job_runner.py:222} INFO - ::endgroup::
