[2024-06-04T17:11:25.119+0000] {local_task_job_runner.py:120} INFO - ::group::Pre task execution logs
[2024-06-04T17:11:25.195+0000] {taskinstance.py:2076} INFO - Dependencies all met for dep_context=non-requeueable deps ti=<TaskInstance: dag_ETL_weather.extract_weather_data_destiny manual__2024-06-04T17:11:08.319038+00:00 [queued]>
[2024-06-04T17:11:25.231+0000] {taskinstance.py:2076} INFO - Dependencies all met for dep_context=requeueable deps ti=<TaskInstance: dag_ETL_weather.extract_weather_data_destiny manual__2024-06-04T17:11:08.319038+00:00 [queued]>
[2024-06-04T17:11:25.233+0000] {taskinstance.py:2306} INFO - Starting attempt 1 of 4
[2024-06-04T17:11:25.294+0000] {taskinstance.py:2330} INFO - Executing <Task(SimpleHttpOperator): extract_weather_data_destiny> on 2024-06-04 17:11:08.319038+00:00
[2024-06-04T17:11:25.316+0000] {warnings.py:110} WARNING - /home/***/.local/lib/python3.12/site-packages/***/task/task_runner/standard_task_runner.py:61: DeprecationWarning: This process (pid=304) is multi-threaded, use of fork() may lead to deadlocks in the child.
  pid = os.fork()

[2024-06-04T17:11:25.323+0000] {standard_task_runner.py:63} INFO - Started process 313 to run task
[2024-06-04T17:11:25.326+0000] {standard_task_runner.py:90} INFO - Running: ['***', 'tasks', 'run', 'dag_ETL_weather', 'extract_weather_data_destiny', 'manual__2024-06-04T17:11:08.319038+00:00', '--job-id', '70', '--raw', '--subdir', 'DAGS_FOLDER/dag_ETL_weather.py', '--cfg-path', '/tmp/tmpoqrrl5zi']
[2024-06-04T17:11:25.332+0000] {standard_task_runner.py:91} INFO - Job 70: Subtask extract_weather_data_destiny
[2024-06-04T17:11:25.499+0000] {task_command.py:426} INFO - Running <TaskInstance: dag_ETL_weather.extract_weather_data_destiny manual__2024-06-04T17:11:08.319038+00:00 [running]> on host 6b740a15ab9e
[2024-06-04T17:11:25.877+0000] {taskinstance.py:2648} INFO - Exporting env vars: AIRFLOW_CTX_DAG_OWNER='Matheus' AIRFLOW_CTX_DAG_ID='dag_ETL_weather' AIRFLOW_CTX_TASK_ID='extract_weather_data_destiny' AIRFLOW_CTX_EXECUTION_DATE='2024-06-04T17:11:08.319038+00:00' AIRFLOW_CTX_TRY_NUMBER='1' AIRFLOW_CTX_DAG_RUN_ID='manual__2024-06-04T17:11:08.319038+00:00'
[2024-06-04T17:11:25.882+0000] {taskinstance.py:430} INFO - ::endgroup::
[2024-06-04T17:11:25.884+0000] {http.py:169} INFO - Calling HTTP method
[2024-06-04T17:11:25.909+0000] {base.py:84} INFO - Using connection ID 'weathermap_api' for task execution.
[2024-06-04T17:11:25.935+0000] {base.py:84} INFO - Using connection ID 'weathermap_api' for task execution.
[2024-06-04T17:11:27.019+0000] {http.py:208} INFO - {"coord":{"lon":-43.3194,"lat":-21.8692},"weather":[{"id":800,"main":"Clear","description":"clear sky","icon":"01d"}],"base":"stations","main":{"temp":297.98,"feels_like":297.85,"temp_min":297.98,"temp_max":297.98,"pressure":1021,"humidity":51,"sea_level":1021,"grnd_level":947},"visibility":10000,"wind":{"speed":2.27,"deg":201,"gust":2.37},"clouds":{"all":1},"dt":1717521078,"sys":{"country":"BR","sunrise":1717493171,"sunset":1717532249},"timezone":-10800,"id":3457479,"name":"Matias Barbosa","cod":200}
[2024-06-04T17:11:27.098+0000] {taskinstance.py:441} INFO - ::group::Post task execution logs
[2024-06-04T17:11:27.331+0000] {taskinstance.py:1206} INFO - Marking task as SUCCESS. dag_id=dag_ETL_weather, task_id=extract_weather_data_destiny, run_id=manual__2024-06-04T17:11:08.319038+00:00, execution_date=20240604T171108, start_date=20240604T171125, end_date=20240604T171127
[2024-06-04T17:11:27.522+0000] {local_task_job_runner.py:240} INFO - Task exited with return code 0
[2024-06-04T17:11:27.610+0000] {warnings.py:110} WARNING - /home/***/.local/lib/python3.12/site-packages/***/models/baseoperator.py:1296: AirflowProviderDeprecationWarning: Call to deprecated class SimpleHttpOperator. (Class `SimpleHttpOperator` is deprecated and will be removed in a future release. Please use `HttpOperator` instead.)
  result = cls.__new__(cls)

[2024-06-04T17:11:27.662+0000] {taskinstance.py:3498} INFO - 1 downstream tasks scheduled from follow-on schedule check
[2024-06-04T17:11:27.668+0000] {local_task_job_runner.py:222} INFO - ::endgroup::
