[2024-06-04T19:31:10.218+0000] {local_task_job_runner.py:120} INFO - ::group::Pre task execution logs
[2024-06-04T19:31:10.320+0000] {taskinstance.py:2076} INFO - Dependencies all met for dep_context=non-requeueable deps ti=<TaskInstance: dag_ETL_weather.weather_api_ready_origin manual__2024-06-04T19:31:04.290211+00:00 [queued]>
[2024-06-04T19:31:10.360+0000] {taskinstance.py:2076} INFO - Dependencies all met for dep_context=requeueable deps ti=<TaskInstance: dag_ETL_weather.weather_api_ready_origin manual__2024-06-04T19:31:04.290211+00:00 [queued]>
[2024-06-04T19:31:10.363+0000] {taskinstance.py:2306} INFO - Starting attempt 1 of 4
[2024-06-04T19:31:10.423+0000] {taskinstance.py:2330} INFO - Executing <Task(HttpSensor): weather_api_ready_origin> on 2024-06-04 19:31:04.290211+00:00
[2024-06-04T19:31:10.443+0000] {warnings.py:110} WARNING - /home/***/.local/lib/python3.12/site-packages/***/task/task_runner/standard_task_runner.py:61: DeprecationWarning: This process (pid=77) is multi-threaded, use of fork() may lead to deadlocks in the child.
  pid = os.fork()

[2024-06-04T19:31:10.448+0000] {standard_task_runner.py:63} INFO - Started process 86 to run task
[2024-06-04T19:31:10.451+0000] {standard_task_runner.py:90} INFO - Running: ['***', 'tasks', 'run', 'dag_ETL_weather', 'weather_api_ready_origin', 'manual__2024-06-04T19:31:04.290211+00:00', '--job-id', '148', '--raw', '--subdir', 'DAGS_FOLDER/dag_ETL_weather.py', '--cfg-path', '/tmp/tmpghs62jyz']
[2024-06-04T19:31:10.455+0000] {standard_task_runner.py:91} INFO - Job 148: Subtask weather_api_ready_origin
[2024-06-04T19:31:10.582+0000] {task_command.py:426} INFO - Running <TaskInstance: dag_ETL_weather.weather_api_ready_origin manual__2024-06-04T19:31:04.290211+00:00 [running]> on host 6b740a15ab9e
[2024-06-04T19:31:10.932+0000] {taskinstance.py:2648} INFO - Exporting env vars: AIRFLOW_CTX_DAG_OWNER='Matheus' AIRFLOW_CTX_DAG_ID='dag_ETL_weather' AIRFLOW_CTX_TASK_ID='weather_api_ready_origin' AIRFLOW_CTX_EXECUTION_DATE='2024-06-04T19:31:04.290211+00:00' AIRFLOW_CTX_TRY_NUMBER='1' AIRFLOW_CTX_DAG_RUN_ID='manual__2024-06-04T19:31:04.290211+00:00'
[2024-06-04T19:31:10.937+0000] {taskinstance.py:430} INFO - ::endgroup::
[2024-06-04T19:31:10.939+0000] {baseoperator.py:399} WARNING - HttpSensor.execute cannot be called outside TaskInstance!
[2024-06-04T19:31:10.941+0000] {http.py:137} INFO - Poking: /data/2.5/weather?lat=-21.78&lon=-43.34&APPID=7a02546f64f1b21e9f2a742c236f852b
[2024-06-04T19:31:10.975+0000] {base.py:84} INFO - Using connection ID 'weathermap_api' for task execution.
[2024-06-04T19:31:11.785+0000] {base.py:294} INFO - Success criteria met. Exiting.
[2024-06-04T19:31:11.788+0000] {taskinstance.py:441} INFO - ::group::Post task execution logs
[2024-06-04T19:31:11.833+0000] {taskinstance.py:1206} INFO - Marking task as SUCCESS. dag_id=dag_ETL_weather, task_id=weather_api_ready_origin, run_id=manual__2024-06-04T19:31:04.290211+00:00, execution_date=20240604T193104, start_date=20240604T193110, end_date=20240604T193111
[2024-06-04T19:31:11.916+0000] {local_task_job_runner.py:240} INFO - Task exited with return code 0
[2024-06-04T19:31:11.944+0000] {warnings.py:110} WARNING - /home/***/.local/lib/python3.12/site-packages/***/models/baseoperator.py:1296: AirflowProviderDeprecationWarning: Call to deprecated class SimpleHttpOperator. (Class `SimpleHttpOperator` is deprecated and will be removed in a future release. Please use `HttpOperator` instead.)
  result = cls.__new__(cls)

[2024-06-04T19:31:12.043+0000] {taskinstance.py:3498} INFO - 1 downstream tasks scheduled from follow-on schedule check
[2024-06-04T19:31:12.047+0000] {local_task_job_runner.py:222} INFO - ::endgroup::
