[2024-06-04T16:55:40.272+0000] {local_task_job_runner.py:120} INFO - ::group::Pre task execution logs
[2024-06-04T16:55:40.292+0000] {taskinstance.py:2076} INFO - Dependencies all met for dep_context=non-requeueable deps ti=<TaskInstance: dag_ETL_directions.transform_load_directions_data manual__2024-06-04T16:55:26.285249+00:00 [queued]>
[2024-06-04T16:55:40.302+0000] {taskinstance.py:2076} INFO - Dependencies all met for dep_context=requeueable deps ti=<TaskInstance: dag_ETL_directions.transform_load_directions_data manual__2024-06-04T16:55:26.285249+00:00 [queued]>
[2024-06-04T16:55:40.304+0000] {taskinstance.py:2306} INFO - Starting attempt 1 of 4
[2024-06-04T16:55:40.333+0000] {taskinstance.py:2330} INFO - Executing <Task(PythonOperator): transform_load_directions_data> on 2024-06-04 16:55:26.285249+00:00
[2024-06-04T16:55:40.349+0000] {warnings.py:110} WARNING - /home/***/.local/lib/python3.12/site-packages/***/task/task_runner/standard_task_runner.py:61: DeprecationWarning: This process (pid=75) is multi-threaded, use of fork() may lead to deadlocks in the child.
  pid = os.fork()

[2024-06-04T16:55:40.353+0000] {standard_task_runner.py:63} INFO - Started process 77 to run task
[2024-06-04T16:55:40.354+0000] {standard_task_runner.py:90} INFO - Running: ['***', 'tasks', 'run', 'dag_ETL_directions', 'transform_load_directions_data', 'manual__2024-06-04T16:55:26.285249+00:00', '--job-id', '57', '--raw', '--subdir', 'DAGS_FOLDER/dag_ETL_directions.py', '--cfg-path', '/tmp/tmp4swwll4u']
[2024-06-04T16:55:40.356+0000] {standard_task_runner.py:91} INFO - Job 57: Subtask transform_load_directions_data
[2024-06-04T16:55:40.489+0000] {task_command.py:426} INFO - Running <TaskInstance: dag_ETL_directions.transform_load_directions_data manual__2024-06-04T16:55:26.285249+00:00 [running]> on host 6b740a15ab9e
[2024-06-04T16:55:40.659+0000] {taskinstance.py:2648} INFO - Exporting env vars: AIRFLOW_CTX_DAG_OWNER='Matheus' AIRFLOW_CTX_DAG_ID='dag_ETL_directions' AIRFLOW_CTX_TASK_ID='transform_load_directions_data' AIRFLOW_CTX_EXECUTION_DATE='2024-06-04T16:55:26.285249+00:00' AIRFLOW_CTX_TRY_NUMBER='1' AIRFLOW_CTX_DAG_RUN_ID='manual__2024-06-04T16:55:26.285249+00:00'
[2024-06-04T16:55:40.661+0000] {taskinstance.py:430} INFO - ::endgroup::
[2024-06-04T16:55:40.702+0000] {base.py:84} INFO - Using connection ID 'postgres_conn' for task execution.
[2024-06-04T16:55:40.877+0000] {python.py:237} INFO - Done. Returned value was: None
[2024-06-04T16:55:40.881+0000] {taskinstance.py:441} INFO - ::group::Post task execution logs
[2024-06-04T16:55:40.900+0000] {taskinstance.py:1206} INFO - Marking task as SUCCESS. dag_id=dag_ETL_directions, task_id=transform_load_directions_data, run_id=manual__2024-06-04T16:55:26.285249+00:00, execution_date=20240604T165526, start_date=20240604T165540, end_date=20240604T165540
[2024-06-04T16:55:40.973+0000] {local_task_job_runner.py:240} INFO - Task exited with return code 0
[2024-06-04T16:55:41.045+0000] {taskinstance.py:3498} INFO - 0 downstream tasks scheduled from follow-on schedule check
[2024-06-04T16:55:41.048+0000] {local_task_job_runner.py:222} INFO - ::endgroup::
