[2024-06-04T12:50:45.971+0000] {local_task_job_runner.py:120} INFO - ::group::Pre task execution logs
[2024-06-04T12:50:46.017+0000] {taskinstance.py:2076} INFO - Dependencies all met for dep_context=non-requeueable deps ti=<TaskInstance: dag_ETL_weather.extract_weather_data_destiny manual__2024-06-04T12:49:56.748647+00:00 [queued]>
[2024-06-04T12:50:46.044+0000] {taskinstance.py:2076} INFO - Dependencies all met for dep_context=requeueable deps ti=<TaskInstance: dag_ETL_weather.extract_weather_data_destiny manual__2024-06-04T12:49:56.748647+00:00 [queued]>
[2024-06-04T12:50:46.045+0000] {taskinstance.py:2306} INFO - Starting attempt 1 of 4
[2024-06-04T12:50:46.077+0000] {taskinstance.py:2330} INFO - Executing <Task(SimpleHttpOperator): extract_weather_data_destiny> on 2024-06-04 12:49:56.748647+00:00
[2024-06-04T12:50:46.090+0000] {warnings.py:110} WARNING - /home/***/.local/lib/python3.12/site-packages/***/task/task_runner/standard_task_runner.py:61: DeprecationWarning: This process (pid=188) is multi-threaded, use of fork() may lead to deadlocks in the child.
  pid = os.fork()

[2024-06-04T12:50:46.093+0000] {standard_task_runner.py:63} INFO - Started process 191 to run task
[2024-06-04T12:50:46.093+0000] {standard_task_runner.py:90} INFO - Running: ['***', 'tasks', 'run', 'dag_ETL_weather', 'extract_weather_data_destiny', 'manual__2024-06-04T12:49:56.748647+00:00', '--job-id', '21', '--raw', '--subdir', 'DAGS_FOLDER/dag_ETL_weather.py', '--cfg-path', '/tmp/tmps4qg120f']
[2024-06-04T12:50:46.096+0000] {standard_task_runner.py:91} INFO - Job 21: Subtask extract_weather_data_destiny
[2024-06-04T12:50:46.179+0000] {task_command.py:426} INFO - Running <TaskInstance: dag_ETL_weather.extract_weather_data_destiny manual__2024-06-04T12:49:56.748647+00:00 [running]> on host 6b740a15ab9e
[2024-06-04T12:50:46.315+0000] {taskinstance.py:2648} INFO - Exporting env vars: AIRFLOW_CTX_DAG_OWNER='Matheus' AIRFLOW_CTX_DAG_ID='dag_ETL_weather' AIRFLOW_CTX_TASK_ID='extract_weather_data_destiny' AIRFLOW_CTX_EXECUTION_DATE='2024-06-04T12:49:56.748647+00:00' AIRFLOW_CTX_TRY_NUMBER='1' AIRFLOW_CTX_DAG_RUN_ID='manual__2024-06-04T12:49:56.748647+00:00'
[2024-06-04T12:50:46.318+0000] {taskinstance.py:430} INFO - ::endgroup::
[2024-06-04T12:50:46.319+0000] {http.py:169} INFO - Calling HTTP method
[2024-06-04T12:50:46.333+0000] {base.py:84} INFO - Using connection ID 'weathermap_api' for task execution.
[2024-06-04T12:50:46.345+0000] {base.py:84} INFO - Using connection ID 'weathermap_api' for task execution.
[2024-06-04T12:50:46.846+0000] {http.py:208} INFO - {"coord":{"lon":-43.3194,"lat":-21.8692},"weather":[{"id":800,"main":"Clear","description":"clear sky","icon":"01d"}],"base":"stations","main":{"temp":295.92,"feels_like":296.55,"temp_min":295.92,"temp_max":295.92,"pressure":1024,"humidity":88,"sea_level":1024,"grnd_level":949},"visibility":10000,"wind":{"speed":2.94,"deg":207,"gust":3.97},"clouds":{"all":4},"dt":1717505440,"sys":{"type":2,"id":2020152,"country":"BR","sunrise":1717493171,"sunset":1717532249},"timezone":-10800,"id":3457479,"name":"Matias Barbosa","cod":200}
[2024-06-04T12:50:46.848+0000] {taskinstance.py:441} INFO - ::group::Post task execution logs
[2024-06-04T12:50:46.872+0000] {taskinstance.py:1206} INFO - Marking task as SUCCESS. dag_id=dag_ETL_weather, task_id=extract_weather_data_destiny, run_id=manual__2024-06-04T12:49:56.748647+00:00, execution_date=20240604T124956, start_date=20240604T125046, end_date=20240604T125046
[2024-06-04T12:50:46.914+0000] {local_task_job_runner.py:240} INFO - Task exited with return code 0
[2024-06-04T12:50:46.933+0000] {warnings.py:110} WARNING - /home/***/.local/lib/python3.12/site-packages/***/models/baseoperator.py:1296: AirflowProviderDeprecationWarning: Call to deprecated class SimpleHttpOperator. (Class `SimpleHttpOperator` is deprecated and will be removed in a future release. Please use `HttpOperator` instead.)
  result = cls.__new__(cls)

[2024-06-04T12:50:46.955+0000] {taskinstance.py:3498} INFO - 1 downstream tasks scheduled from follow-on schedule check
[2024-06-04T12:50:46.958+0000] {local_task_job_runner.py:222} INFO - ::endgroup::
