[2024-06-04T18:15:58.791+0000] {local_task_job_runner.py:120} INFO - ::group::Pre task execution logs
[2024-06-04T18:15:58.842+0000] {taskinstance.py:2076} INFO - Dependencies all met for dep_context=non-requeueable deps ti=<TaskInstance: dag_ETL_directions.directions_api_ready manual__2024-06-04T18:15:51.942210+00:00 [queued]>
[2024-06-04T18:15:58.869+0000] {taskinstance.py:2076} INFO - Dependencies all met for dep_context=requeueable deps ti=<TaskInstance: dag_ETL_directions.directions_api_ready manual__2024-06-04T18:15:51.942210+00:00 [queued]>
[2024-06-04T18:15:58.871+0000] {taskinstance.py:2306} INFO - Starting attempt 1 of 4
[2024-06-04T18:15:58.902+0000] {taskinstance.py:2330} INFO - Executing <Task(HttpSensor): directions_api_ready> on 2024-06-04 18:15:51.942210+00:00
[2024-06-04T18:15:58.916+0000] {warnings.py:110} WARNING - /home/***/.local/lib/python3.12/site-packages/***/task/task_runner/standard_task_runner.py:61: DeprecationWarning: This process (pid=229) is multi-threaded, use of fork() may lead to deadlocks in the child.
  pid = os.fork()

[2024-06-04T18:15:58.922+0000] {standard_task_runner.py:63} INFO - Started process 231 to run task
[2024-06-04T18:15:58.921+0000] {standard_task_runner.py:90} INFO - Running: ['***', 'tasks', 'run', 'dag_ETL_directions', 'directions_api_ready', 'manual__2024-06-04T18:15:51.942210+00:00', '--job-id', '91', '--raw', '--subdir', 'DAGS_FOLDER/dag_ETL_directions.py', '--cfg-path', '/tmp/tmpkazusuvy']
[2024-06-04T18:15:58.925+0000] {standard_task_runner.py:91} INFO - Job 91: Subtask directions_api_ready
[2024-06-04T18:15:59.044+0000] {task_command.py:426} INFO - Running <TaskInstance: dag_ETL_directions.directions_api_ready manual__2024-06-04T18:15:51.942210+00:00 [running]> on host 6b740a15ab9e
[2024-06-04T18:15:59.291+0000] {taskinstance.py:2648} INFO - Exporting env vars: AIRFLOW_CTX_DAG_OWNER='Matheus' AIRFLOW_CTX_DAG_ID='dag_ETL_directions' AIRFLOW_CTX_TASK_ID='directions_api_ready' AIRFLOW_CTX_EXECUTION_DATE='2024-06-04T18:15:51.942210+00:00' AIRFLOW_CTX_TRY_NUMBER='1' AIRFLOW_CTX_DAG_RUN_ID='manual__2024-06-04T18:15:51.942210+00:00'
[2024-06-04T18:15:59.295+0000] {taskinstance.py:430} INFO - ::endgroup::
[2024-06-04T18:15:59.296+0000] {baseoperator.py:399} WARNING - HttpSensor.execute cannot be called outside TaskInstance!
[2024-06-04T18:15:59.298+0000] {http.py:137} INFO - Poking: /maps/api/directions/json?destination=Belo-Horizonte&origin=Juiz-de-fora&key=AIzaSyCRlfIDXyWr4l29C6pJJIhkxXGS44vI0qw
[2024-06-04T18:15:59.322+0000] {base.py:84} INFO - Using connection ID 'directions_api' for task execution.
[2024-06-04T18:15:59.980+0000] {base.py:294} INFO - Success criteria met. Exiting.
[2024-06-04T18:15:59.982+0000] {taskinstance.py:441} INFO - ::group::Post task execution logs
[2024-06-04T18:15:59.996+0000] {taskinstance.py:1206} INFO - Marking task as SUCCESS. dag_id=dag_ETL_directions, task_id=directions_api_ready, run_id=manual__2024-06-04T18:15:51.942210+00:00, execution_date=20240604T181551, start_date=20240604T181558, end_date=20240604T181559
[2024-06-04T18:16:00.025+0000] {local_task_job_runner.py:240} INFO - Task exited with return code 0
[2024-06-04T18:16:00.041+0000] {warnings.py:110} WARNING - /home/***/.local/lib/python3.12/site-packages/***/models/baseoperator.py:1296: AirflowProviderDeprecationWarning: Call to deprecated class SimpleHttpOperator. (Class `SimpleHttpOperator` is deprecated and will be removed in a future release. Please use `HttpOperator` instead.)
  result = cls.__new__(cls)

[2024-06-04T18:16:00.069+0000] {taskinstance.py:3498} INFO - 1 downstream tasks scheduled from follow-on schedule check
[2024-06-04T18:16:00.072+0000] {local_task_job_runner.py:222} INFO - ::endgroup::
