[2024-06-04T19:46:48.985+0000] {local_task_job_runner.py:120} INFO - ::group::Pre task execution logs
[2024-06-04T19:46:49.016+0000] {taskinstance.py:2076} INFO - Dependencies all met for dep_context=non-requeueable deps ti=<TaskInstance: dag_ETL_directions.transform_load_directions_data manual__2024-06-04T19:46:12.970847+00:00 [queued]>
[2024-06-04T19:46:49.033+0000] {taskinstance.py:2076} INFO - Dependencies all met for dep_context=requeueable deps ti=<TaskInstance: dag_ETL_directions.transform_load_directions_data manual__2024-06-04T19:46:12.970847+00:00 [queued]>
[2024-06-04T19:46:49.034+0000] {taskinstance.py:2306} INFO - Starting attempt 1 of 4
[2024-06-04T19:46:49.061+0000] {taskinstance.py:2330} INFO - Executing <Task(PythonOperator): transform_load_directions_data> on 2024-06-04 19:46:12.970847+00:00
[2024-06-04T19:46:49.076+0000] {warnings.py:110} WARNING - /home/***/.local/lib/python3.12/site-packages/***/task/task_runner/standard_task_runner.py:61: DeprecationWarning: This process (pid=333) is multi-threaded, use of fork() may lead to deadlocks in the child.
  pid = os.fork()

[2024-06-04T19:46:49.080+0000] {standard_task_runner.py:63} INFO - Started process 335 to run task
[2024-06-04T19:46:49.081+0000] {standard_task_runner.py:90} INFO - Running: ['***', 'tasks', 'run', 'dag_ETL_directions', 'transform_load_directions_data', 'manual__2024-06-04T19:46:12.970847+00:00', '--job-id', '168', '--raw', '--subdir', 'DAGS_FOLDER/dag_ETL_directions.py', '--cfg-path', '/tmp/tmphjsp42us']
[2024-06-04T19:46:49.083+0000] {standard_task_runner.py:91} INFO - Job 168: Subtask transform_load_directions_data
[2024-06-04T19:46:49.165+0000] {task_command.py:426} INFO - Running <TaskInstance: dag_ETL_directions.transform_load_directions_data manual__2024-06-04T19:46:12.970847+00:00 [running]> on host 6b740a15ab9e
[2024-06-04T19:46:49.317+0000] {taskinstance.py:2648} INFO - Exporting env vars: AIRFLOW_CTX_DAG_OWNER='Matheus' AIRFLOW_CTX_DAG_ID='dag_ETL_directions' AIRFLOW_CTX_TASK_ID='transform_load_directions_data' AIRFLOW_CTX_EXECUTION_DATE='2024-06-04T19:46:12.970847+00:00' AIRFLOW_CTX_TRY_NUMBER='1' AIRFLOW_CTX_DAG_RUN_ID='manual__2024-06-04T19:46:12.970847+00:00'
[2024-06-04T19:46:49.320+0000] {taskinstance.py:430} INFO - ::endgroup::
[2024-06-04T19:46:49.372+0000] {base.py:84} INFO - Using connection ID 'postgres_conn' for task execution.
[2024-06-04T19:46:49.544+0000] {python.py:237} INFO - Done. Returned value was: None
[2024-06-04T19:46:49.547+0000] {taskinstance.py:441} INFO - ::group::Post task execution logs
[2024-06-04T19:46:49.563+0000] {taskinstance.py:1206} INFO - Marking task as SUCCESS. dag_id=dag_ETL_directions, task_id=transform_load_directions_data, run_id=manual__2024-06-04T19:46:12.970847+00:00, execution_date=20240604T194612, start_date=20240604T194649, end_date=20240604T194649
[2024-06-04T19:46:49.617+0000] {local_task_job_runner.py:240} INFO - Task exited with return code 0
[2024-06-04T19:46:49.647+0000] {taskinstance.py:3498} INFO - 0 downstream tasks scheduled from follow-on schedule check
[2024-06-04T19:46:49.649+0000] {local_task_job_runner.py:222} INFO - ::endgroup::
