[2024-06-04T13:06:02.326+0000] {local_task_job_runner.py:120} INFO - ::group::Pre task execution logs
[2024-06-04T13:06:02.363+0000] {taskinstance.py:2076} INFO - Dependencies all met for dep_context=non-requeueable deps ti=<TaskInstance: dag_ETL_directions.directions_api_ready manual__2024-06-04T13:05:57.803975+00:00 [queued]>
[2024-06-04T13:06:02.384+0000] {taskinstance.py:2076} INFO - Dependencies all met for dep_context=requeueable deps ti=<TaskInstance: dag_ETL_directions.directions_api_ready manual__2024-06-04T13:05:57.803975+00:00 [queued]>
[2024-06-04T13:06:02.387+0000] {taskinstance.py:2306} INFO - Starting attempt 1 of 4
[2024-06-04T13:06:02.419+0000] {taskinstance.py:2330} INFO - Executing <Task(HttpSensor): directions_api_ready> on 2024-06-04 13:05:57.803975+00:00
[2024-06-04T13:06:02.430+0000] {warnings.py:110} WARNING - /home/***/.local/lib/python3.12/site-packages/***/task/task_runner/standard_task_runner.py:61: DeprecationWarning: This process (pid=402) is multi-threaded, use of fork() may lead to deadlocks in the child.
  pid = os.fork()

[2024-06-04T13:06:02.433+0000] {standard_task_runner.py:63} INFO - Started process 406 to run task
[2024-06-04T13:06:02.434+0000] {standard_task_runner.py:90} INFO - Running: ['***', 'tasks', 'run', 'dag_ETL_directions', 'directions_api_ready', 'manual__2024-06-04T13:05:57.803975+00:00', '--job-id', '37', '--raw', '--subdir', 'DAGS_FOLDER/dag_ETL_directions.py', '--cfg-path', '/tmp/tmpau9p52_2']
[2024-06-04T13:06:02.438+0000] {standard_task_runner.py:91} INFO - Job 37: Subtask directions_api_ready
[2024-06-04T13:06:02.532+0000] {task_command.py:426} INFO - Running <TaskInstance: dag_ETL_directions.directions_api_ready manual__2024-06-04T13:05:57.803975+00:00 [running]> on host 6b740a15ab9e
[2024-06-04T13:06:02.678+0000] {taskinstance.py:2648} INFO - Exporting env vars: AIRFLOW_CTX_DAG_OWNER='Matheus' AIRFLOW_CTX_DAG_ID='dag_ETL_directions' AIRFLOW_CTX_TASK_ID='directions_api_ready' AIRFLOW_CTX_EXECUTION_DATE='2024-06-04T13:05:57.803975+00:00' AIRFLOW_CTX_TRY_NUMBER='1' AIRFLOW_CTX_DAG_RUN_ID='manual__2024-06-04T13:05:57.803975+00:00'
[2024-06-04T13:06:02.680+0000] {taskinstance.py:430} INFO - ::endgroup::
[2024-06-04T13:06:02.682+0000] {baseoperator.py:399} WARNING - HttpSensor.execute cannot be called outside TaskInstance!
[2024-06-04T13:06:02.684+0000] {http.py:137} INFO - Poking: /maps/api/directions/json?destination=Matias-Barbosa&origin=Juiz-de-fora&key=AIzaSyCRlfIDXyWr4l29C6pJJIhkxXGS44vI0qw
[2024-06-04T13:06:02.697+0000] {base.py:84} INFO - Using connection ID 'directions_api' for task execution.
[2024-06-04T13:06:03.425+0000] {base.py:294} INFO - Success criteria met. Exiting.
[2024-06-04T13:06:03.431+0000] {taskinstance.py:441} INFO - ::group::Post task execution logs
[2024-06-04T13:06:03.486+0000] {taskinstance.py:1206} INFO - Marking task as SUCCESS. dag_id=dag_ETL_directions, task_id=directions_api_ready, run_id=manual__2024-06-04T13:05:57.803975+00:00, execution_date=20240604T130557, start_date=20240604T130602, end_date=20240604T130603
[2024-06-04T13:06:03.576+0000] {local_task_job_runner.py:240} INFO - Task exited with return code 0
[2024-06-04T13:06:03.598+0000] {warnings.py:110} WARNING - /home/***/.local/lib/python3.12/site-packages/***/models/baseoperator.py:1296: AirflowProviderDeprecationWarning: Call to deprecated class SimpleHttpOperator. (Class `SimpleHttpOperator` is deprecated and will be removed in a future release. Please use `HttpOperator` instead.)
  result = cls.__new__(cls)

[2024-06-04T13:06:03.656+0000] {taskinstance.py:3498} INFO - 1 downstream tasks scheduled from follow-on schedule check
[2024-06-04T13:06:03.660+0000] {local_task_job_runner.py:222} INFO - ::endgroup::
