[2024-06-04T12:37:39.806+0000] {local_task_job_runner.py:120} INFO - ::group::Pre task execution logs
[2024-06-04T12:37:39.928+0000] {taskinstance.py:2066} INFO - Dependencies not met for <TaskInstance: dag_ETL_weather.extract_weather_data_origin scheduled__2024-05-24T00:00:00+00:00 [skipped]>, dependency 'Task Instance State' FAILED: Task is in the 'skipped' state.
[2024-06-04T12:37:39.945+0000] {local_task_job_runner.py:163} INFO - Task is not able to be run
[2024-06-04T12:50:35.678+0000] {local_task_job_runner.py:120} INFO - ::group::Pre task execution logs
[2024-06-04T12:50:35.732+0000] {taskinstance.py:2076} INFO - Dependencies all met for dep_context=non-requeueable deps ti=<TaskInstance: dag_ETL_weather.extract_weather_data_origin scheduled__2024-05-24T00:00:00+00:00 [queued]>
[2024-06-04T12:50:35.757+0000] {taskinstance.py:2076} INFO - Dependencies all met for dep_context=requeueable deps ti=<TaskInstance: dag_ETL_weather.extract_weather_data_origin scheduled__2024-05-24T00:00:00+00:00 [queued]>
[2024-06-04T12:50:35.759+0000] {taskinstance.py:2306} INFO - Starting attempt 1 of 4
[2024-06-04T12:50:35.795+0000] {taskinstance.py:2330} INFO - Executing <Task(SimpleHttpOperator): extract_weather_data_origin> on 2024-05-24 00:00:00+00:00
[2024-06-04T12:50:35.814+0000] {warnings.py:110} WARNING - /home/***/.local/lib/python3.12/site-packages/***/task/task_runner/standard_task_runner.py:61: DeprecationWarning: This process (pid=176) is multi-threaded, use of fork() may lead to deadlocks in the child.
  pid = os.fork()

[2024-06-04T12:50:35.820+0000] {standard_task_runner.py:63} INFO - Started process 179 to run task
[2024-06-04T12:50:35.820+0000] {standard_task_runner.py:90} INFO - Running: ['***', 'tasks', 'run', 'dag_ETL_weather', 'extract_weather_data_origin', 'scheduled__2024-05-24T00:00:00+00:00', '--job-id', '17', '--raw', '--subdir', 'DAGS_FOLDER/dag_ETL_weather.py', '--cfg-path', '/tmp/tmp14h5l1ix']
[2024-06-04T12:50:35.823+0000] {standard_task_runner.py:91} INFO - Job 17: Subtask extract_weather_data_origin
[2024-06-04T12:50:35.935+0000] {task_command.py:426} INFO - Running <TaskInstance: dag_ETL_weather.extract_weather_data_origin scheduled__2024-05-24T00:00:00+00:00 [running]> on host 6b740a15ab9e
[2024-06-04T12:50:36.144+0000] {taskinstance.py:2648} INFO - Exporting env vars: AIRFLOW_CTX_DAG_OWNER='Matheus' AIRFLOW_CTX_DAG_ID='dag_ETL_weather' AIRFLOW_CTX_TASK_ID='extract_weather_data_origin' AIRFLOW_CTX_EXECUTION_DATE='2024-05-24T00:00:00+00:00' AIRFLOW_CTX_TRY_NUMBER='1' AIRFLOW_CTX_DAG_RUN_ID='scheduled__2024-05-24T00:00:00+00:00'
[2024-06-04T12:50:36.148+0000] {taskinstance.py:430} INFO - ::endgroup::
[2024-06-04T12:50:36.149+0000] {http.py:169} INFO - Calling HTTP method
[2024-06-04T12:50:36.169+0000] {base.py:84} INFO - Using connection ID 'weathermap_api' for task execution.
[2024-06-04T12:50:36.190+0000] {base.py:84} INFO - Using connection ID 'weathermap_api' for task execution.
[2024-06-04T12:50:36.740+0000] {http.py:208} INFO - {"coord":{"lon":-43.34,"lat":-21.78},"weather":[{"id":800,"main":"Clear","description":"clear sky","icon":"01d"}],"base":"stations","main":{"temp":293.65,"feels_like":294.08,"temp_min":293.65,"temp_max":293.65,"pressure":945,"humidity":89},"visibility":10000,"wind":{"speed":2.95,"deg":196,"gust":3.8},"clouds":{"all":5},"dt":1717505269,"sys":{"type":2,"id":2020152,"country":"BR","sunrise":1717493166,"sunset":1717532264},"timezone":-10800,"id":3459505,"name":"Juiz de Fora","cod":200}
[2024-06-04T12:50:36.744+0000] {taskinstance.py:441} INFO - ::group::Post task execution logs
[2024-06-04T12:50:36.793+0000] {taskinstance.py:1206} INFO - Marking task as SUCCESS. dag_id=dag_ETL_weather, task_id=extract_weather_data_origin, run_id=scheduled__2024-05-24T00:00:00+00:00, execution_date=20240524T000000, start_date=20240604T125035, end_date=20240604T125036
[2024-06-04T12:50:36.843+0000] {local_task_job_runner.py:240} INFO - Task exited with return code 0
[2024-06-04T12:50:36.868+0000] {warnings.py:110} WARNING - /home/***/.local/lib/python3.12/site-packages/***/models/baseoperator.py:1296: AirflowProviderDeprecationWarning: Call to deprecated class SimpleHttpOperator. (Class `SimpleHttpOperator` is deprecated and will be removed in a future release. Please use `HttpOperator` instead.)
  result = cls.__new__(cls)

[2024-06-04T12:50:36.913+0000] {taskinstance.py:3498} INFO - 1 downstream tasks scheduled from follow-on schedule check
[2024-06-04T12:50:36.918+0000] {local_task_job_runner.py:222} INFO - ::endgroup::
