[2024-06-04T17:06:23.165+0000] {local_task_job_runner.py:120} INFO - ::group::Pre task execution logs
[2024-06-04T17:06:23.200+0000] {taskinstance.py:2076} INFO - Dependencies all met for dep_context=non-requeueable deps ti=<TaskInstance: dag_ETL_directions.directions_api_ready manual__2024-06-04T17:06:19.291331+00:00 [queued]>
[2024-06-04T17:06:23.217+0000] {taskinstance.py:2076} INFO - Dependencies all met for dep_context=requeueable deps ti=<TaskInstance: dag_ETL_directions.directions_api_ready manual__2024-06-04T17:06:19.291331+00:00 [queued]>
[2024-06-04T17:06:23.219+0000] {taskinstance.py:2306} INFO - Starting attempt 1 of 4
[2024-06-04T17:06:23.239+0000] {taskinstance.py:2330} INFO - Executing <Task(HttpSensor): directions_api_ready> on 2024-06-04 17:06:19.291331+00:00
[2024-06-04T17:06:23.249+0000] {warnings.py:110} WARNING - /home/***/.local/lib/python3.12/site-packages/***/task/task_runner/standard_task_runner.py:61: DeprecationWarning: This process (pid=229) is multi-threaded, use of fork() may lead to deadlocks in the child.
  pid = os.fork()

[2024-06-04T17:06:23.252+0000] {standard_task_runner.py:63} INFO - Started process 231 to run task
[2024-06-04T17:06:23.253+0000] {standard_task_runner.py:90} INFO - Running: ['***', 'tasks', 'run', 'dag_ETL_directions', 'directions_api_ready', 'manual__2024-06-04T17:06:19.291331+00:00', '--job-id', '64', '--raw', '--subdir', 'DAGS_FOLDER/dag_ETL_directions.py', '--cfg-path', '/tmp/tmp8hij9abq']
[2024-06-04T17:06:23.255+0000] {standard_task_runner.py:91} INFO - Job 64: Subtask directions_api_ready
[2024-06-04T17:06:23.339+0000] {task_command.py:426} INFO - Running <TaskInstance: dag_ETL_directions.directions_api_ready manual__2024-06-04T17:06:19.291331+00:00 [running]> on host 6b740a15ab9e
[2024-06-04T17:06:23.488+0000] {taskinstance.py:2648} INFO - Exporting env vars: AIRFLOW_CTX_DAG_OWNER='Matheus' AIRFLOW_CTX_DAG_ID='dag_ETL_directions' AIRFLOW_CTX_TASK_ID='directions_api_ready' AIRFLOW_CTX_EXECUTION_DATE='2024-06-04T17:06:19.291331+00:00' AIRFLOW_CTX_TRY_NUMBER='1' AIRFLOW_CTX_DAG_RUN_ID='manual__2024-06-04T17:06:19.291331+00:00'
[2024-06-04T17:06:23.490+0000] {taskinstance.py:430} INFO - ::endgroup::
[2024-06-04T17:06:23.491+0000] {baseoperator.py:399} WARNING - HttpSensor.execute cannot be called outside TaskInstance!
[2024-06-04T17:06:23.492+0000] {http.py:137} INFO - Poking: /maps/api/directions/json?destination=Matias-Barbosa&origin=Juiz-de-fora&key=AIzaSyCRlfIDXyWr4l29C6pJJIhkxXGS44vI0qw
[2024-06-04T17:06:23.511+0000] {base.py:84} INFO - Using connection ID 'directions_api' for task execution.
[2024-06-04T17:06:23.905+0000] {base.py:294} INFO - Success criteria met. Exiting.
[2024-06-04T17:06:23.907+0000] {taskinstance.py:441} INFO - ::group::Post task execution logs
[2024-06-04T17:06:23.934+0000] {taskinstance.py:1206} INFO - Marking task as SUCCESS. dag_id=dag_ETL_directions, task_id=directions_api_ready, run_id=manual__2024-06-04T17:06:19.291331+00:00, execution_date=20240604T170619, start_date=20240604T170623, end_date=20240604T170623
[2024-06-04T17:06:24.032+0000] {local_task_job_runner.py:240} INFO - Task exited with return code 0
[2024-06-04T17:06:24.058+0000] {warnings.py:110} WARNING - /home/***/.local/lib/python3.12/site-packages/***/models/baseoperator.py:1296: AirflowProviderDeprecationWarning: Call to deprecated class SimpleHttpOperator. (Class `SimpleHttpOperator` is deprecated and will be removed in a future release. Please use `HttpOperator` instead.)
  result = cls.__new__(cls)

[2024-06-04T17:06:24.112+0000] {taskinstance.py:3498} INFO - 1 downstream tasks scheduled from follow-on schedule check
[2024-06-04T17:06:24.116+0000] {local_task_job_runner.py:222} INFO - ::endgroup::
